=== mer. 21 janv. 2026 05:49:38 CET steps=20000 batch=33 seed=1768937136 ===
[pilot] base k_table top pairs:
  k_base=18 permA=0 permB=0
  k_base=12 permA=29 permB=0
  k_base=12 permA=22 permB=0
  k_base=12 permA=13 permB=0
  k_base=12 permA=6 permB=0
[pilot] A multisets raw=792 (expected=792) enum_mode=multiset cayley_unique=26 perms=30 -> total scored = 780
[pilot] B multisets raw=792 (expected=792) enum_mode=multiset cayley_unique=26 perms=30 -> total scored = 780
[pilot] A frontier kept 128 candidates with points: (4,20), (0,49)
[pilot] B frontier kept 128 candidates with points: (4,20), (0,49)
[pilot] C2xC2xC2 n=288 d0=17 A_sets=26*30 -> keep 128; B_sets=26*30 -> keep 128
[pilot] TARGET_REJECT d_ub=12 target=16 id=C2xC2xC2_c00027
[pilot] MEAS n=288 k=8 dx_ub=16 dz_ub=16 d_ub=16 steps=20000 id=C2xC2xC2_c00062
[pilot] TARGET_REJECT d_ub=14 target=16 id=C2xC2xC2_c00072
[pilot] MEAS n=288 k=4 dx_ub=17 dz_ub=16 d_ub=16 steps=20000 id=C2xC2xC2_c00138
[pilot] MEAS n=288 k=4 dx_ub=20 dz_ub=16 d_ub=16 steps=20000 id=C2xC2xC2_c00213
[pilot] TARGET_REJECT d_ub=12 target=16 id=C2xC2xC2_c00218
[pilot] MEAS n=288 k=4 dx_ub=19 dz_ub=20 d_ub=19 steps=20000 id=C2xC2xC2_c00247
[saved] id=C2xC2xC2_c00247 -> results/c2xc2xc2_d16_20260121_054938/promising/C2xC2xC2_c00247 (reason: d>=sqrt(n))
[pilot] TARGET_REJECT d_ub=6 target=16 id=C2xC2xC2_c00270
[pilot] TARGET_REJECT d_ub=14 target=16 id=C2xC2xC2_c00336
[pilot] TARGET_REJECT d_ub=15 target=16 id=C2xC2xC2_c00348
[pilot] MEAS n=288 k=4 dx_ub=16 dz_ub=16 d_ub=16 steps=20000 id=C2xC2xC2_c00395
[pilot] MEAS n=288 k=4 dx_ub=20 dz_ub=20 d_ub=20 steps=20000 id=C2xC2xC2_c00411
[saved] id=C2xC2xC2_c00411 -> results/c2xc2xc2_d16_20260121_054938/promising/C2xC2xC2_c00411 (reason: d>=sqrt(n))
[pilot] MEAS n=288 k=4 dx_ub=16 dz_ub=16 d_ub=16 steps=20000 id=C2xC2xC2_c00444
[pilot] TARGET_REJECT d_ub=15 target=16 id=C2xC2xC2_c00449
[pilot] TARGET_REJECT d_ub=12 target=16 id=C2xC2xC2_c00473
[pilot] MEAS n=288 k=4 dx_ub=19 dz_ub=20 d_ub=19 steps=20000 id=C2xC2xC2_c00484
[saved] id=C2xC2xC2_c00484 -> results/c2xc2xc2_d16_20260121_054938/promising/C2xC2xC2_c00484 (reason: d>=sqrt(n))
[pilot] MEAS n=288 k=4 dx_ub=17 dz_ub=16 d_ub=16 steps=20000 id=C2xC2xC2_c00486
[best_by_k] group=C2xC2xC2 n=288
k  | d_ub | steps | dx_ub | dz_ub | id
 4 |   20 | 20000 |    20 |    20 | C2xC2xC2_c00411
 8 |   16 | 20000 |    16 |    16 | C2xC2xC2_c00062
[coverage] group=C2xC2xC2 A_sel=128 B_sel=128 Q_meas=17 ratio_ge_sqrt=0.000 ratio_sel=0.001
[coverage] run summary:
[coverage] group=C2xC2xC2 A_sel=128 B_sel=128 Q_meas=17 ratio_ge_sqrt=0.000 ratio_sel=0.001
[summary] best-by-k (measured; includes rejects):
  k=4 best_d_ub=20 count_measured=8 example_id=C2xC2xC2_c00411
  k=8 best_d_ub=16 count_measured=9 example_id=C2xC2xC2_c00062
[summary] best-by-k (survivors; target=16):
  k=4 best_d_ub=20 count_survivors=8 example_id=C2xC2xC2_c00411
  k=8 best_d_ub=16 count_survivors=1 example_id=C2xC2xC2_c00062
[pilot] top results:
  01 group=C2xC2xC2 n=288 k=4 d_ub=20 permA=27 permB=20 saved=True
  02 group=C2xC2xC2 n=288 k=4 d_ub=19 permA=8 permB=12 saved=True
  03 group=C2xC2xC2 n=288 k=4 d_ub=19 permA=8 permB=8 saved=True
  04 group=C2xC2xC2 n=288 k=8 d_ub=16 permA=11 permB=20 saved=False
  05 group=C2xC2xC2 n=288 k=4 d_ub=16 permA=12 permB=11 saved=False
  06 group=C2xC2xC2 n=288 k=4 d_ub=16 permA=8 permB=8 saved=False
  07 group=C2xC2xC2 n=288 k=4 d_ub=16 permA=20 permB=8 saved=False
  08 group=C2xC2xC2 n=288 k=4 d_ub=16 permA=27 permB=20 saved=False
  09 group=C2xC2xC2 n=288 k=4 d_ub=16 permA=8 permB=20 saved=False

