=== mar. 20 janv. 2026 14:53:53 CET steps=5000 batch=5 seed=1768922108 ===
[pilot] base k_table top pairs:
  k_base=18 permA=0 permB=0
  k_base=12 permA=29 permB=0
  k_base=12 permA=22 permB=0
  k_base=12 permA=13 permB=0
  k_base=12 permA=6 permB=0
[pilot] A multisets raw=792 (expected=792) enum_mode=multiset cayley_unique=26 perms=30 -> total scored = 780
[pilot] B multisets raw=792 (expected=792) enum_mode=multiset cayley_unique=26 perms=30 -> total scored = 780
[pilot] A frontier kept 128 candidates with points: (4,20), (0,49)
[pilot] B frontier kept 128 candidates with points: (4,20), (0,49)
[pilot] C2xC2xC2 n=288 d0=17 A_sets=26*30 -> keep 128; B_sets=26*30 -> keep 128
[pilot] MEAS n=288 k=8 dx_ub=16 dz_ub=17 d_ub=16 steps=5000 id=C2xC2xC2_c00009
[pilot] MEAS n=288 k=4 dx_ub=20 dz_ub=20 d_ub=20 steps=5000 id=C2xC2xC2_c00061
[saved] id=C2xC2xC2_c00061 -> results/c2xc2xc2_d16_20260120_145353/promising/C2xC2xC2_c00061 (reason: d>=sqrt(n))
[pilot] MEAS n=288 k=4 dx_ub=16 dz_ub=20 d_ub=16 steps=5000 id=C2xC2xC2_c00079
[pilot] TARGET_REJECT d_ub=12 target=16 id=C2xC2xC2_c00096
[pilot] MEAS n=288 k=4 dx_ub=18 dz_ub=16 d_ub=16 steps=5000 id=C2xC2xC2_c00122
[pilot] MEAS n=288 k=4 dx_ub=20 dz_ub=20 d_ub=20 steps=5000 id=C2xC2xC2_c00130
[saved] id=C2xC2xC2_c00130 -> results/c2xc2xc2_d16_20260120_145353/promising/C2xC2xC2_c00130 (reason: d>=sqrt(n))
[pilot] TARGET_REJECT d_ub=14 target=16 id=C2xC2xC2_c00147
[pilot] MEAS n=288 k=8 dx_ub=17 dz_ub=16 d_ub=16 steps=5000 id=C2xC2xC2_c00200
[pilot] MEAS n=288 k=8 dx_ub=17 dz_ub=16 d_ub=16 steps=5000 id=C2xC2xC2_c00204
[pilot] MEAS n=288 k=4 dx_ub=20 dz_ub=19 d_ub=19 steps=5000 id=C2xC2xC2_c00241
[saved] id=C2xC2xC2_c00241 -> results/c2xc2xc2_d16_20260120_145353/promising/C2xC2xC2_c00241 (reason: d>=sqrt(n))
[pilot] MEAS n=288 k=4 dx_ub=23 dz_ub=20 d_ub=20 steps=5000 id=C2xC2xC2_c00264
[saved] id=C2xC2xC2_c00264 -> results/c2xc2xc2_d16_20260120_145353/promising/C2xC2xC2_c00264 (reason: d>=sqrt(n))
[pilot] MEAS n=288 k=4 dx_ub=20 dz_ub=16 d_ub=16 steps=5000 id=C2xC2xC2_c00283
[pilot] MEAS n=288 k=4 dx_ub=16 dz_ub=17 d_ub=16 steps=5000 id=C2xC2xC2_c00335
[pilot] MEAS n=288 k=4 dx_ub=16 dz_ub=16 d_ub=16 steps=5000 id=C2xC2xC2_c00356
[pilot] TARGET_REJECT d_ub=12 target=16 id=C2xC2xC2_c00362
[pilot] MEAS n=288 k=4 dx_ub=17 dz_ub=16 d_ub=16 steps=5000 id=C2xC2xC2_c00410
[pilot] MEAS n=288 k=4 dx_ub=20 dz_ub=19 d_ub=19 steps=5000 id=C2xC2xC2_c00413
[saved] id=C2xC2xC2_c00413 -> results/c2xc2xc2_d16_20260120_145353/promising/C2xC2xC2_c00413 (reason: d>=sqrt(n))
[pilot] MEAS n=288 k=4 dx_ub=20 dz_ub=20 d_ub=20 steps=5000 id=C2xC2xC2_c00436
[saved] id=C2xC2xC2_c00436 -> results/c2xc2xc2_d16_20260120_145353/promising/C2xC2xC2_c00436 (reason: d>=sqrt(n))
[pilot] MEAS n=288 k=4 dx_ub=18 dz_ub=17 d_ub=17 steps=5000 id=C2xC2xC2_c00446
[saved] id=C2xC2xC2_c00446 -> results/c2xc2xc2_d16_20260120_145353/promising/C2xC2xC2_c00446 (reason: d>=sqrt(n))
[pilot] MEAS n=288 k=4 dx_ub=16 dz_ub=17 d_ub=16 steps=5000 id=C2xC2xC2_c00455
[pilot] MEAS n=288 k=4 dx_ub=20 dz_ub=16 d_ub=16 steps=5000 id=C2xC2xC2_c00457
[pilot] TARGET_REJECT d_ub=12 target=16 id=C2xC2xC2_c00485
[pilot] MEAS n=288 k=4 dx_ub=19 dz_ub=22 d_ub=19 steps=5000 id=C2xC2xC2_c00493
[saved] id=C2xC2xC2_c00493 -> results/c2xc2xc2_d16_20260120_145353/promising/C2xC2xC2_c00493 (reason: d>=sqrt(n))
[best_by_k] group=C2xC2xC2 n=288
k  | d_ub | steps | dx_ub | dz_ub | id
 4 |   20 |  5000 |    20 |    20 | C2xC2xC2_c00061
 8 |   16 |  5000 |    16 |    17 | C2xC2xC2_c00009
[coverage] group=C2xC2xC2 A_sel=128 B_sel=128 Q_meas=23 ratio_ge_sqrt=0.000 ratio_sel=0.001
[coverage] run summary:
[coverage] group=C2xC2xC2 A_sel=128 B_sel=128 Q_meas=23 ratio_ge_sqrt=0.000 ratio_sel=0.001
[summary] best-by-k (measured; includes rejects):
  k=4 best_d_ub=20 count_measured=18 example_id=C2xC2xC2_c00061
  k=8 best_d_ub=16 count_measured=5 example_id=C2xC2xC2_c00009
[summary] best-by-k (survivors; target=16):
  k=4 best_d_ub=20 count_survivors=16 example_id=C2xC2xC2_c00061
  k=8 best_d_ub=16 count_survivors=3 example_id=C2xC2xC2_c00009
[pilot] top results:
  01 group=C2xC2xC2 n=288 k=4 d_ub=20 permA=20 permB=27 saved=True
  02 group=C2xC2xC2 n=288 k=4 d_ub=20 permA=27 permB=11 saved=True
  03 group=C2xC2xC2 n=288 k=4 d_ub=20 permA=11 permB=27 saved=True
  04 group=C2xC2xC2 n=288 k=4 d_ub=20 permA=20 permB=11 saved=True
  05 group=C2xC2xC2 n=288 k=4 d_ub=19 permA=27 permB=27 saved=True
  06 group=C2xC2xC2 n=288 k=4 d_ub=19 permA=11 permB=8 saved=True
  07 group=C2xC2xC2 n=288 k=4 d_ub=19 permA=27 permB=11 saved=True
  08 group=C2xC2xC2 n=288 k=4 d_ub=17 permA=11 permB=11 saved=True
  09 group=C2xC2xC2 n=288 k=8 d_ub=16 permA=20 permB=11 saved=False
  10 group=C2xC2xC2 n=288 k=8 d_ub=16 permA=7 permB=11 saved=False

