=== mer. 21 janv. 2026 02:09:18 CET steps=20000 batch=24 seed=1768937127 ===
[pilot] base k_table top pairs:
  k_base=18 permA=0 permB=0
  k_base=12 permA=29 permB=0
  k_base=12 permA=22 permB=0
  k_base=12 permA=13 permB=0
  k_base=12 permA=6 permB=0
[pilot] A multisets raw=792 (expected=792) enum_mode=multiset cayley_unique=26 perms=30 -> total scored = 780
[pilot] B multisets raw=792 (expected=792) enum_mode=multiset cayley_unique=26 perms=30 -> total scored = 780
[pilot] A frontier kept 128 candidates with points: (4,20), (0,49)
[pilot] B frontier kept 128 candidates with points: (4,20), (0,49)
[pilot] C2xC2xC2 n=288 d0=17 A_sets=26*30 -> keep 128; B_sets=26*30 -> keep 128
[pilot] TARGET_REJECT d_ub=15 target=16 id=C2xC2xC2_c00039
[pilot] MEAS n=288 k=4 dx_ub=20 dz_ub=20 d_ub=20 steps=20000 id=C2xC2xC2_c00061
[saved] id=C2xC2xC2_c00061 -> results/c2xc2xc2_d16_20260121_020918/promising/C2xC2xC2_c00061 (reason: d>=sqrt(n))
[pilot] MEAS n=288 k=4 dx_ub=19 dz_ub=20 d_ub=19 steps=20000 id=C2xC2xC2_c00080
[saved] id=C2xC2xC2_c00080 -> results/c2xc2xc2_d16_20260121_020918/promising/C2xC2xC2_c00080 (reason: d>=sqrt(n))
[pilot] TARGET_REJECT d_ub=12 target=16 id=C2xC2xC2_c00082
[pilot] MEAS n=288 k=4 dx_ub=18 dz_ub=16 d_ub=16 steps=20000 id=C2xC2xC2_c00090
[pilot] MEAS n=288 k=4 dx_ub=18 dz_ub=16 d_ub=16 steps=20000 id=C2xC2xC2_c00092
[pilot] TARGET_REJECT d_ub=6 target=16 id=C2xC2xC2_c00096
[pilot] TARGET_REJECT d_ub=14 target=16 id=C2xC2xC2_c00108
[pilot] TARGET_REJECT d_ub=15 target=16 id=C2xC2xC2_c00115
[pilot] MEAS n=288 k=4 dx_ub=20 dz_ub=20 d_ub=20 steps=20000 id=C2xC2xC2_c00131
[saved] id=C2xC2xC2_c00131 -> results/c2xc2xc2_d16_20260121_020918/promising/C2xC2xC2_c00131 (reason: d>=sqrt(n))
[pilot] MEAS n=288 k=4 dx_ub=19 dz_ub=19 d_ub=19 steps=20000 id=C2xC2xC2_c00150
[saved] id=C2xC2xC2_c00150 -> results/c2xc2xc2_d16_20260121_020918/promising/C2xC2xC2_c00150 (reason: d>=sqrt(n))
[pilot] TARGET_REJECT d_ub=12 target=16 id=C2xC2xC2_c00162
[pilot] TARGET_REJECT d_ub=13 target=16 id=C2xC2xC2_c00184
[pilot] MEAS n=288 k=4 dx_ub=16 dz_ub=20 d_ub=16 steps=20000 id=C2xC2xC2_c00245
[pilot] MEAS n=288 k=4 dx_ub=18 dz_ub=18 d_ub=18 steps=20000 id=C2xC2xC2_c00265
[saved] id=C2xC2xC2_c00265 -> results/c2xc2xc2_d16_20260121_020918/promising/C2xC2xC2_c00265 (reason: d>=sqrt(n))
[pilot] MEAS n=288 k=4 dx_ub=16 dz_ub=20 d_ub=16 steps=20000 id=C2xC2xC2_c00280
[pilot] MEAS n=288 k=4 dx_ub=20 dz_ub=17 d_ub=17 steps=20000 id=C2xC2xC2_c00287
[saved] id=C2xC2xC2_c00287 -> results/c2xc2xc2_d16_20260121_020918/promising/C2xC2xC2_c00287 (reason: d>=sqrt(n))
[pilot] MEAS n=288 k=4 dx_ub=20 dz_ub=20 d_ub=20 steps=20000 id=C2xC2xC2_c00291
[saved] id=C2xC2xC2_c00291 -> results/c2xc2xc2_d16_20260121_020918/promising/C2xC2xC2_c00291 (reason: d>=sqrt(n))
[pilot] MEAS n=288 k=4 dx_ub=16 dz_ub=16 d_ub=16 steps=20000 id=C2xC2xC2_c00300
[pilot] MEAS n=288 k=4 dx_ub=20 dz_ub=20 d_ub=20 steps=20000 id=C2xC2xC2_c00305
[saved] id=C2xC2xC2_c00305 -> results/c2xc2xc2_d16_20260121_020918/promising/C2xC2xC2_c00305 (reason: d>=sqrt(n))
[pilot] MEAS n=288 k=4 dx_ub=16 dz_ub=16 d_ub=16 steps=20000 id=C2xC2xC2_c00311
[pilot] MEAS n=288 k=4 dx_ub=20 dz_ub=16 d_ub=16 steps=20000 id=C2xC2xC2_c00328
[pilot] MEAS n=288 k=4 dx_ub=17 dz_ub=16 d_ub=16 steps=20000 id=C2xC2xC2_c00345
[pilot] TARGET_REJECT d_ub=12 target=16 id=C2xC2xC2_c00420
[pilot] MEAS n=288 k=4 dx_ub=20 dz_ub=16 d_ub=16 steps=20000 id=C2xC2xC2_c00461
[pilot] TARGET_REJECT d_ub=6 target=16 id=C2xC2xC2_c00481
[best_by_k] group=C2xC2xC2 n=288
k  | d_ub | steps | dx_ub | dz_ub | id
 4 |   20 | 20000 |    20 |    20 | C2xC2xC2_c00061
[coverage] group=C2xC2xC2 A_sel=128 B_sel=128 Q_meas=26 ratio_ge_sqrt=0.000 ratio_sel=0.002
[coverage] run summary:
[coverage] group=C2xC2xC2 A_sel=128 B_sel=128 Q_meas=26 ratio_ge_sqrt=0.000 ratio_sel=0.002
[summary] best-by-k (measured; includes rejects):
  k=4 best_d_ub=20 count_measured=20 example_id=C2xC2xC2_c00061
  k=8 best_d_ub=15 count_measured=6 example_id=C2xC2xC2_c00039
[summary] best-by-k (survivors; target=16):
  k=4 best_d_ub=20 count_survivors=17 example_id=C2xC2xC2_c00061
[pilot] top results:
  01 group=C2xC2xC2 n=288 k=4 d_ub=20 permA=27 permB=27 saved=True
  02 group=C2xC2xC2 n=288 k=4 d_ub=20 permA=27 permB=7 saved=True
  03 group=C2xC2xC2 n=288 k=4 d_ub=20 permA=27 permB=12 saved=True
  04 group=C2xC2xC2 n=288 k=4 d_ub=20 permA=27 permB=11 saved=True
  05 group=C2xC2xC2 n=288 k=4 d_ub=19 permA=8 permB=11 saved=True
  06 group=C2xC2xC2 n=288 k=4 d_ub=19 permA=8 permB=27 saved=True
  07 group=C2xC2xC2 n=288 k=4 d_ub=18 permA=7 permB=27 saved=True
  08 group=C2xC2xC2 n=288 k=4 d_ub=17 permA=20 permB=20 saved=True
  09 group=C2xC2xC2 n=288 k=4 d_ub=16 permA=20 permB=20 saved=False
  10 group=C2xC2xC2 n=288 k=4 d_ub=16 permA=27 permB=8 saved=False

