=== mer. 21 janv. 2026 05:34:24 CET steps=20000 batch=32 seed=1768937135 ===
[pilot] base k_table top pairs:
  k_base=18 permA=0 permB=0
  k_base=12 permA=29 permB=0
  k_base=12 permA=22 permB=0
  k_base=12 permA=13 permB=0
  k_base=12 permA=6 permB=0
[pilot] A multisets raw=792 (expected=792) enum_mode=multiset cayley_unique=26 perms=30 -> total scored = 780
[pilot] B multisets raw=792 (expected=792) enum_mode=multiset cayley_unique=26 perms=30 -> total scored = 780
[pilot] A frontier kept 128 candidates with points: (4,20), (0,49)
[pilot] B frontier kept 128 candidates with points: (4,20), (0,49)
[pilot] C2xC2xC2 n=288 d0=17 A_sets=26*30 -> keep 128; B_sets=26*30 -> keep 128
[pilot] MEAS n=288 k=4 dx_ub=17 dz_ub=16 d_ub=16 steps=20000 id=C2xC2xC2_c00022
[pilot] MEAS n=288 k=4 dx_ub=20 dz_ub=16 d_ub=16 steps=20000 id=C2xC2xC2_c00028
[pilot] MEAS n=288 k=4 dx_ub=17 dz_ub=20 d_ub=17 steps=20000 id=C2xC2xC2_c00056
[saved] id=C2xC2xC2_c00056 -> results/c2xc2xc2_d16_20260121_053424/promising/C2xC2xC2_c00056 (reason: d>=sqrt(n))
[pilot] MEAS n=288 k=4 dx_ub=16 dz_ub=19 d_ub=16 steps=20000 id=C2xC2xC2_c00065
[pilot] TARGET_REJECT d_ub=11 target=16 id=C2xC2xC2_c00075
[pilot] MEAS n=288 k=4 dx_ub=20 dz_ub=20 d_ub=20 steps=20000 id=C2xC2xC2_c00077
[saved] id=C2xC2xC2_c00077 -> results/c2xc2xc2_d16_20260121_053424/promising/C2xC2xC2_c00077 (reason: d>=sqrt(n))
[pilot] MEAS n=288 k=4 dx_ub=19 dz_ub=19 d_ub=19 steps=20000 id=C2xC2xC2_c00092
[saved] id=C2xC2xC2_c00092 -> results/c2xc2xc2_d16_20260121_053424/promising/C2xC2xC2_c00092 (reason: d>=sqrt(n))
[pilot] MEAS n=288 k=4 dx_ub=20 dz_ub=20 d_ub=20 steps=20000 id=C2xC2xC2_c00106
[saved] id=C2xC2xC2_c00106 -> results/c2xc2xc2_d16_20260121_053424/promising/C2xC2xC2_c00106 (reason: d>=sqrt(n))
[pilot] TARGET_REJECT d_ub=12 target=16 id=C2xC2xC2_c00129
[pilot] MEAS n=288 k=4 dx_ub=20 dz_ub=20 d_ub=20 steps=20000 id=C2xC2xC2_c00138
[saved] id=C2xC2xC2_c00138 -> results/c2xc2xc2_d16_20260121_053424/promising/C2xC2xC2_c00138 (reason: d>=sqrt(n))
[pilot] MEAS n=288 k=4 dx_ub=16 dz_ub=20 d_ub=16 steps=20000 id=C2xC2xC2_c00143
[pilot] MEAS n=288 k=4 dx_ub=20 dz_ub=20 d_ub=20 steps=20000 id=C2xC2xC2_c00161
[saved] id=C2xC2xC2_c00161 -> results/c2xc2xc2_d16_20260121_053424/promising/C2xC2xC2_c00161 (reason: d>=sqrt(n))
[pilot] MEAS n=288 k=8 dx_ub=16 dz_ub=16 d_ub=16 steps=20000 id=C2xC2xC2_c00163
[pilot] MEAS n=288 k=4 dx_ub=19 dz_ub=20 d_ub=19 steps=20000 id=C2xC2xC2_c00175
[saved] id=C2xC2xC2_c00175 -> results/c2xc2xc2_d16_20260121_053424/promising/C2xC2xC2_c00175 (reason: d>=sqrt(n))
[pilot] MEAS n=288 k=4 dx_ub=16 dz_ub=17 d_ub=16 steps=20000 id=C2xC2xC2_c00179
[pilot] TARGET_REJECT d_ub=12 target=16 id=C2xC2xC2_c00240
[pilot] TARGET_REJECT d_ub=13 target=16 id=C2xC2xC2_c00243
[pilot] MEAS n=288 k=4 dx_ub=16 dz_ub=17 d_ub=16 steps=20000 id=C2xC2xC2_c00282
[pilot] MEAS n=288 k=4 dx_ub=20 dz_ub=20 d_ub=20 steps=20000 id=C2xC2xC2_c00301
[saved] id=C2xC2xC2_c00301 -> results/c2xc2xc2_d16_20260121_053424/promising/C2xC2xC2_c00301 (reason: d>=sqrt(n))
[pilot] TARGET_REJECT d_ub=12 target=16 id=C2xC2xC2_c00303
[pilot] MEAS n=288 k=4 dx_ub=20 dz_ub=20 d_ub=20 steps=20000 id=C2xC2xC2_c00330
[saved] id=C2xC2xC2_c00330 -> results/c2xc2xc2_d16_20260121_053424/promising/C2xC2xC2_c00330 (reason: d>=sqrt(n))
[pilot] MEAS n=288 k=8 dx_ub=17 dz_ub=19 d_ub=17 steps=20000 id=C2xC2xC2_c00341
[saved] id=C2xC2xC2_c00341 -> results/c2xc2xc2_d16_20260121_053424/promising/C2xC2xC2_c00341 (reason: d>=sqrt(n))
[pilot] MEAS n=288 k=4 dx_ub=20 dz_ub=19 d_ub=19 steps=20000 id=C2xC2xC2_c00353
[saved] id=C2xC2xC2_c00353 -> results/c2xc2xc2_d16_20260121_053424/promising/C2xC2xC2_c00353 (reason: d>=sqrt(n))
[pilot] TARGET_REJECT d_ub=14 target=16 id=C2xC2xC2_c00366
[pilot] MEAS n=288 k=4 dx_ub=17 dz_ub=20 d_ub=17 steps=20000 id=C2xC2xC2_c00367
[saved] id=C2xC2xC2_c00367 -> results/c2xc2xc2_d16_20260121_053424/promising/C2xC2xC2_c00367 (reason: d>=sqrt(n))
[pilot] MEAS n=288 k=4 dx_ub=20 dz_ub=20 d_ub=20 steps=20000 id=C2xC2xC2_c00368
[saved] id=C2xC2xC2_c00368 -> results/c2xc2xc2_d16_20260121_053424/promising/C2xC2xC2_c00368 (reason: d>=sqrt(n))
[pilot] MEAS n=288 k=4 dx_ub=19 dz_ub=20 d_ub=19 steps=20000 id=C2xC2xC2_c00442
[saved] id=C2xC2xC2_c00442 -> results/c2xc2xc2_d16_20260121_053424/promising/C2xC2xC2_c00442 (reason: d>=sqrt(n))
[pilot] MEAS n=288 k=4 dx_ub=20 dz_ub=20 d_ub=20 steps=20000 id=C2xC2xC2_c00450
[saved] id=C2xC2xC2_c00450 -> results/c2xc2xc2_d16_20260121_053424/promising/C2xC2xC2_c00450 (reason: d>=sqrt(n))
[pilot] TARGET_REJECT d_ub=12 target=16 id=C2xC2xC2_c00451
[pilot] MEAS n=288 k=8 dx_ub=16 dz_ub=17 d_ub=16 steps=20000 id=C2xC2xC2_c00455
[pilot] MEAS n=288 k=4 dx_ub=16 dz_ub=17 d_ub=16 steps=20000 id=C2xC2xC2_c00462
[best_by_k] group=C2xC2xC2 n=288
k  | d_ub | steps | dx_ub | dz_ub | id
 4 |   20 | 20000 |    20 |    20 | C2xC2xC2_c00077
 8 |   17 | 20000 |    17 |    19 | C2xC2xC2_c00341
[coverage] group=C2xC2xC2 A_sel=128 B_sel=128 Q_meas=31 ratio_ge_sqrt=0.001 ratio_sel=0.002
[coverage] run summary:
[coverage] group=C2xC2xC2 A_sel=128 B_sel=128 Q_meas=31 ratio_ge_sqrt=0.001 ratio_sel=0.002
[summary] best-by-k (measured; includes rejects):
  k=4 best_d_ub=20 count_measured=25 example_id=C2xC2xC2_c00077
  k=8 best_d_ub=17 count_measured=6 example_id=C2xC2xC2_c00341
[summary] best-by-k (survivors; target=16):
  k=4 best_d_ub=20 count_survivors=21 example_id=C2xC2xC2_c00077
  k=8 best_d_ub=17 count_survivors=3 example_id=C2xC2xC2_c00341
[pilot] top results:
  01 group=C2xC2xC2 n=288 k=4 d_ub=20 permA=20 permB=11 saved=True
  02 group=C2xC2xC2 n=288 k=4 d_ub=20 permA=8 permB=27 saved=True
  03 group=C2xC2xC2 n=288 k=4 d_ub=20 permA=27 permB=11 saved=True
  04 group=C2xC2xC2 n=288 k=4 d_ub=20 permA=8 permB=20 saved=True
  05 group=C2xC2xC2 n=288 k=4 d_ub=20 permA=11 permB=11 saved=True
  06 group=C2xC2xC2 n=288 k=4 d_ub=20 permA=27 permB=11 saved=True
  07 group=C2xC2xC2 n=288 k=4 d_ub=20 permA=11 permB=11 saved=True
  08 group=C2xC2xC2 n=288 k=4 d_ub=20 permA=7 permB=20 saved=True
  09 group=C2xC2xC2 n=288 k=4 d_ub=19 permA=11 permB=27 saved=True
  10 group=C2xC2xC2 n=288 k=4 d_ub=19 permA=11 permB=8 saved=True

