=== mar. 20 janv. 2026 15:07:13 CET steps=5000 batch=30 seed=1768922133 ===
[pilot] base k_table top pairs:
  k_base=18 permA=0 permB=0
  k_base=12 permA=29 permB=0
  k_base=12 permA=22 permB=0
  k_base=12 permA=13 permB=0
  k_base=12 permA=6 permB=0
[pilot] A multisets raw=792 (expected=792) enum_mode=multiset cayley_unique=26 perms=30 -> total scored = 780
[pilot] B multisets raw=792 (expected=792) enum_mode=multiset cayley_unique=26 perms=30 -> total scored = 780
[pilot] A frontier kept 128 candidates with points: (4,20), (0,49)
[pilot] B frontier kept 128 candidates with points: (4,20), (0,49)
[pilot] C2xC2xC2 n=288 d0=17 A_sets=26*30 -> keep 128; B_sets=26*30 -> keep 128
[pilot] MEAS n=288 k=4 dx_ub=20 dz_ub=20 d_ub=20 steps=5000 id=C2xC2xC2_c00029
[saved] id=C2xC2xC2_c00029 -> results/c2xc2xc2_d16_20260120_150714/promising/C2xC2xC2_c00029 (reason: d>=sqrt(n))
[pilot] TARGET_REJECT d_ub=14 target=16 id=C2xC2xC2_c00039
[pilot] MEAS n=288 k=4 dx_ub=18 dz_ub=16 d_ub=16 steps=5000 id=C2xC2xC2_c00045
[pilot] TARGET_REJECT d_ub=12 target=16 id=C2xC2xC2_c00064
[pilot] TARGET_REJECT d_ub=13 target=16 id=C2xC2xC2_c00074
[pilot] MEAS n=288 k=4 dx_ub=16 dz_ub=17 d_ub=16 steps=5000 id=C2xC2xC2_c00099
[pilot] MEAS n=288 k=4 dx_ub=20 dz_ub=21 d_ub=20 steps=5000 id=C2xC2xC2_c00174
[saved] id=C2xC2xC2_c00174 -> results/c2xc2xc2_d16_20260120_150714/promising/C2xC2xC2_c00174 (reason: d>=sqrt(n))
[pilot] MEAS n=288 k=4 dx_ub=20 dz_ub=20 d_ub=20 steps=5000 id=C2xC2xC2_c00176
[saved] id=C2xC2xC2_c00176 -> results/c2xc2xc2_d16_20260120_150714/promising/C2xC2xC2_c00176 (reason: d>=sqrt(n))
[pilot] TARGET_REJECT d_ub=12 target=16 id=C2xC2xC2_c00247
[pilot] MEAS n=288 k=4 dx_ub=17 dz_ub=17 d_ub=17 steps=5000 id=C2xC2xC2_c00260
[saved] id=C2xC2xC2_c00260 -> results/c2xc2xc2_d16_20260120_150714/promising/C2xC2xC2_c00260 (reason: d>=sqrt(n))
[pilot] MEAS n=288 k=4 dx_ub=20 dz_ub=20 d_ub=20 steps=5000 id=C2xC2xC2_c00264
[saved] id=C2xC2xC2_c00264 -> results/c2xc2xc2_d16_20260120_150714/promising/C2xC2xC2_c00264 (reason: d>=sqrt(n))
[pilot] TARGET_REJECT d_ub=12 target=16 id=C2xC2xC2_c00305
[pilot] TARGET_REJECT d_ub=6 target=16 id=C2xC2xC2_c00315
[pilot] MEAS n=288 k=4 dx_ub=20 dz_ub=20 d_ub=20 steps=5000 id=C2xC2xC2_c00317
[saved] id=C2xC2xC2_c00317 -> results/c2xc2xc2_d16_20260120_150714/promising/C2xC2xC2_c00317 (reason: d>=sqrt(n))
[pilot] TARGET_REJECT d_ub=14 target=16 id=C2xC2xC2_c00377
[pilot] TARGET_REJECT d_ub=12 target=16 id=C2xC2xC2_c00444
[pilot] MEAS n=288 k=4 dx_ub=20 dz_ub=20 d_ub=20 steps=5000 id=C2xC2xC2_c00455
[saved] id=C2xC2xC2_c00455 -> results/c2xc2xc2_d16_20260120_150714/promising/C2xC2xC2_c00455 (reason: d>=sqrt(n))
[pilot] TARGET_REJECT d_ub=12 target=16 id=C2xC2xC2_c00488
[pilot] TARGET_REJECT d_ub=13 target=16 id=C2xC2xC2_c00498
[best_by_k] group=C2xC2xC2 n=288
k  | d_ub | steps | dx_ub | dz_ub | id
 4 |   20 |  5000 |    20 |    20 | C2xC2xC2_c00029
[coverage] group=C2xC2xC2 A_sel=128 B_sel=128 Q_meas=19 ratio_ge_sqrt=0.000 ratio_sel=0.001
[coverage] run summary:
[coverage] group=C2xC2xC2 A_sel=128 B_sel=128 Q_meas=19 ratio_ge_sqrt=0.000 ratio_sel=0.001
[summary] best-by-k (measured; includes rejects):
  k=4 best_d_ub=20 count_measured=12 example_id=C2xC2xC2_c00029
  k=8 best_d_ub=14 count_measured=7 example_id=C2xC2xC2_c00039
[summary] best-by-k (survivors; target=16):
  k=4 best_d_ub=20 count_survivors=9 example_id=C2xC2xC2_c00029
[pilot] top results:
  01 group=C2xC2xC2 n=288 k=4 d_ub=20 permA=12 permB=20 saved=True
  02 group=C2xC2xC2 n=288 k=4 d_ub=20 permA=27 permB=11 saved=True
  03 group=C2xC2xC2 n=288 k=4 d_ub=20 permA=27 permB=7 saved=True
  04 group=C2xC2xC2 n=288 k=4 d_ub=20 permA=27 permB=11 saved=True
  05 group=C2xC2xC2 n=288 k=4 d_ub=20 permA=12 permB=8 saved=True
  06 group=C2xC2xC2 n=288 k=4 d_ub=20 permA=7 permB=11 saved=True
  07 group=C2xC2xC2 n=288 k=4 d_ub=17 permA=27 permB=12 saved=True
  08 group=C2xC2xC2 n=288 k=4 d_ub=16 permA=27 permB=8 saved=False
  09 group=C2xC2xC2 n=288 k=4 d_ub=16 permA=20 permB=20 saved=False

