=== mar. 20 janv. 2026 14:58:40 CET steps=5000 batch=13 seed=1768922116 ===
[pilot] base k_table top pairs:
  k_base=18 permA=0 permB=0
  k_base=12 permA=29 permB=0
  k_base=12 permA=22 permB=0
  k_base=12 permA=13 permB=0
  k_base=12 permA=6 permB=0
[pilot] A multisets raw=792 (expected=792) enum_mode=multiset cayley_unique=26 perms=30 -> total scored = 780
[pilot] B multisets raw=792 (expected=792) enum_mode=multiset cayley_unique=26 perms=30 -> total scored = 780
[pilot] A frontier kept 128 candidates with points: (4,20), (0,49)
[pilot] B frontier kept 128 candidates with points: (4,20), (0,49)
[pilot] C2xC2xC2 n=288 d0=17 A_sets=26*30 -> keep 128; B_sets=26*30 -> keep 128
[pilot] MEAS n=288 k=4 dx_ub=20 dz_ub=22 d_ub=20 steps=5000 id=C2xC2xC2_c00050
[saved] id=C2xC2xC2_c00050 -> results/c2xc2xc2_d16_20260120_145840/promising/C2xC2xC2_c00050 (reason: d>=sqrt(n))
[pilot] TARGET_REJECT d_ub=12 target=16 id=C2xC2xC2_c00055
[pilot] MEAS n=288 k=4 dx_ub=19 dz_ub=20 d_ub=19 steps=5000 id=C2xC2xC2_c00081
[saved] id=C2xC2xC2_c00081 -> results/c2xc2xc2_d16_20260120_145840/promising/C2xC2xC2_c00081 (reason: d>=sqrt(n))
[pilot] MEAS n=288 k=4 dx_ub=20 dz_ub=20 d_ub=20 steps=5000 id=C2xC2xC2_c00128
[saved] id=C2xC2xC2_c00128 -> results/c2xc2xc2_d16_20260120_145840/promising/C2xC2xC2_c00128 (reason: d>=sqrt(n))
[pilot] MEAS n=288 k=4 dx_ub=16 dz_ub=21 d_ub=16 steps=5000 id=C2xC2xC2_c00135
[pilot] MEAS n=288 k=4 dx_ub=16 dz_ub=18 d_ub=16 steps=5000 id=C2xC2xC2_c00179
[pilot] TARGET_REJECT d_ub=14 target=16 id=C2xC2xC2_c00182
[pilot] MEAS n=288 k=4 dx_ub=16 dz_ub=20 d_ub=16 steps=5000 id=C2xC2xC2_c00195
[pilot] TARGET_REJECT d_ub=14 target=16 id=C2xC2xC2_c00217
[pilot] MEAS n=288 k=4 dx_ub=16 dz_ub=17 d_ub=16 steps=5000 id=C2xC2xC2_c00247
[pilot] MEAS n=288 k=4 dx_ub=17 dz_ub=19 d_ub=17 steps=5000 id=C2xC2xC2_c00249
[saved] id=C2xC2xC2_c00249 -> results/c2xc2xc2_d16_20260120_145840/promising/C2xC2xC2_c00249 (reason: d>=sqrt(n))
[pilot] MEAS n=288 k=4 dx_ub=16 dz_ub=21 d_ub=16 steps=5000 id=C2xC2xC2_c00283
[pilot] MEAS n=288 k=4 dx_ub=17 dz_ub=16 d_ub=16 steps=5000 id=C2xC2xC2_c00310
[pilot] TARGET_REJECT d_ub=6 target=16 id=C2xC2xC2_c00357
[pilot] MEAS n=288 k=4 dx_ub=20 dz_ub=20 d_ub=20 steps=5000 id=C2xC2xC2_c00360
[saved] id=C2xC2xC2_c00360 -> results/c2xc2xc2_d16_20260120_145840/promising/C2xC2xC2_c00360 (reason: d>=sqrt(n))
[pilot] MEAS n=288 k=4 dx_ub=17 dz_ub=16 d_ub=16 steps=5000 id=C2xC2xC2_c00375
[pilot] TARGET_REJECT d_ub=12 target=16 id=C2xC2xC2_c00440
[pilot] TARGET_REJECT d_ub=12 target=16 id=C2xC2xC2_c00449
[pilot] MEAS n=288 k=4 dx_ub=16 dz_ub=16 d_ub=16 steps=5000 id=C2xC2xC2_c00457
[pilot] MEAS n=288 k=4 dx_ub=16 dz_ub=16 d_ub=16 steps=5000 id=C2xC2xC2_c00473
[best_by_k] group=C2xC2xC2 n=288
k  | d_ub | steps | dx_ub | dz_ub | id
 4 |   20 |  5000 |    20 |    22 | C2xC2xC2_c00050
[coverage] group=C2xC2xC2 A_sel=128 B_sel=128 Q_meas=20 ratio_ge_sqrt=0.000 ratio_sel=0.001
[coverage] run summary:
[coverage] group=C2xC2xC2 A_sel=128 B_sel=128 Q_meas=20 ratio_ge_sqrt=0.000 ratio_sel=0.001
[summary] best-by-k (measured; includes rejects):
  k=4 best_d_ub=20 count_measured=15 example_id=C2xC2xC2_c00050
  k=8 best_d_ub=14 count_measured=5 example_id=C2xC2xC2_c00182
[summary] best-by-k (survivors; target=16):
  k=4 best_d_ub=20 count_survivors=14 example_id=C2xC2xC2_c00050
[pilot] top results:
  01 group=C2xC2xC2 n=288 k=4 d_ub=20 permA=20 permB=11 saved=True
  02 group=C2xC2xC2 n=288 k=4 d_ub=20 permA=20 permB=27 saved=True
  03 group=C2xC2xC2 n=288 k=4 d_ub=20 permA=7 permB=11 saved=True
  04 group=C2xC2xC2 n=288 k=4 d_ub=19 permA=27 permB=27 saved=True
  05 group=C2xC2xC2 n=288 k=4 d_ub=17 permA=8 permB=27 saved=True
  06 group=C2xC2xC2 n=288 k=4 d_ub=16 permA=8 permB=12 saved=False
  07 group=C2xC2xC2 n=288 k=4 d_ub=16 permA=8 permB=27 saved=False
  08 group=C2xC2xC2 n=288 k=4 d_ub=16 permA=8 permB=20 saved=False
  09 group=C2xC2xC2 n=288 k=4 d_ub=16 permA=20 permB=20 saved=False
  10 group=C2xC2xC2 n=288 k=4 d_ub=16 permA=7 permB=20 saved=False

