=== mar. 20 janv. 2026 15:18:30 CET steps=5000 batch=51 seed=1768922154 ===
[pilot] base k_table top pairs:
  k_base=18 permA=0 permB=0
  k_base=12 permA=29 permB=0
  k_base=12 permA=22 permB=0
  k_base=12 permA=13 permB=0
  k_base=12 permA=6 permB=0
[pilot] A multisets raw=792 (expected=792) enum_mode=multiset cayley_unique=26 perms=30 -> total scored = 780
[pilot] B multisets raw=792 (expected=792) enum_mode=multiset cayley_unique=26 perms=30 -> total scored = 780
[pilot] A frontier kept 128 candidates with points: (4,20), (0,49)
[pilot] B frontier kept 128 candidates with points: (4,20), (0,49)
[pilot] C2xC2xC2 n=288 d0=17 A_sets=26*30 -> keep 128; B_sets=26*30 -> keep 128
[pilot] MEAS n=288 k=4 dx_ub=17 dz_ub=20 d_ub=17 steps=5000 id=C2xC2xC2_c00014
[saved] id=C2xC2xC2_c00014 -> results/c2xc2xc2_d16_20260120_151830/promising/C2xC2xC2_c00014 (reason: d>=sqrt(n))
[pilot] TARGET_REJECT d_ub=12 target=16 id=C2xC2xC2_c00031
[pilot] TARGET_REJECT d_ub=14 target=16 id=C2xC2xC2_c00061
[pilot] MEAS n=288 k=4 dx_ub=20 dz_ub=18 d_ub=18 steps=5000 id=C2xC2xC2_c00070
[saved] id=C2xC2xC2_c00070 -> results/c2xc2xc2_d16_20260120_151830/promising/C2xC2xC2_c00070 (reason: d>=sqrt(n))
[pilot] MEAS n=288 k=4 dx_ub=17 dz_ub=19 d_ub=17 steps=5000 id=C2xC2xC2_c00071
[saved] id=C2xC2xC2_c00071 -> results/c2xc2xc2_d16_20260120_151830/promising/C2xC2xC2_c00071 (reason: d>=sqrt(n))
[pilot] MEAS n=288 k=4 dx_ub=20 dz_ub=16 d_ub=16 steps=5000 id=C2xC2xC2_c00080
[pilot] MEAS n=288 k=4 dx_ub=20 dz_ub=20 d_ub=20 steps=5000 id=C2xC2xC2_c00142
[saved] id=C2xC2xC2_c00142 -> results/c2xc2xc2_d16_20260120_151830/promising/C2xC2xC2_c00142 (reason: d>=sqrt(n))
[pilot] TARGET_REJECT d_ub=12 target=16 id=C2xC2xC2_c00154
[pilot] MEAS n=288 k=4 dx_ub=21 dz_ub=20 d_ub=20 steps=5000 id=C2xC2xC2_c00157
[saved] id=C2xC2xC2_c00157 -> results/c2xc2xc2_d16_20260120_151830/promising/C2xC2xC2_c00157 (reason: d>=sqrt(n))
[pilot] MEAS n=288 k=4 dx_ub=20 dz_ub=20 d_ub=20 steps=5000 id=C2xC2xC2_c00158
[saved] id=C2xC2xC2_c00158 -> results/c2xc2xc2_d16_20260120_151830/promising/C2xC2xC2_c00158 (reason: d>=sqrt(n))
[pilot] MEAS n=288 k=8 dx_ub=17 dz_ub=16 d_ub=16 steps=5000 id=C2xC2xC2_c00198
[pilot] MEAS n=288 k=4 dx_ub=23 dz_ub=17 d_ub=17 steps=5000 id=C2xC2xC2_c00213
[saved] id=C2xC2xC2_c00213 -> results/c2xc2xc2_d16_20260120_151830/promising/C2xC2xC2_c00213 (reason: d>=sqrt(n))
[pilot] TARGET_REJECT d_ub=12 target=16 id=C2xC2xC2_c00218
[pilot] TARGET_REJECT d_ub=14 target=16 id=C2xC2xC2_c00231
[pilot] TARGET_REJECT d_ub=12 target=16 id=C2xC2xC2_c00232
[pilot] TARGET_REJECT d_ub=12 target=16 id=C2xC2xC2_c00269
[pilot] TARGET_REJECT d_ub=12 target=16 id=C2xC2xC2_c00301
[pilot] TARGET_REJECT d_ub=12 target=16 id=C2xC2xC2_c00311
[pilot] MEAS n=288 k=4 dx_ub=17 dz_ub=16 d_ub=16 steps=5000 id=C2xC2xC2_c00317
[pilot] TARGET_REJECT d_ub=12 target=16 id=C2xC2xC2_c00327
[pilot] MEAS n=288 k=4 dx_ub=20 dz_ub=23 d_ub=20 steps=5000 id=C2xC2xC2_c00455
[saved] id=C2xC2xC2_c00455 -> results/c2xc2xc2_d16_20260120_151830/promising/C2xC2xC2_c00455 (reason: d>=sqrt(n))
[pilot] MEAS n=288 k=4 dx_ub=17 dz_ub=20 d_ub=17 steps=5000 id=C2xC2xC2_c00478
[saved] id=C2xC2xC2_c00478 -> results/c2xc2xc2_d16_20260120_151830/promising/C2xC2xC2_c00478 (reason: d>=sqrt(n))
[pilot] MEAS n=288 k=4 dx_ub=20 dz_ub=20 d_ub=20 steps=5000 id=C2xC2xC2_c00496
[saved] id=C2xC2xC2_c00496 -> results/c2xc2xc2_d16_20260120_151830/promising/C2xC2xC2_c00496 (reason: d>=sqrt(n))
[best_by_k] group=C2xC2xC2 n=288
k  | d_ub | steps | dx_ub | dz_ub | id
 4 |   20 |  5000 |    20 |    20 | C2xC2xC2_c00142
 8 |   16 |  5000 |    17 |    16 | C2xC2xC2_c00198
[coverage] group=C2xC2xC2 A_sel=128 B_sel=128 Q_meas=23 ratio_ge_sqrt=0.000 ratio_sel=0.001
[coverage] run summary:
[coverage] group=C2xC2xC2 A_sel=128 B_sel=128 Q_meas=23 ratio_ge_sqrt=0.000 ratio_sel=0.001
[summary] best-by-k (measured; includes rejects):
  k=4 best_d_ub=20 count_measured=16 example_id=C2xC2xC2_c00142
  k=8 best_d_ub=16 count_measured=7 example_id=C2xC2xC2_c00198
[summary] best-by-k (survivors; target=16):
  k=4 best_d_ub=20 count_survivors=12 example_id=C2xC2xC2_c00142
  k=8 best_d_ub=16 count_survivors=1 example_id=C2xC2xC2_c00198
[pilot] top results:
  01 group=C2xC2xC2 n=288 k=4 d_ub=20 permA=12 permB=8 saved=True
  02 group=C2xC2xC2 n=288 k=4 d_ub=20 permA=11 permB=8 saved=True
  03 group=C2xC2xC2 n=288 k=4 d_ub=20 permA=20 permB=7 saved=True
  04 group=C2xC2xC2 n=288 k=4 d_ub=20 permA=27 permB=11 saved=True
  05 group=C2xC2xC2 n=288 k=4 d_ub=20 permA=20 permB=7 saved=True
  06 group=C2xC2xC2 n=288 k=4 d_ub=18 permA=11 permB=27 saved=True
  07 group=C2xC2xC2 n=288 k=4 d_ub=17 permA=8 permB=7 saved=True
  08 group=C2xC2xC2 n=288 k=4 d_ub=17 permA=8 permB=27 saved=True
  09 group=C2xC2xC2 n=288 k=4 d_ub=17 permA=11 permB=20 saved=True
  10 group=C2xC2xC2 n=288 k=4 d_ub=17 permA=20 permB=12 saved=True

