=== mar. 20 janv. 2026 15:28:53 CET steps=5000 batch=71 seed=1768922174 ===
[pilot] base k_table top pairs:
  k_base=18 permA=0 permB=0
  k_base=12 permA=29 permB=0
  k_base=12 permA=22 permB=0
  k_base=12 permA=13 permB=0
  k_base=12 permA=6 permB=0
[pilot] A multisets raw=792 (expected=792) enum_mode=multiset cayley_unique=26 perms=30 -> total scored = 780
[pilot] B multisets raw=792 (expected=792) enum_mode=multiset cayley_unique=26 perms=30 -> total scored = 780
[pilot] A frontier kept 128 candidates with points: (4,20), (0,49)
[pilot] B frontier kept 128 candidates with points: (4,20), (0,49)
[pilot] C2xC2xC2 n=288 d0=17 A_sets=26*30 -> keep 128; B_sets=26*30 -> keep 128
[pilot] MEAS n=288 k=8 dx_ub=16 dz_ub=18 d_ub=16 steps=5000 id=C2xC2xC2_c00040
[pilot] TARGET_REJECT d_ub=14 target=16 id=C2xC2xC2_c00044
[pilot] MEAS n=288 k=4 dx_ub=20 dz_ub=20 d_ub=20 steps=5000 id=C2xC2xC2_c00067
[saved] id=C2xC2xC2_c00067 -> results/c2xc2xc2_d16_20260120_152853/promising/C2xC2xC2_c00067 (reason: d>=sqrt(n))
[pilot] TARGET_REJECT d_ub=12 target=16 id=C2xC2xC2_c00077
[pilot] MEAS n=288 k=4 dx_ub=16 dz_ub=16 d_ub=16 steps=5000 id=C2xC2xC2_c00111
[pilot] TARGET_REJECT d_ub=6 target=16 id=C2xC2xC2_c00112
[pilot] TARGET_REJECT d_ub=12 target=16 id=C2xC2xC2_c00131
[pilot] MEAS n=288 k=4 dx_ub=21 dz_ub=20 d_ub=20 steps=5000 id=C2xC2xC2_c00139
[saved] id=C2xC2xC2_c00139 -> results/c2xc2xc2_d16_20260120_152853/promising/C2xC2xC2_c00139 (reason: d>=sqrt(n))
[pilot] MEAS n=288 k=4 dx_ub=17 dz_ub=16 d_ub=16 steps=5000 id=C2xC2xC2_c00201
[pilot] MEAS n=288 k=4 dx_ub=20 dz_ub=16 d_ub=16 steps=5000 id=C2xC2xC2_c00211
[pilot] TARGET_REJECT d_ub=15 target=16 id=C2xC2xC2_c00234
[pilot] MEAS n=288 k=4 dx_ub=20 dz_ub=20 d_ub=20 steps=5000 id=C2xC2xC2_c00235
[saved] id=C2xC2xC2_c00235 -> results/c2xc2xc2_d16_20260120_152853/promising/C2xC2xC2_c00235 (reason: d>=sqrt(n))
[pilot] MEAS n=288 k=4 dx_ub=17 dz_ub=20 d_ub=17 steps=5000 id=C2xC2xC2_c00262
[saved] id=C2xC2xC2_c00262 -> results/c2xc2xc2_d16_20260120_152853/promising/C2xC2xC2_c00262 (reason: d>=sqrt(n))
[pilot] TARGET_REJECT d_ub=12 target=16 id=C2xC2xC2_c00288
[pilot] MEAS n=288 k=4 dx_ub=20 dz_ub=17 d_ub=17 steps=5000 id=C2xC2xC2_c00290
[saved] id=C2xC2xC2_c00290 -> results/c2xc2xc2_d16_20260120_152853/promising/C2xC2xC2_c00290 (reason: d>=sqrt(n))
[pilot] MEAS n=288 k=8 dx_ub=17 dz_ub=19 d_ub=17 steps=5000 id=C2xC2xC2_c00292
[saved] id=C2xC2xC2_c00292 -> results/c2xc2xc2_d16_20260120_152853/promising/C2xC2xC2_c00292 (reason: d>=sqrt(n))
[pilot] MEAS n=288 k=4 dx_ub=20 dz_ub=16 d_ub=16 steps=5000 id=C2xC2xC2_c00333
[pilot] MEAS n=288 k=4 dx_ub=20 dz_ub=17 d_ub=17 steps=5000 id=C2xC2xC2_c00361
[saved] id=C2xC2xC2_c00361 -> results/c2xc2xc2_d16_20260120_152853/promising/C2xC2xC2_c00361 (reason: d>=sqrt(n))
[pilot] MEAS n=288 k=4 dx_ub=16 dz_ub=20 d_ub=16 steps=5000 id=C2xC2xC2_c00393
[pilot] MEAS n=288 k=4 dx_ub=20 dz_ub=20 d_ub=20 steps=5000 id=C2xC2xC2_c00426
[saved] id=C2xC2xC2_c00426 -> results/c2xc2xc2_d16_20260120_152853/promising/C2xC2xC2_c00426 (reason: d>=sqrt(n))
[pilot] TARGET_REJECT d_ub=12 target=16 id=C2xC2xC2_c00448
[pilot] TARGET_REJECT d_ub=13 target=16 id=C2xC2xC2_c00458
[pilot] MEAS n=288 k=4 dx_ub=18 dz_ub=16 d_ub=16 steps=5000 id=C2xC2xC2_c00463
[pilot] MEAS n=288 k=4 dx_ub=16 dz_ub=18 d_ub=16 steps=5000 id=C2xC2xC2_c00465
[best_by_k] group=C2xC2xC2 n=288
k  | d_ub | steps | dx_ub | dz_ub | id
 4 |   20 |  5000 |    20 |    20 | C2xC2xC2_c00067
 8 |   17 |  5000 |    17 |    19 | C2xC2xC2_c00292
[coverage] group=C2xC2xC2 A_sel=128 B_sel=128 Q_meas=24 ratio_ge_sqrt=0.000 ratio_sel=0.001
[coverage] run summary:
[coverage] group=C2xC2xC2 A_sel=128 B_sel=128 Q_meas=24 ratio_ge_sqrt=0.000 ratio_sel=0.001
[summary] best-by-k (measured; includes rejects):
  k=4 best_d_ub=20 count_measured=17 example_id=C2xC2xC2_c00067
  k=8 best_d_ub=17 count_measured=7 example_id=C2xC2xC2_c00292
[summary] best-by-k (survivors; target=16):
  k=4 best_d_ub=20 count_survivors=14 example_id=C2xC2xC2_c00067
  k=8 best_d_ub=17 count_survivors=2 example_id=C2xC2xC2_c00292
[pilot] top results:
  01 group=C2xC2xC2 n=288 k=4 d_ub=20 permA=20 permB=27 saved=True
  02 group=C2xC2xC2 n=288 k=4 d_ub=20 permA=27 permB=11 saved=True
  03 group=C2xC2xC2 n=288 k=4 d_ub=20 permA=20 permB=11 saved=True
  04 group=C2xC2xC2 n=288 k=4 d_ub=20 permA=27 permB=20 saved=True
  05 group=C2xC2xC2 n=288 k=8 d_ub=17 permA=11 permB=12 saved=True
  06 group=C2xC2xC2 n=288 k=4 d_ub=17 permA=20 permB=8 saved=True
  07 group=C2xC2xC2 n=288 k=4 d_ub=17 permA=27 permB=20 saved=True
  08 group=C2xC2xC2 n=288 k=4 d_ub=17 permA=11 permB=27 saved=True
  09 group=C2xC2xC2 n=288 k=8 d_ub=16 permA=20 permB=20 saved=False
  10 group=C2xC2xC2 n=288 k=4 d_ub=16 permA=27 permB=20 saved=False

