=== mar. 20 janv. 2026 14:51:43 CET steps=5000 batch=1 seed=1768922104 ===
[pilot] base k_table top pairs:
  k_base=18 permA=0 permB=0
  k_base=12 permA=29 permB=0
  k_base=12 permA=22 permB=0
  k_base=12 permA=13 permB=0
  k_base=12 permA=6 permB=0
[pilot] A multisets raw=792 (expected=792) enum_mode=multiset cayley_unique=26 perms=30 -> total scored = 780
[pilot] B multisets raw=792 (expected=792) enum_mode=multiset cayley_unique=26 perms=30 -> total scored = 780
[pilot] A frontier kept 128 candidates with points: (4,20), (0,49)
[pilot] B frontier kept 128 candidates with points: (4,20), (0,49)
[pilot] C2xC2xC2 n=288 d0=17 A_sets=26*30 -> keep 128; B_sets=26*30 -> keep 128
[pilot] MEAS n=288 k=4 dx_ub=20 dz_ub=19 d_ub=19 steps=5000 id=C2xC2xC2_c00006
[saved] id=C2xC2xC2_c00006 -> results/c2xc2xc2_d16_20260120_145143/promising/C2xC2xC2_c00006 (reason: d>=sqrt(n))
[pilot] TARGET_REJECT d_ub=6 target=16 id=C2xC2xC2_c00055
[pilot] MEAS n=288 k=4 dx_ub=20 dz_ub=16 d_ub=16 steps=5000 id=C2xC2xC2_c00057
[pilot] MEAS n=288 k=4 dx_ub=20 dz_ub=19 d_ub=19 steps=5000 id=C2xC2xC2_c00064
[saved] id=C2xC2xC2_c00064 -> results/c2xc2xc2_d16_20260120_145143/promising/C2xC2xC2_c00064 (reason: d>=sqrt(n))
[pilot] MEAS n=288 k=4 dx_ub=18 dz_ub=16 d_ub=16 steps=5000 id=C2xC2xC2_c00077
[pilot] TARGET_REJECT d_ub=12 target=16 id=C2xC2xC2_c00079
[pilot] MEAS n=288 k=4 dx_ub=20 dz_ub=21 d_ub=20 steps=5000 id=C2xC2xC2_c00085
[saved] id=C2xC2xC2_c00085 -> results/c2xc2xc2_d16_20260120_145143/promising/C2xC2xC2_c00085 (reason: d>=sqrt(n))
[pilot] MEAS n=288 k=4 dx_ub=16 dz_ub=16 d_ub=16 steps=5000 id=C2xC2xC2_c00094
[pilot] TARGET_REJECT d_ub=12 target=16 id=C2xC2xC2_c00106
[pilot] TARGET_REJECT d_ub=12 target=16 id=C2xC2xC2_c00138
[pilot] MEAS n=288 k=4 dx_ub=20 dz_ub=20 d_ub=20 steps=5000 id=C2xC2xC2_c00145
[saved] id=C2xC2xC2_c00145 -> results/c2xc2xc2_d16_20260120_145143/promising/C2xC2xC2_c00145 (reason: d>=sqrt(n))
[pilot] MEAS n=288 k=4 dx_ub=16 dz_ub=20 d_ub=16 steps=5000 id=C2xC2xC2_c00157
[pilot] TARGET_REJECT d_ub=12 target=16 id=C2xC2xC2_c00237
[pilot] MEAS n=288 k=4 dx_ub=16 dz_ub=16 d_ub=16 steps=5000 id=C2xC2xC2_c00269
[pilot] TARGET_REJECT d_ub=12 target=16 id=C2xC2xC2_c00276
[pilot] TARGET_REJECT d_ub=14 target=16 id=C2xC2xC2_c00319
[pilot] MEAS n=288 k=8 dx_ub=19 dz_ub=16 d_ub=16 steps=5000 id=C2xC2xC2_c00321
[pilot] MEAS n=288 k=8 dx_ub=16 dz_ub=16 d_ub=16 steps=5000 id=C2xC2xC2_c00370
[pilot] MEAS n=288 k=4 dx_ub=18 dz_ub=20 d_ub=18 steps=5000 id=C2xC2xC2_c00384
[saved] id=C2xC2xC2_c00384 -> results/c2xc2xc2_d16_20260120_145143/promising/C2xC2xC2_c00384 (reason: d>=sqrt(n))
[pilot] MEAS n=288 k=4 dx_ub=16 dz_ub=20 d_ub=16 steps=5000 id=C2xC2xC2_c00418
[pilot] TARGET_REJECT d_ub=14 target=16 id=C2xC2xC2_c00440
[pilot] MEAS n=288 k=8 dx_ub=16 dz_ub=16 d_ub=16 steps=5000 id=C2xC2xC2_c00443
[pilot] MEAS n=288 k=4 dx_ub=20 dz_ub=16 d_ub=16 steps=5000 id=C2xC2xC2_c00451
[pilot] MEAS n=288 k=4 dx_ub=20 dz_ub=20 d_ub=20 steps=5000 id=C2xC2xC2_c00482
[saved] id=C2xC2xC2_c00482 -> results/c2xc2xc2_d16_20260120_145143/promising/C2xC2xC2_c00482 (reason: d>=sqrt(n))
[pilot] TARGET_REJECT d_ub=15 target=16 id=C2xC2xC2_c00483
[pilot] MEAS n=288 k=4 dx_ub=20 dz_ub=16 d_ub=16 steps=5000 id=C2xC2xC2_c00484
[best_by_k] group=C2xC2xC2 n=288
k  | d_ub | steps | dx_ub | dz_ub | id
 4 |   20 |  5000 |    20 |    21 | C2xC2xC2_c00085
 8 |   16 |  5000 |    19 |    16 | C2xC2xC2_c00321
[coverage] group=C2xC2xC2 A_sel=128 B_sel=128 Q_meas=26 ratio_ge_sqrt=0.000 ratio_sel=0.002
[coverage] run summary:
[coverage] group=C2xC2xC2 A_sel=128 B_sel=128 Q_meas=26 ratio_ge_sqrt=0.000 ratio_sel=0.002
[summary] best-by-k (measured; includes rejects):
  k=4 best_d_ub=20 count_measured=16 example_id=C2xC2xC2_c00085
  k=8 best_d_ub=16 count_measured=10 example_id=C2xC2xC2_c00321
[summary] best-by-k (survivors; target=16):
  k=4 best_d_ub=20 count_survivors=14 example_id=C2xC2xC2_c00085
  k=8 best_d_ub=16 count_survivors=3 example_id=C2xC2xC2_c00321
[pilot] top results:
  01 group=C2xC2xC2 n=288 k=4 d_ub=20 permA=11 permB=27 saved=True
  02 group=C2xC2xC2 n=288 k=4 d_ub=20 permA=27 permB=8 saved=True
  03 group=C2xC2xC2 n=288 k=4 d_ub=20 permA=12 permB=8 saved=True
  04 group=C2xC2xC2 n=288 k=4 d_ub=19 permA=12 permB=8 saved=True
  05 group=C2xC2xC2 n=288 k=4 d_ub=19 permA=11 permB=27 saved=True
  06 group=C2xC2xC2 n=288 k=4 d_ub=18 permA=8 permB=7 saved=True
  07 group=C2xC2xC2 n=288 k=8 d_ub=16 permA=12 permB=20 saved=False
  08 group=C2xC2xC2 n=288 k=8 d_ub=16 permA=7 permB=12 saved=False
  09 group=C2xC2xC2 n=288 k=8 d_ub=16 permA=11 permB=20 saved=False
  10 group=C2xC2xC2 n=288 k=4 d_ub=16 permA=12 permB=11 saved=False

