=== mer. 21 janv. 2026 03:18:39 CET steps=20000 batch=27 seed=1768937130 ===
[pilot] base k_table top pairs:
  k_base=18 permA=0 permB=0
  k_base=12 permA=29 permB=0
  k_base=12 permA=22 permB=0
  k_base=12 permA=13 permB=0
  k_base=12 permA=6 permB=0
[pilot] A multisets raw=792 (expected=792) enum_mode=multiset cayley_unique=26 perms=30 -> total scored = 780
[pilot] B multisets raw=792 (expected=792) enum_mode=multiset cayley_unique=26 perms=30 -> total scored = 780
[pilot] A frontier kept 128 candidates with points: (4,20), (0,49)
[pilot] B frontier kept 128 candidates with points: (4,20), (0,49)
[pilot] C2xC2xC2 n=288 d0=17 A_sets=26*30 -> keep 128; B_sets=26*30 -> keep 128
[pilot] MEAS n=288 k=4 dx_ub=17 dz_ub=20 d_ub=17 steps=20000 id=C2xC2xC2_c00004
[saved] id=C2xC2xC2_c00004 -> results/c2xc2xc2_d16_20260121_031839/promising/C2xC2xC2_c00004 (reason: d>=sqrt(n))
[pilot] MEAS n=288 k=4 dx_ub=20 dz_ub=20 d_ub=20 steps=20000 id=C2xC2xC2_c00011
[saved] id=C2xC2xC2_c00011 -> results/c2xc2xc2_d16_20260121_031839/promising/C2xC2xC2_c00011 (reason: d>=sqrt(n))
[pilot] MEAS n=288 k=4 dx_ub=20 dz_ub=20 d_ub=20 steps=20000 id=C2xC2xC2_c00019
[saved] id=C2xC2xC2_c00019 -> results/c2xc2xc2_d16_20260121_031839/promising/C2xC2xC2_c00019 (reason: d>=sqrt(n))
[pilot] MEAS n=288 k=4 dx_ub=20 dz_ub=20 d_ub=20 steps=20000 id=C2xC2xC2_c00037
[saved] id=C2xC2xC2_c00037 -> results/c2xc2xc2_d16_20260121_031839/promising/C2xC2xC2_c00037 (reason: d>=sqrt(n))
[pilot] TARGET_REJECT d_ub=12 target=16 id=C2xC2xC2_c00079
[pilot] MEAS n=288 k=4 dx_ub=16 dz_ub=20 d_ub=16 steps=20000 id=C2xC2xC2_c00090
[pilot] MEAS n=288 k=4 dx_ub=20 dz_ub=16 d_ub=16 steps=20000 id=C2xC2xC2_c00115
[pilot] MEAS n=288 k=4 dx_ub=17 dz_ub=20 d_ub=17 steps=20000 id=C2xC2xC2_c00116
[saved] id=C2xC2xC2_c00116 -> results/c2xc2xc2_d16_20260121_031839/promising/C2xC2xC2_c00116 (reason: d>=sqrt(n))
[pilot] TARGET_REJECT d_ub=12 target=16 id=C2xC2xC2_c00142
[pilot] TARGET_REJECT d_ub=12 target=16 id=C2xC2xC2_c00159
[pilot] MEAS n=288 k=8 dx_ub=17 dz_ub=16 d_ub=16 steps=20000 id=C2xC2xC2_c00204
[pilot] TARGET_REJECT d_ub=15 target=16 id=C2xC2xC2_c00279
[pilot] TARGET_REJECT d_ub=12 target=16 id=C2xC2xC2_c00331
[pilot] MEAS n=288 k=4 dx_ub=16 dz_ub=16 d_ub=16 steps=20000 id=C2xC2xC2_c00366
[pilot] TARGET_REJECT d_ub=6 target=16 id=C2xC2xC2_c00369
[pilot] TARGET_REJECT d_ub=12 target=16 id=C2xC2xC2_c00371
[pilot] TARGET_REJECT d_ub=12 target=16 id=C2xC2xC2_c00420
[pilot] MEAS n=288 k=4 dx_ub=20 dz_ub=19 d_ub=19 steps=20000 id=C2xC2xC2_c00450
[saved] id=C2xC2xC2_c00450 -> results/c2xc2xc2_d16_20260121_031839/promising/C2xC2xC2_c00450 (reason: d>=sqrt(n))
[pilot] MEAS n=288 k=4 dx_ub=17 dz_ub=16 d_ub=16 steps=20000 id=C2xC2xC2_c00467
[pilot] TARGET_REJECT d_ub=6 target=16 id=C2xC2xC2_c00474
[pilot] MEAS n=288 k=4 dx_ub=20 dz_ub=20 d_ub=20 steps=20000 id=C2xC2xC2_c00495
[saved] id=C2xC2xC2_c00495 -> results/c2xc2xc2_d16_20260121_031839/promising/C2xC2xC2_c00495 (reason: d>=sqrt(n))
[best_by_k] group=C2xC2xC2 n=288
k  | d_ub | steps | dx_ub | dz_ub | id
 4 |   20 | 20000 |    20 |    20 | C2xC2xC2_c00011
 8 |   16 | 20000 |    17 |    16 | C2xC2xC2_c00204
[coverage] group=C2xC2xC2 A_sel=128 B_sel=128 Q_meas=21 ratio_ge_sqrt=0.000 ratio_sel=0.001
[coverage] run summary:
[coverage] group=C2xC2xC2 A_sel=128 B_sel=128 Q_meas=21 ratio_ge_sqrt=0.000 ratio_sel=0.001
[summary] best-by-k (measured; includes rejects):
  k=4 best_d_ub=20 count_measured=13 example_id=C2xC2xC2_c00011
  k=8 best_d_ub=16 count_measured=8 example_id=C2xC2xC2_c00204
[summary] best-by-k (survivors; target=16):
  k=4 best_d_ub=20 count_survivors=11 example_id=C2xC2xC2_c00011
  k=8 best_d_ub=16 count_survivors=1 example_id=C2xC2xC2_c00204
[pilot] top results:
  01 group=C2xC2xC2 n=288 k=4 d_ub=20 permA=27 permB=12 saved=True
  02 group=C2xC2xC2 n=288 k=4 d_ub=20 permA=11 permB=8 saved=True
  03 group=C2xC2xC2 n=288 k=4 d_ub=20 permA=27 permB=20 saved=True
  04 group=C2xC2xC2 n=288 k=4 d_ub=20 permA=11 permB=8 saved=True
  05 group=C2xC2xC2 n=288 k=4 d_ub=19 permA=11 permB=8 saved=True
  06 group=C2xC2xC2 n=288 k=4 d_ub=17 permA=7 permB=7 saved=True
  07 group=C2xC2xC2 n=288 k=4 d_ub=17 permA=20 permB=8 saved=True
  08 group=C2xC2xC2 n=288 k=8 d_ub=16 permA=12 permB=20 saved=False
  09 group=C2xC2xC2 n=288 k=4 d_ub=16 permA=7 permB=20 saved=False
  10 group=C2xC2xC2 n=288 k=4 d_ub=16 permA=8 permB=12 saved=False

