=== mar. 20 janv. 2026 15:22:11 CET steps=5000 batch=58 seed=1768922161 ===
[pilot] base k_table top pairs:
  k_base=18 permA=0 permB=0
  k_base=12 permA=29 permB=0
  k_base=12 permA=22 permB=0
  k_base=12 permA=13 permB=0
  k_base=12 permA=6 permB=0
[pilot] A multisets raw=792 (expected=792) enum_mode=multiset cayley_unique=26 perms=30 -> total scored = 780
[pilot] B multisets raw=792 (expected=792) enum_mode=multiset cayley_unique=26 perms=30 -> total scored = 780
[pilot] A frontier kept 128 candidates with points: (4,20), (0,49)
[pilot] B frontier kept 128 candidates with points: (4,20), (0,49)
[pilot] C2xC2xC2 n=288 d0=17 A_sets=26*30 -> keep 128; B_sets=26*30 -> keep 128
[pilot] TARGET_REJECT d_ub=12 target=16 id=C2xC2xC2_c00047
[pilot] TARGET_REJECT d_ub=12 target=16 id=C2xC2xC2_c00058
[pilot] MEAS n=288 k=4 dx_ub=20 dz_ub=20 d_ub=20 steps=5000 id=C2xC2xC2_c00066
[saved] id=C2xC2xC2_c00066 -> results/c2xc2xc2_d16_20260120_152211/promising/C2xC2xC2_c00066 (reason: d>=sqrt(n))
[pilot] MEAS n=288 k=4 dx_ub=16 dz_ub=16 d_ub=16 steps=5000 id=C2xC2xC2_c00073
[pilot] MEAS n=288 k=4 dx_ub=17 dz_ub=20 d_ub=17 steps=5000 id=C2xC2xC2_c00109
[saved] id=C2xC2xC2_c00109 -> results/c2xc2xc2_d16_20260120_152211/promising/C2xC2xC2_c00109 (reason: d>=sqrt(n))
[pilot] MEAS n=288 k=4 dx_ub=22 dz_ub=20 d_ub=20 steps=5000 id=C2xC2xC2_c00131
[saved] id=C2xC2xC2_c00131 -> results/c2xc2xc2_d16_20260120_152211/promising/C2xC2xC2_c00131 (reason: d>=sqrt(n))
[pilot] MEAS n=288 k=4 dx_ub=19 dz_ub=17 d_ub=17 steps=5000 id=C2xC2xC2_c00135
[saved] id=C2xC2xC2_c00135 -> results/c2xc2xc2_d16_20260120_152211/promising/C2xC2xC2_c00135 (reason: d>=sqrt(n))
[pilot] MEAS n=288 k=4 dx_ub=20 dz_ub=17 d_ub=17 steps=5000 id=C2xC2xC2_c00149
[saved] id=C2xC2xC2_c00149 -> results/c2xc2xc2_d16_20260120_152211/promising/C2xC2xC2_c00149 (reason: d>=sqrt(n))
[pilot] MEAS n=288 k=4 dx_ub=20 dz_ub=20 d_ub=20 steps=5000 id=C2xC2xC2_c00163
[saved] id=C2xC2xC2_c00163 -> results/c2xc2xc2_d16_20260120_152211/promising/C2xC2xC2_c00163 (reason: d>=sqrt(n))
[pilot] TARGET_REJECT d_ub=15 target=16 id=C2xC2xC2_c00173
[pilot] MEAS n=288 k=4 dx_ub=19 dz_ub=20 d_ub=19 steps=5000 id=C2xC2xC2_c00247
[saved] id=C2xC2xC2_c00247 -> results/c2xc2xc2_d16_20260120_152211/promising/C2xC2xC2_c00247 (reason: d>=sqrt(n))
[pilot] MEAS n=288 k=4 dx_ub=16 dz_ub=16 d_ub=16 steps=5000 id=C2xC2xC2_c00250
[pilot] MEAS n=288 k=4 dx_ub=20 dz_ub=19 d_ub=19 steps=5000 id=C2xC2xC2_c00251
[saved] id=C2xC2xC2_c00251 -> results/c2xc2xc2_d16_20260120_152211/promising/C2xC2xC2_c00251 (reason: d>=sqrt(n))
[pilot] MEAS n=288 k=4 dx_ub=22 dz_ub=20 d_ub=20 steps=5000 id=C2xC2xC2_c00256
[saved] id=C2xC2xC2_c00256 -> results/c2xc2xc2_d16_20260120_152211/promising/C2xC2xC2_c00256 (reason: d>=sqrt(n))
[pilot] TARGET_REJECT d_ub=14 target=16 id=C2xC2xC2_c00351
[pilot] MEAS n=288 k=4 dx_ub=20 dz_ub=20 d_ub=20 steps=5000 id=C2xC2xC2_c00358
[saved] id=C2xC2xC2_c00358 -> results/c2xc2xc2_d16_20260120_152211/promising/C2xC2xC2_c00358 (reason: d>=sqrt(n))
[pilot] MEAS n=288 k=4 dx_ub=20 dz_ub=20 d_ub=20 steps=5000 id=C2xC2xC2_c00408
[saved] id=C2xC2xC2_c00408 -> results/c2xc2xc2_d16_20260120_152211/promising/C2xC2xC2_c00408 (reason: d>=sqrt(n))
[pilot] MEAS n=288 k=4 dx_ub=17 dz_ub=16 d_ub=16 steps=5000 id=C2xC2xC2_c00439
[pilot] MEAS n=288 k=4 dx_ub=20 dz_ub=16 d_ub=16 steps=5000 id=C2xC2xC2_c00450
[pilot] MEAS n=288 k=4 dx_ub=21 dz_ub=16 d_ub=16 steps=5000 id=C2xC2xC2_c00467
[pilot] MEAS n=288 k=4 dx_ub=20 dz_ub=20 d_ub=20 steps=5000 id=C2xC2xC2_c00476
[saved] id=C2xC2xC2_c00476 -> results/c2xc2xc2_d16_20260120_152211/promising/C2xC2xC2_c00476 (reason: d>=sqrt(n))
[best_by_k] group=C2xC2xC2 n=288
k  | d_ub | steps | dx_ub | dz_ub | id
 4 |   20 |  5000 |    20 |    20 | C2xC2xC2_c00066
[coverage] group=C2xC2xC2 A_sel=128 B_sel=128 Q_meas=21 ratio_ge_sqrt=0.000 ratio_sel=0.001
[coverage] run summary:
[coverage] group=C2xC2xC2 A_sel=128 B_sel=128 Q_meas=21 ratio_ge_sqrt=0.000 ratio_sel=0.001
[summary] best-by-k (measured; includes rejects):
  k=4 best_d_ub=20 count_measured=19 example_id=C2xC2xC2_c00066
  k=8 best_d_ub=15 count_measured=2 example_id=C2xC2xC2_c00173
[summary] best-by-k (survivors; target=16):
  k=4 best_d_ub=20 count_survivors=17 example_id=C2xC2xC2_c00066
[pilot] top results:
  01 group=C2xC2xC2 n=288 k=4 d_ub=20 permA=7 permB=20 saved=True
  02 group=C2xC2xC2 n=288 k=4 d_ub=20 permA=20 permB=27 saved=True
  03 group=C2xC2xC2 n=288 k=4 d_ub=20 permA=27 permB=12 saved=True
  04 group=C2xC2xC2 n=288 k=4 d_ub=20 permA=27 permB=11 saved=True
  05 group=C2xC2xC2 n=288 k=4 d_ub=20 permA=12 permB=27 saved=True
  06 group=C2xC2xC2 n=288 k=4 d_ub=20 permA=27 permB=7 saved=True
  07 group=C2xC2xC2 n=288 k=4 d_ub=20 permA=11 permB=11 saved=True
  08 group=C2xC2xC2 n=288 k=4 d_ub=19 permA=27 permB=11 saved=True
  09 group=C2xC2xC2 n=288 k=4 d_ub=19 permA=11 permB=8 saved=True
  10 group=C2xC2xC2 n=288 k=4 d_ub=17 permA=7 permB=11 saved=True

