=== mar. 20 janv. 2026 17:58:40 CET steps=5000 batch=98 seed=1768922201 ===
[pilot] base k_table top pairs:
  k_base=18 permA=0 permB=0
  k_base=12 permA=29 permB=0
  k_base=12 permA=22 permB=0
  k_base=12 permA=13 permB=0
  k_base=12 permA=6 permB=0
[pilot] A multisets raw=792 (expected=792) enum_mode=multiset cayley_unique=26 perms=30 -> total scored = 780
[pilot] B multisets raw=792 (expected=792) enum_mode=multiset cayley_unique=26 perms=30 -> total scored = 780
[pilot] A frontier kept 128 candidates with points: (4,20), (0,49)
[pilot] B frontier kept 128 candidates with points: (4,20), (0,49)
[pilot] C2xC2xC2 n=288 d0=17 A_sets=26*30 -> keep 128; B_sets=26*30 -> keep 128
[pilot] MEAS n=288 k=4 dx_ub=16 dz_ub=20 d_ub=16 steps=5000 id=C2xC2xC2_c00030
[pilot] MEAS n=288 k=4 dx_ub=19 dz_ub=20 d_ub=19 steps=5000 id=C2xC2xC2_c00089
[saved] id=C2xC2xC2_c00089 -> results/c2xc2xc2_d16_20260120_175840/promising/C2xC2xC2_c00089 (reason: d>=sqrt(n))
[pilot] MEAS n=288 k=4 dx_ub=16 dz_ub=17 d_ub=16 steps=5000 id=C2xC2xC2_c00090
[pilot] MEAS n=288 k=4 dx_ub=20 dz_ub=20 d_ub=20 steps=5000 id=C2xC2xC2_c00095
[saved] id=C2xC2xC2_c00095 -> results/c2xc2xc2_d16_20260120_175840/promising/C2xC2xC2_c00095 (reason: d>=sqrt(n))
[pilot] MEAS n=288 k=4 dx_ub=20 dz_ub=20 d_ub=20 steps=5000 id=C2xC2xC2_c00131
[saved] id=C2xC2xC2_c00131 -> results/c2xc2xc2_d16_20260120_175840/promising/C2xC2xC2_c00131 (reason: d>=sqrt(n))
[pilot] MEAS n=288 k=4 dx_ub=20 dz_ub=16 d_ub=16 steps=5000 id=C2xC2xC2_c00136
[pilot] TARGET_REJECT d_ub=13 target=16 id=C2xC2xC2_c00157
[pilot] MEAS n=288 k=4 dx_ub=22 dz_ub=20 d_ub=20 steps=5000 id=C2xC2xC2_c00177
[saved] id=C2xC2xC2_c00177 -> results/c2xc2xc2_d16_20260120_175840/promising/C2xC2xC2_c00177 (reason: d>=sqrt(n))
[pilot] MEAS n=288 k=4 dx_ub=17 dz_ub=16 d_ub=16 steps=5000 id=C2xC2xC2_c00198
[pilot] TARGET_REJECT d_ub=6 target=16 id=C2xC2xC2_c00211
[pilot] TARGET_REJECT d_ub=12 target=16 id=C2xC2xC2_c00236
[pilot] MEAS n=288 k=4 dx_ub=20 dz_ub=20 d_ub=20 steps=5000 id=C2xC2xC2_c00266
[saved] id=C2xC2xC2_c00266 -> results/c2xc2xc2_d16_20260120_175840/promising/C2xC2xC2_c00266 (reason: d>=sqrt(n))
[pilot] MEAS n=288 k=4 dx_ub=19 dz_ub=17 d_ub=17 steps=5000 id=C2xC2xC2_c00278
[saved] id=C2xC2xC2_c00278 -> results/c2xc2xc2_d16_20260120_175840/promising/C2xC2xC2_c00278 (reason: d>=sqrt(n))
[pilot] MEAS n=288 k=4 dx_ub=20 dz_ub=20 d_ub=20 steps=5000 id=C2xC2xC2_c00301
[saved] id=C2xC2xC2_c00301 -> results/c2xc2xc2_d16_20260120_175840/promising/C2xC2xC2_c00301 (reason: d>=sqrt(n))
[pilot] MEAS n=288 k=4 dx_ub=20 dz_ub=20 d_ub=20 steps=5000 id=C2xC2xC2_c00324
[saved] id=C2xC2xC2_c00324 -> results/c2xc2xc2_d16_20260120_175840/promising/C2xC2xC2_c00324 (reason: d>=sqrt(n))
[pilot] TARGET_REJECT d_ub=12 target=16 id=C2xC2xC2_c00345
[pilot] TARGET_REJECT d_ub=6 target=16 id=C2xC2xC2_c00351
[pilot] MEAS n=288 k=8 dx_ub=18 dz_ub=16 d_ub=16 steps=5000 id=C2xC2xC2_c00354
[pilot] MEAS n=288 k=4 dx_ub=20 dz_ub=20 d_ub=20 steps=5000 id=C2xC2xC2_c00404
[saved] id=C2xC2xC2_c00404 -> results/c2xc2xc2_d16_20260120_175840/promising/C2xC2xC2_c00404 (reason: d>=sqrt(n))
[pilot] MEAS n=288 k=4 dx_ub=17 dz_ub=20 d_ub=17 steps=5000 id=C2xC2xC2_c00435
[saved] id=C2xC2xC2_c00435 -> results/c2xc2xc2_d16_20260120_175840/promising/C2xC2xC2_c00435 (reason: d>=sqrt(n))
[pilot] MEAS n=288 k=4 dx_ub=16 dz_ub=20 d_ub=16 steps=5000 id=C2xC2xC2_c00470
[best_by_k] group=C2xC2xC2 n=288
k  | d_ub | steps | dx_ub | dz_ub | id
 4 |   20 |  5000 |    20 |    20 | C2xC2xC2_c00095
 8 |   16 |  5000 |    18 |    16 | C2xC2xC2_c00354
[coverage] group=C2xC2xC2 A_sel=128 B_sel=128 Q_meas=21 ratio_ge_sqrt=0.000 ratio_sel=0.001
[coverage] run summary:
[coverage] group=C2xC2xC2 A_sel=128 B_sel=128 Q_meas=21 ratio_ge_sqrt=0.000 ratio_sel=0.001
[summary] best-by-k (measured; includes rejects):
  k=4 best_d_ub=20 count_measured=15 example_id=C2xC2xC2_c00095
  k=8 best_d_ub=16 count_measured=6 example_id=C2xC2xC2_c00354
[summary] best-by-k (survivors; target=16):
  k=4 best_d_ub=20 count_survivors=15 example_id=C2xC2xC2_c00095
  k=8 best_d_ub=16 count_survivors=1 example_id=C2xC2xC2_c00354
[pilot] top results:
  01 group=C2xC2xC2 n=288 k=4 d_ub=20 permA=11 permB=27 saved=True
  02 group=C2xC2xC2 n=288 k=4 d_ub=20 permA=27 permB=8 saved=True
  03 group=C2xC2xC2 n=288 k=4 d_ub=20 permA=12 permB=8 saved=True
  04 group=C2xC2xC2 n=288 k=4 d_ub=20 permA=12 permB=11 saved=True
  05 group=C2xC2xC2 n=288 k=4 d_ub=20 permA=27 permB=8 saved=True
  06 group=C2xC2xC2 n=288 k=4 d_ub=20 permA=12 permB=11 saved=True
  07 group=C2xC2xC2 n=288 k=4 d_ub=20 permA=11 permB=11 saved=True
  08 group=C2xC2xC2 n=288 k=4 d_ub=19 permA=27 permB=27 saved=True
  09 group=C2xC2xC2 n=288 k=4 d_ub=17 permA=27 permB=8 saved=True
  10 group=C2xC2xC2 n=288 k=4 d_ub=17 permA=7 permB=11 saved=True

