=== mar. 20 janv. 2026 15:26:59 CET steps=5000 batch=67 seed=1768922170 ===
[pilot] base k_table top pairs:
  k_base=18 permA=0 permB=0
  k_base=12 permA=29 permB=0
  k_base=12 permA=22 permB=0
  k_base=12 permA=13 permB=0
  k_base=12 permA=6 permB=0
[pilot] A multisets raw=792 (expected=792) enum_mode=multiset cayley_unique=26 perms=30 -> total scored = 780
[pilot] B multisets raw=792 (expected=792) enum_mode=multiset cayley_unique=26 perms=30 -> total scored = 780
[pilot] A frontier kept 128 candidates with points: (4,20), (0,49)
[pilot] B frontier kept 128 candidates with points: (4,20), (0,49)
[pilot] C2xC2xC2 n=288 d0=17 A_sets=26*30 -> keep 128; B_sets=26*30 -> keep 128
[pilot] MEAS n=288 k=4 dx_ub=20 dz_ub=19 d_ub=19 steps=5000 id=C2xC2xC2_c00001
[saved] id=C2xC2xC2_c00001 -> results/c2xc2xc2_d16_20260120_152659/promising/C2xC2xC2_c00001 (reason: d>=sqrt(n))
[pilot] TARGET_REJECT d_ub=13 target=16 id=C2xC2xC2_c00025
[pilot] MEAS n=288 k=4 dx_ub=16 dz_ub=18 d_ub=16 steps=5000 id=C2xC2xC2_c00033
[pilot] MEAS n=288 k=4 dx_ub=20 dz_ub=17 d_ub=17 steps=5000 id=C2xC2xC2_c00047
[saved] id=C2xC2xC2_c00047 -> results/c2xc2xc2_d16_20260120_152659/promising/C2xC2xC2_c00047 (reason: d>=sqrt(n))
[pilot] MEAS n=288 k=4 dx_ub=17 dz_ub=20 d_ub=17 steps=5000 id=C2xC2xC2_c00093
[saved] id=C2xC2xC2_c00093 -> results/c2xc2xc2_d16_20260120_152659/promising/C2xC2xC2_c00093 (reason: d>=sqrt(n))
[pilot] MEAS n=288 k=4 dx_ub=20 dz_ub=21 d_ub=20 steps=5000 id=C2xC2xC2_c00101
[saved] id=C2xC2xC2_c00101 -> results/c2xc2xc2_d16_20260120_152659/promising/C2xC2xC2_c00101 (reason: d>=sqrt(n))
[pilot] MEAS n=288 k=4 dx_ub=20 dz_ub=23 d_ub=20 steps=5000 id=C2xC2xC2_c00118
[saved] id=C2xC2xC2_c00118 -> results/c2xc2xc2_d16_20260120_152659/promising/C2xC2xC2_c00118 (reason: d>=sqrt(n))
[pilot] TARGET_REJECT d_ub=12 target=16 id=C2xC2xC2_c00157
[pilot] MEAS n=288 k=4 dx_ub=17 dz_ub=20 d_ub=17 steps=5000 id=C2xC2xC2_c00175
[saved] id=C2xC2xC2_c00175 -> results/c2xc2xc2_d16_20260120_152659/promising/C2xC2xC2_c00175 (reason: d>=sqrt(n))
[pilot] TARGET_REJECT d_ub=12 target=16 id=C2xC2xC2_c00180
[pilot] TARGET_REJECT d_ub=15 target=16 id=C2xC2xC2_c00242
[pilot] MEAS n=288 k=4 dx_ub=20 dz_ub=20 d_ub=20 steps=5000 id=C2xC2xC2_c00274
[saved] id=C2xC2xC2_c00274 -> results/c2xc2xc2_d16_20260120_152659/promising/C2xC2xC2_c00274 (reason: d>=sqrt(n))
[pilot] MEAS n=288 k=4 dx_ub=16 dz_ub=16 d_ub=16 steps=5000 id=C2xC2xC2_c00286
[pilot] MEAS n=288 k=4 dx_ub=16 dz_ub=18 d_ub=16 steps=5000 id=C2xC2xC2_c00289
[pilot] MEAS n=288 k=4 dx_ub=20 dz_ub=20 d_ub=20 steps=5000 id=C2xC2xC2_c00317
[saved] id=C2xC2xC2_c00317 -> results/c2xc2xc2_d16_20260120_152659/promising/C2xC2xC2_c00317 (reason: d>=sqrt(n))
[pilot] MEAS n=288 k=4 dx_ub=20 dz_ub=20 d_ub=20 steps=5000 id=C2xC2xC2_c00343
[saved] id=C2xC2xC2_c00343 -> results/c2xc2xc2_d16_20260120_152659/promising/C2xC2xC2_c00343 (reason: d>=sqrt(n))
[pilot] TARGET_REJECT d_ub=12 target=16 id=C2xC2xC2_c00357
[pilot] MEAS n=288 k=4 dx_ub=17 dz_ub=16 d_ub=16 steps=5000 id=C2xC2xC2_c00400
[pilot] MEAS n=288 k=4 dx_ub=17 dz_ub=20 d_ub=17 steps=5000 id=C2xC2xC2_c00411
[saved] id=C2xC2xC2_c00411 -> results/c2xc2xc2_d16_20260120_152659/promising/C2xC2xC2_c00411 (reason: d>=sqrt(n))
[pilot] MEAS n=288 k=4 dx_ub=20 dz_ub=20 d_ub=20 steps=5000 id=C2xC2xC2_c00418
[saved] id=C2xC2xC2_c00418 -> results/c2xc2xc2_d16_20260120_152659/promising/C2xC2xC2_c00418 (reason: d>=sqrt(n))
[pilot] MEAS n=288 k=4 dx_ub=16 dz_ub=16 d_ub=16 steps=5000 id=C2xC2xC2_c00432
[pilot] MEAS n=288 k=4 dx_ub=20 dz_ub=20 d_ub=20 steps=5000 id=C2xC2xC2_c00469
[saved] id=C2xC2xC2_c00469 -> results/c2xc2xc2_d16_20260120_152659/promising/C2xC2xC2_c00469 (reason: d>=sqrt(n))
[best_by_k] group=C2xC2xC2 n=288
k  | d_ub | steps | dx_ub | dz_ub | id
 4 |   20 |  5000 |    20 |    21 | C2xC2xC2_c00101
[coverage] group=C2xC2xC2 A_sel=128 B_sel=128 Q_meas=22 ratio_ge_sqrt=0.000 ratio_sel=0.001
[coverage] run summary:
[coverage] group=C2xC2xC2 A_sel=128 B_sel=128 Q_meas=22 ratio_ge_sqrt=0.000 ratio_sel=0.001
[summary] best-by-k (measured; includes rejects):
  k=4 best_d_ub=20 count_measured=18 example_id=C2xC2xC2_c00101
  k=8 best_d_ub=15 count_measured=4 example_id=C2xC2xC2_c00242
[summary] best-by-k (survivors; target=16):
  k=4 best_d_ub=20 count_survivors=17 example_id=C2xC2xC2_c00101
[pilot] top results:
  01 group=C2xC2xC2 n=288 k=4 d_ub=20 permA=12 permB=8 saved=True
  02 group=C2xC2xC2 n=288 k=4 d_ub=20 permA=11 permB=8 saved=True
  03 group=C2xC2xC2 n=288 k=4 d_ub=20 permA=11 permB=20 saved=True
  04 group=C2xC2xC2 n=288 k=4 d_ub=20 permA=27 permB=11 saved=True
  05 group=C2xC2xC2 n=288 k=4 d_ub=20 permA=11 permB=11 saved=True
  06 group=C2xC2xC2 n=288 k=4 d_ub=20 permA=11 permB=7 saved=True
  07 group=C2xC2xC2 n=288 k=4 d_ub=20 permA=27 permB=20 saved=True
  08 group=C2xC2xC2 n=288 k=4 d_ub=19 permA=27 permB=27 saved=True
  09 group=C2xC2xC2 n=288 k=4 d_ub=17 permA=27 permB=20 saved=True
  10 group=C2xC2xC2 n=288 k=4 d_ub=17 permA=7 permB=11 saved=True

