=== mar. 20 janv. 2026 15:21:03 CET steps=5000 batch=56 seed=1768922159 ===
[pilot] base k_table top pairs:
  k_base=18 permA=0 permB=0
  k_base=12 permA=29 permB=0
  k_base=12 permA=22 permB=0
  k_base=12 permA=13 permB=0
  k_base=12 permA=6 permB=0
[pilot] A multisets raw=792 (expected=792) enum_mode=multiset cayley_unique=26 perms=30 -> total scored = 780
[pilot] B multisets raw=792 (expected=792) enum_mode=multiset cayley_unique=26 perms=30 -> total scored = 780
[pilot] A frontier kept 128 candidates with points: (4,20), (0,49)
[pilot] B frontier kept 128 candidates with points: (4,20), (0,49)
[pilot] C2xC2xC2 n=288 d0=17 A_sets=26*30 -> keep 128; B_sets=26*30 -> keep 128
[pilot] MEAS n=288 k=4 dx_ub=22 dz_ub=20 d_ub=20 steps=5000 id=C2xC2xC2_c00029
[saved] id=C2xC2xC2_c00029 -> results/c2xc2xc2_d16_20260120_152103/promising/C2xC2xC2_c00029 (reason: d>=sqrt(n))
[pilot] TARGET_REJECT d_ub=14 target=16 id=C2xC2xC2_c00030
[pilot] MEAS n=288 k=4 dx_ub=16 dz_ub=20 d_ub=16 steps=5000 id=C2xC2xC2_c00034
[pilot] MEAS n=288 k=4 dx_ub=17 dz_ub=20 d_ub=17 steps=5000 id=C2xC2xC2_c00036
[saved] id=C2xC2xC2_c00036 -> results/c2xc2xc2_d16_20260120_152103/promising/C2xC2xC2_c00036 (reason: d>=sqrt(n))
[pilot] MEAS n=288 k=4 dx_ub=16 dz_ub=16 d_ub=16 steps=5000 id=C2xC2xC2_c00054
[pilot] TARGET_REJECT d_ub=6 target=16 id=C2xC2xC2_c00059
[pilot] MEAS n=288 k=4 dx_ub=20 dz_ub=20 d_ub=20 steps=5000 id=C2xC2xC2_c00064
[saved] id=C2xC2xC2_c00064 -> results/c2xc2xc2_d16_20260120_152103/promising/C2xC2xC2_c00064 (reason: d>=sqrt(n))
[pilot] TARGET_REJECT d_ub=12 target=16 id=C2xC2xC2_c00109
[pilot] MEAS n=288 k=4 dx_ub=17 dz_ub=16 d_ub=16 steps=5000 id=C2xC2xC2_c00120
[pilot] MEAS n=288 k=8 dx_ub=17 dz_ub=16 d_ub=16 steps=5000 id=C2xC2xC2_c00126
[pilot] TARGET_REJECT d_ub=14 target=16 id=C2xC2xC2_c00143
[pilot] MEAS n=288 k=4 dx_ub=16 dz_ub=17 d_ub=16 steps=5000 id=C2xC2xC2_c00147
[pilot] MEAS n=288 k=4 dx_ub=20 dz_ub=20 d_ub=20 steps=5000 id=C2xC2xC2_c00183
[saved] id=C2xC2xC2_c00183 -> results/c2xc2xc2_d16_20260120_152103/promising/C2xC2xC2_c00183 (reason: d>=sqrt(n))
[pilot] MEAS n=288 k=4 dx_ub=20 dz_ub=20 d_ub=20 steps=5000 id=C2xC2xC2_c00186
[saved] id=C2xC2xC2_c00186 -> results/c2xc2xc2_d16_20260120_152103/promising/C2xC2xC2_c00186 (reason: d>=sqrt(n))
[pilot] MEAS n=288 k=4 dx_ub=20 dz_ub=16 d_ub=16 steps=5000 id=C2xC2xC2_c00189
[pilot] TARGET_REJECT d_ub=12 target=16 id=C2xC2xC2_c00206
[pilot] MEAS n=288 k=4 dx_ub=20 dz_ub=19 d_ub=19 steps=5000 id=C2xC2xC2_c00219
[saved] id=C2xC2xC2_c00219 -> results/c2xc2xc2_d16_20260120_152103/promising/C2xC2xC2_c00219 (reason: d>=sqrt(n))
[pilot] TARGET_REJECT d_ub=12 target=16 id=C2xC2xC2_c00247
[pilot] MEAS n=288 k=4 dx_ub=20 dz_ub=19 d_ub=19 steps=5000 id=C2xC2xC2_c00284
[saved] id=C2xC2xC2_c00284 -> results/c2xc2xc2_d16_20260120_152103/promising/C2xC2xC2_c00284 (reason: d>=sqrt(n))
[pilot] MEAS n=288 k=4 dx_ub=16 dz_ub=17 d_ub=16 steps=5000 id=C2xC2xC2_c00435
[pilot] MEAS n=288 k=4 dx_ub=16 dz_ub=16 d_ub=16 steps=5000 id=C2xC2xC2_c00444
[pilot] MEAS n=288 k=4 dx_ub=20 dz_ub=19 d_ub=19 steps=5000 id=C2xC2xC2_c00446
[saved] id=C2xC2xC2_c00446 -> results/c2xc2xc2_d16_20260120_152103/promising/C2xC2xC2_c00446 (reason: d>=sqrt(n))
[pilot] MEAS n=288 k=4 dx_ub=16 dz_ub=18 d_ub=16 steps=5000 id=C2xC2xC2_c00454
[pilot] TARGET_REJECT d_ub=12 target=16 id=C2xC2xC2_c00475
[pilot] TARGET_REJECT d_ub=12 target=16 id=C2xC2xC2_c00482
[best_by_k] group=C2xC2xC2 n=288
k  | d_ub | steps | dx_ub | dz_ub | id
 4 |   20 |  5000 |    22 |    20 | C2xC2xC2_c00029
 8 |   16 |  5000 |    17 |    16 | C2xC2xC2_c00126
[coverage] group=C2xC2xC2 A_sel=128 B_sel=128 Q_meas=25 ratio_ge_sqrt=0.000 ratio_sel=0.002
[coverage] run summary:
[coverage] group=C2xC2xC2 A_sel=128 B_sel=128 Q_meas=25 ratio_ge_sqrt=0.000 ratio_sel=0.002
[summary] best-by-k (measured; includes rejects):
  k=4 best_d_ub=20 count_measured=17 example_id=C2xC2xC2_c00029
  k=8 best_d_ub=16 count_measured=8 example_id=C2xC2xC2_c00126
[summary] best-by-k (survivors; target=16):
  k=4 best_d_ub=20 count_survivors=16 example_id=C2xC2xC2_c00029
  k=8 best_d_ub=16 count_survivors=1 example_id=C2xC2xC2_c00126
[pilot] top results:
  01 group=C2xC2xC2 n=288 k=4 d_ub=20 permA=27 permB=11 saved=True
  02 group=C2xC2xC2 n=288 k=4 d_ub=20 permA=7 permB=20 saved=True
  03 group=C2xC2xC2 n=288 k=4 d_ub=20 permA=11 permB=27 saved=True
  04 group=C2xC2xC2 n=288 k=4 d_ub=20 permA=20 permB=7 saved=True
  05 group=C2xC2xC2 n=288 k=4 d_ub=19 permA=20 permB=11 saved=True
  06 group=C2xC2xC2 n=288 k=4 d_ub=19 permA=8 permB=11 saved=True
  07 group=C2xC2xC2 n=288 k=4 d_ub=19 permA=12 permB=11 saved=True
  08 group=C2xC2xC2 n=288 k=4 d_ub=17 permA=12 permB=8 saved=True
  09 group=C2xC2xC2 n=288 k=8 d_ub=16 permA=7 permB=27 saved=False
  10 group=C2xC2xC2 n=288 k=4 d_ub=16 permA=12 permB=20 saved=False

