=== mer. 21 janv. 2026 02:42:57 CET steps=20000 batch=25 seed=1768937128 ===
[pilot] base k_table top pairs:
  k_base=18 permA=0 permB=0
  k_base=12 permA=29 permB=0
  k_base=12 permA=22 permB=0
  k_base=12 permA=13 permB=0
  k_base=12 permA=6 permB=0
[pilot] A multisets raw=792 (expected=792) enum_mode=multiset cayley_unique=26 perms=30 -> total scored = 780
[pilot] B multisets raw=792 (expected=792) enum_mode=multiset cayley_unique=26 perms=30 -> total scored = 780
[pilot] A frontier kept 128 candidates with points: (4,20), (0,49)
[pilot] B frontier kept 128 candidates with points: (4,20), (0,49)
[pilot] C2xC2xC2 n=288 d0=17 A_sets=26*30 -> keep 128; B_sets=26*30 -> keep 128
[pilot] MEAS n=288 k=4 dx_ub=20 dz_ub=20 d_ub=20 steps=20000 id=C2xC2xC2_c00002
[saved] id=C2xC2xC2_c00002 -> results/c2xc2xc2_d16_20260121_024257/promising/C2xC2xC2_c00002 (reason: d>=sqrt(n))
[pilot] MEAS n=288 k=4 dx_ub=20 dz_ub=17 d_ub=17 steps=20000 id=C2xC2xC2_c00010
[saved] id=C2xC2xC2_c00010 -> results/c2xc2xc2_d16_20260121_024257/promising/C2xC2xC2_c00010 (reason: d>=sqrt(n))
[pilot] TARGET_REJECT d_ub=6 target=16 id=C2xC2xC2_c00023
[pilot] TARGET_REJECT d_ub=12 target=16 id=C2xC2xC2_c00087
[pilot] TARGET_REJECT d_ub=6 target=16 id=C2xC2xC2_c00113
[pilot] MEAS n=288 k=4 dx_ub=19 dz_ub=19 d_ub=19 steps=20000 id=C2xC2xC2_c00129
[saved] id=C2xC2xC2_c00129 -> results/c2xc2xc2_d16_20260121_024257/promising/C2xC2xC2_c00129 (reason: d>=sqrt(n))
[pilot] MEAS n=288 k=4 dx_ub=20 dz_ub=18 d_ub=18 steps=20000 id=C2xC2xC2_c00135
[saved] id=C2xC2xC2_c00135 -> results/c2xc2xc2_d16_20260121_024257/promising/C2xC2xC2_c00135 (reason: d>=sqrt(n))
[pilot] MEAS n=288 k=4 dx_ub=17 dz_ub=20 d_ub=17 steps=20000 id=C2xC2xC2_c00200
[saved] id=C2xC2xC2_c00200 -> results/c2xc2xc2_d16_20260121_024257/promising/C2xC2xC2_c00200 (reason: d>=sqrt(n))
[pilot] TARGET_REJECT d_ub=13 target=16 id=C2xC2xC2_c00240
[pilot] MEAS n=288 k=4 dx_ub=20 dz_ub=20 d_ub=20 steps=20000 id=C2xC2xC2_c00300
[saved] id=C2xC2xC2_c00300 -> results/c2xc2xc2_d16_20260121_024257/promising/C2xC2xC2_c00300 (reason: d>=sqrt(n))
[pilot] MEAS n=288 k=4 dx_ub=20 dz_ub=19 d_ub=19 steps=20000 id=C2xC2xC2_c00329
[saved] id=C2xC2xC2_c00329 -> results/c2xc2xc2_d16_20260121_024257/promising/C2xC2xC2_c00329 (reason: d>=sqrt(n))
[pilot] TARGET_REJECT d_ub=12 target=16 id=C2xC2xC2_c00356
[pilot] MEAS n=288 k=4 dx_ub=17 dz_ub=17 d_ub=17 steps=20000 id=C2xC2xC2_c00398
[saved] id=C2xC2xC2_c00398 -> results/c2xc2xc2_d16_20260121_024257/promising/C2xC2xC2_c00398 (reason: d>=sqrt(n))
[pilot] TARGET_REJECT d_ub=14 target=16 id=C2xC2xC2_c00423
[pilot] TARGET_REJECT d_ub=6 target=16 id=C2xC2xC2_c00424
[pilot] MEAS n=288 k=4 dx_ub=19 dz_ub=20 d_ub=19 steps=20000 id=C2xC2xC2_c00461
[saved] id=C2xC2xC2_c00461 -> results/c2xc2xc2_d16_20260121_024257/promising/C2xC2xC2_c00461 (reason: d>=sqrt(n))
[pilot] MEAS n=288 k=4 dx_ub=17 dz_ub=20 d_ub=17 steps=20000 id=C2xC2xC2_c00462
[saved] id=C2xC2xC2_c00462 -> results/c2xc2xc2_d16_20260121_024257/promising/C2xC2xC2_c00462 (reason: d>=sqrt(n))
[pilot] MEAS n=288 k=4 dx_ub=17 dz_ub=16 d_ub=16 steps=20000 id=C2xC2xC2_c00489
[best_by_k] group=C2xC2xC2 n=288
k  | d_ub | steps | dx_ub | dz_ub | id
 4 |   20 | 20000 |    20 |    20 | C2xC2xC2_c00002
[coverage] group=C2xC2xC2 A_sel=128 B_sel=128 Q_meas=18 ratio_ge_sqrt=0.000 ratio_sel=0.001
[coverage] run summary:
[coverage] group=C2xC2xC2 A_sel=128 B_sel=128 Q_meas=18 ratio_ge_sqrt=0.000 ratio_sel=0.001
[summary] best-by-k (measured; includes rejects):
  k=4 best_d_ub=20 count_measured=13 example_id=C2xC2xC2_c00002
  k=8 best_d_ub=14 count_measured=5 example_id=C2xC2xC2_c00423
[summary] best-by-k (survivors; target=16):
  k=4 best_d_ub=20 count_survivors=11 example_id=C2xC2xC2_c00002
[pilot] top results:
  01 group=C2xC2xC2 n=288 k=4 d_ub=20 permA=11 permB=11 saved=True
  02 group=C2xC2xC2 n=288 k=4 d_ub=20 permA=8 permB=27 saved=True
  03 group=C2xC2xC2 n=288 k=4 d_ub=19 permA=27 permB=27 saved=True
  04 group=C2xC2xC2 n=288 k=4 d_ub=19 permA=27 permB=8 saved=True
  05 group=C2xC2xC2 n=288 k=4 d_ub=19 permA=20 permB=11 saved=True
  06 group=C2xC2xC2 n=288 k=4 d_ub=18 permA=20 permB=7 saved=True
  07 group=C2xC2xC2 n=288 k=4 d_ub=17 permA=20 permB=20 saved=True
  08 group=C2xC2xC2 n=288 k=4 d_ub=17 permA=11 permB=12 saved=True
  09 group=C2xC2xC2 n=288 k=4 d_ub=17 permA=20 permB=8 saved=True
  10 group=C2xC2xC2 n=288 k=4 d_ub=17 permA=27 permB=8 saved=True

