=== mar. 20 janv. 2026 21:01:05 CET steps=20000 batch=7 seed=1768937110 ===
[pilot] base k_table top pairs:
  k_base=18 permA=0 permB=0
  k_base=12 permA=29 permB=0
  k_base=12 permA=22 permB=0
  k_base=12 permA=13 permB=0
  k_base=12 permA=6 permB=0
[pilot] A multisets raw=792 (expected=792) enum_mode=multiset cayley_unique=26 perms=30 -> total scored = 780
[pilot] B multisets raw=792 (expected=792) enum_mode=multiset cayley_unique=26 perms=30 -> total scored = 780
[pilot] A frontier kept 128 candidates with points: (4,20), (0,49)
[pilot] B frontier kept 128 candidates with points: (4,20), (0,49)
[pilot] C2xC2xC2 n=288 d0=17 A_sets=26*30 -> keep 128; B_sets=26*30 -> keep 128
[pilot] MEAS n=288 k=4 dx_ub=20 dz_ub=17 d_ub=17 steps=20000 id=C2xC2xC2_c00025
[saved] id=C2xC2xC2_c00025 -> results/c2xc2xc2_d16_20260120_210105/promising/C2xC2xC2_c00025 (reason: d>=sqrt(n))
[pilot] MEAS n=288 k=4 dx_ub=17 dz_ub=20 d_ub=17 steps=20000 id=C2xC2xC2_c00055
[saved] id=C2xC2xC2_c00055 -> results/c2xc2xc2_d16_20260120_210105/promising/C2xC2xC2_c00055 (reason: d>=sqrt(n))
[pilot] MEAS n=288 k=4 dx_ub=17 dz_ub=20 d_ub=17 steps=20000 id=C2xC2xC2_c00081
[saved] id=C2xC2xC2_c00081 -> results/c2xc2xc2_d16_20260120_210105/promising/C2xC2xC2_c00081 (reason: d>=sqrt(n))
[pilot] MEAS n=288 k=4 dx_ub=19 dz_ub=19 d_ub=19 steps=20000 id=C2xC2xC2_c00166
[saved] id=C2xC2xC2_c00166 -> results/c2xc2xc2_d16_20260120_210105/promising/C2xC2xC2_c00166 (reason: d>=sqrt(n))
[pilot] TARGET_REJECT d_ub=6 target=16 id=C2xC2xC2_c00183
[pilot] MEAS n=288 k=4 dx_ub=16 dz_ub=16 d_ub=16 steps=20000 id=C2xC2xC2_c00243
[pilot] MEAS n=288 k=4 dx_ub=17 dz_ub=20 d_ub=17 steps=20000 id=C2xC2xC2_c00262
[saved] id=C2xC2xC2_c00262 -> results/c2xc2xc2_d16_20260120_210105/promising/C2xC2xC2_c00262 (reason: d>=sqrt(n))
[pilot] MEAS n=288 k=4 dx_ub=16 dz_ub=17 d_ub=16 steps=20000 id=C2xC2xC2_c00270
[pilot] TARGET_REJECT d_ub=6 target=16 id=C2xC2xC2_c00275
[pilot] MEAS n=288 k=4 dx_ub=20 dz_ub=20 d_ub=20 steps=20000 id=C2xC2xC2_c00290
[saved] id=C2xC2xC2_c00290 -> results/c2xc2xc2_d16_20260120_210105/promising/C2xC2xC2_c00290 (reason: d>=sqrt(n))
[pilot] MEAS n=288 k=4 dx_ub=20 dz_ub=20 d_ub=20 steps=20000 id=C2xC2xC2_c00319
[saved] id=C2xC2xC2_c00319 -> results/c2xc2xc2_d16_20260120_210105/promising/C2xC2xC2_c00319 (reason: d>=sqrt(n))
[pilot] TARGET_REJECT d_ub=15 target=16 id=C2xC2xC2_c00346
[pilot] MEAS n=288 k=4 dx_ub=16 dz_ub=18 d_ub=16 steps=20000 id=C2xC2xC2_c00384
[pilot] MEAS n=288 k=4 dx_ub=17 dz_ub=20 d_ub=17 steps=20000 id=C2xC2xC2_c00385
[saved] id=C2xC2xC2_c00385 -> results/c2xc2xc2_d16_20260120_210105/promising/C2xC2xC2_c00385 (reason: d>=sqrt(n))
[pilot] TARGET_REJECT d_ub=12 target=16 id=C2xC2xC2_c00388
[pilot] MEAS n=288 k=4 dx_ub=16 dz_ub=16 d_ub=16 steps=20000 id=C2xC2xC2_c00427
[pilot] MEAS n=288 k=4 dx_ub=16 dz_ub=18 d_ub=16 steps=20000 id=C2xC2xC2_c00430
[pilot] TARGET_REJECT d_ub=15 target=16 id=C2xC2xC2_c00435
[pilot] TARGET_REJECT d_ub=12 target=16 id=C2xC2xC2_c00446
[pilot] MEAS n=288 k=8 dx_ub=18 dz_ub=16 d_ub=16 steps=20000 id=C2xC2xC2_c00447
[pilot] TARGET_REJECT d_ub=14 target=16 id=C2xC2xC2_c00465
[pilot] MEAS n=288 k=4 dx_ub=17 dz_ub=20 d_ub=17 steps=20000 id=C2xC2xC2_c00471
[saved] id=C2xC2xC2_c00471 -> results/c2xc2xc2_d16_20260120_210105/promising/C2xC2xC2_c00471 (reason: d>=sqrt(n))
[best_by_k] group=C2xC2xC2 n=288
k  | d_ub | steps | dx_ub | dz_ub | id
 4 |   20 | 20000 |    20 |    20 | C2xC2xC2_c00290
 8 |   16 | 20000 |    18 |    16 | C2xC2xC2_c00447
[coverage] group=C2xC2xC2 A_sel=128 B_sel=128 Q_meas=22 ratio_ge_sqrt=0.000 ratio_sel=0.001
[coverage] run summary:
[coverage] group=C2xC2xC2 A_sel=128 B_sel=128 Q_meas=22 ratio_ge_sqrt=0.000 ratio_sel=0.001
[summary] best-by-k (measured; includes rejects):
  k=4 best_d_ub=20 count_measured=16 example_id=C2xC2xC2_c00290
  k=8 best_d_ub=16 count_measured=6 example_id=C2xC2xC2_c00447
[summary] best-by-k (survivors; target=16):
  k=4 best_d_ub=20 count_survivors=14 example_id=C2xC2xC2_c00290
  k=8 best_d_ub=16 count_survivors=1 example_id=C2xC2xC2_c00447
[pilot] top results:
  01 group=C2xC2xC2 n=288 k=4 d_ub=20 permA=20 permB=27 saved=True
  02 group=C2xC2xC2 n=288 k=4 d_ub=20 permA=8 permB=27 saved=True
  03 group=C2xC2xC2 n=288 k=4 d_ub=19 permA=8 permB=8 saved=True
  04 group=C2xC2xC2 n=288 k=4 d_ub=17 permA=20 permB=7 saved=True
  05 group=C2xC2xC2 n=288 k=4 d_ub=17 permA=8 permB=11 saved=True
  06 group=C2xC2xC2 n=288 k=4 d_ub=17 permA=20 permB=27 saved=True
  07 group=C2xC2xC2 n=288 k=4 d_ub=17 permA=20 permB=8 saved=True
  08 group=C2xC2xC2 n=288 k=4 d_ub=17 permA=20 permB=8 saved=True
  09 group=C2xC2xC2 n=288 k=4 d_ub=17 permA=12 permB=8 saved=True
  10 group=C2xC2xC2 n=288 k=8 d_ub=16 permA=11 permB=7 saved=False

