=== mar. 20 janv. 2026 16:49:45 CET steps=5000 batch=92 seed=1768922195 ===
[pilot] base k_table top pairs:
  k_base=18 permA=0 permB=0
  k_base=12 permA=29 permB=0
  k_base=12 permA=22 permB=0
  k_base=12 permA=13 permB=0
  k_base=12 permA=6 permB=0
[pilot] A multisets raw=792 (expected=792) enum_mode=multiset cayley_unique=26 perms=30 -> total scored = 780
[pilot] B multisets raw=792 (expected=792) enum_mode=multiset cayley_unique=26 perms=30 -> total scored = 780
[pilot] A frontier kept 128 candidates with points: (4,20), (0,49)
[pilot] B frontier kept 128 candidates with points: (4,20), (0,49)
[pilot] C2xC2xC2 n=288 d0=17 A_sets=26*30 -> keep 128; B_sets=26*30 -> keep 128
[pilot] MEAS n=288 k=4 dx_ub=20 dz_ub=20 d_ub=20 steps=5000 id=C2xC2xC2_c00003
[saved] id=C2xC2xC2_c00003 -> results/c2xc2xc2_d16_20260120_164945/promising/C2xC2xC2_c00003 (reason: d>=sqrt(n))
[pilot] MEAS n=288 k=4 dx_ub=20 dz_ub=20 d_ub=20 steps=5000 id=C2xC2xC2_c00029
[saved] id=C2xC2xC2_c00029 -> results/c2xc2xc2_d16_20260120_164945/promising/C2xC2xC2_c00029 (reason: d>=sqrt(n))
[pilot] MEAS n=288 k=4 dx_ub=20 dz_ub=16 d_ub=16 steps=5000 id=C2xC2xC2_c00038
[pilot] TARGET_REJECT d_ub=15 target=16 id=C2xC2xC2_c00045
[pilot] MEAS n=288 k=8 dx_ub=16 dz_ub=17 d_ub=16 steps=5000 id=C2xC2xC2_c00082
[pilot] MEAS n=288 k=4 dx_ub=21 dz_ub=16 d_ub=16 steps=5000 id=C2xC2xC2_c00083
[pilot] MEAS n=288 k=4 dx_ub=19 dz_ub=20 d_ub=19 steps=5000 id=C2xC2xC2_c00111
[saved] id=C2xC2xC2_c00111 -> results/c2xc2xc2_d16_20260120_164945/promising/C2xC2xC2_c00111 (reason: d>=sqrt(n))
[pilot] MEAS n=288 k=4 dx_ub=17 dz_ub=20 d_ub=17 steps=5000 id=C2xC2xC2_c00181
[saved] id=C2xC2xC2_c00181 -> results/c2xc2xc2_d16_20260120_164945/promising/C2xC2xC2_c00181 (reason: d>=sqrt(n))
[pilot] MEAS n=288 k=8 dx_ub=18 dz_ub=17 d_ub=17 steps=5000 id=C2xC2xC2_c00201
[saved] id=C2xC2xC2_c00201 -> results/c2xc2xc2_d16_20260120_164945/promising/C2xC2xC2_c00201 (reason: d>=sqrt(n))
[pilot] MEAS n=288 k=8 dx_ub=16 dz_ub=17 d_ub=16 steps=5000 id=C2xC2xC2_c00207
[pilot] MEAS n=288 k=4 dx_ub=20 dz_ub=20 d_ub=20 steps=5000 id=C2xC2xC2_c00256
[saved] id=C2xC2xC2_c00256 -> results/c2xc2xc2_d16_20260120_164945/promising/C2xC2xC2_c00256 (reason: d>=sqrt(n))
[pilot] MEAS n=288 k=4 dx_ub=16 dz_ub=16 d_ub=16 steps=5000 id=C2xC2xC2_c00261
[pilot] MEAS n=288 k=8 dx_ub=18 dz_ub=16 d_ub=16 steps=5000 id=C2xC2xC2_c00270
[pilot] MEAS n=288 k=4 dx_ub=21 dz_ub=17 d_ub=17 steps=5000 id=C2xC2xC2_c00328
[saved] id=C2xC2xC2_c00328 -> results/c2xc2xc2_d16_20260120_164945/promising/C2xC2xC2_c00328 (reason: d>=sqrt(n))
[pilot] TARGET_REJECT d_ub=6 target=16 id=C2xC2xC2_c00344
[pilot] MEAS n=288 k=4 dx_ub=22 dz_ub=19 d_ub=19 steps=5000 id=C2xC2xC2_c00357
[saved] id=C2xC2xC2_c00357 -> results/c2xc2xc2_d16_20260120_164945/promising/C2xC2xC2_c00357 (reason: d>=sqrt(n))
[pilot] MEAS n=288 k=4 dx_ub=19 dz_ub=16 d_ub=16 steps=5000 id=C2xC2xC2_c00367
[pilot] TARGET_REJECT d_ub=12 target=16 id=C2xC2xC2_c00400
[pilot] MEAS n=288 k=4 dx_ub=16 dz_ub=16 d_ub=16 steps=5000 id=C2xC2xC2_c00443
[pilot] MEAS n=288 k=4 dx_ub=19 dz_ub=16 d_ub=16 steps=5000 id=C2xC2xC2_c00472
[pilot] MEAS n=288 k=4 dx_ub=16 dz_ub=17 d_ub=16 steps=5000 id=C2xC2xC2_c00477
[pilot] TARGET_REJECT d_ub=12 target=16 id=C2xC2xC2_c00497
[best_by_k] group=C2xC2xC2 n=288
k  | d_ub | steps | dx_ub | dz_ub | id
 4 |   20 |  5000 |    20 |    20 | C2xC2xC2_c00003
 8 |   17 |  5000 |    18 |    17 | C2xC2xC2_c00201
[coverage] group=C2xC2xC2 A_sel=128 B_sel=128 Q_meas=22 ratio_ge_sqrt=0.000 ratio_sel=0.001
[coverage] run summary:
[coverage] group=C2xC2xC2 A_sel=128 B_sel=128 Q_meas=22 ratio_ge_sqrt=0.000 ratio_sel=0.001
[summary] best-by-k (measured; includes rejects):
  k=4 best_d_ub=20 count_measured=14 example_id=C2xC2xC2_c00003
  k=8 best_d_ub=17 count_measured=8 example_id=C2xC2xC2_c00201
[summary] best-by-k (survivors; target=16):
  k=4 best_d_ub=20 count_survivors=14 example_id=C2xC2xC2_c00003
  k=8 best_d_ub=17 count_survivors=4 example_id=C2xC2xC2_c00201
[pilot] top results:
  01 group=C2xC2xC2 n=288 k=4 d_ub=20 permA=27 permB=27 saved=True
  02 group=C2xC2xC2 n=288 k=4 d_ub=20 permA=27 permB=7 saved=True
  03 group=C2xC2xC2 n=288 k=4 d_ub=20 permA=11 permB=11 saved=True
  04 group=C2xC2xC2 n=288 k=4 d_ub=19 permA=8 permB=27 saved=True
  05 group=C2xC2xC2 n=288 k=4 d_ub=19 permA=11 permB=8 saved=True
  06 group=C2xC2xC2 n=288 k=8 d_ub=17 permA=20 permB=11 saved=True
  07 group=C2xC2xC2 n=288 k=4 d_ub=17 permA=8 permB=11 saved=True
  08 group=C2xC2xC2 n=288 k=4 d_ub=17 permA=11 permB=8 saved=True
  09 group=C2xC2xC2 n=288 k=8 d_ub=16 permA=20 permB=11 saved=False
  10 group=C2xC2xC2 n=288 k=8 d_ub=16 permA=11 permB=20 saved=False

