=== mer. 21 janv. 2026 05:59:16 CET steps=20000 batch=34 seed=1768937137 ===
[pilot] base k_table top pairs:
  k_base=18 permA=0 permB=0
  k_base=12 permA=29 permB=0
  k_base=12 permA=22 permB=0
  k_base=12 permA=13 permB=0
  k_base=12 permA=6 permB=0
[pilot] A multisets raw=792 (expected=792) enum_mode=multiset cayley_unique=26 perms=30 -> total scored = 780
[pilot] B multisets raw=792 (expected=792) enum_mode=multiset cayley_unique=26 perms=30 -> total scored = 780
[pilot] A frontier kept 128 candidates with points: (4,20), (0,49)
[pilot] B frontier kept 128 candidates with points: (4,20), (0,49)
[pilot] C2xC2xC2 n=288 d0=17 A_sets=26*30 -> keep 128; B_sets=26*30 -> keep 128
[pilot] MEAS n=288 k=4 dx_ub=18 dz_ub=16 d_ub=16 steps=20000 id=C2xC2xC2_c00008
[pilot] MEAS n=288 k=4 dx_ub=19 dz_ub=20 d_ub=19 steps=20000 id=C2xC2xC2_c00028
[saved] id=C2xC2xC2_c00028 -> results/c2xc2xc2_d16_20260121_055916/promising/C2xC2xC2_c00028 (reason: d>=sqrt(n))
[pilot] MEAS n=288 k=4 dx_ub=20 dz_ub=19 d_ub=19 steps=20000 id=C2xC2xC2_c00033
[saved] id=C2xC2xC2_c00033 -> results/c2xc2xc2_d16_20260121_055916/promising/C2xC2xC2_c00033 (reason: d>=sqrt(n))
[pilot] TARGET_REJECT d_ub=15 target=16 id=C2xC2xC2_c00043
[pilot] TARGET_REJECT d_ub=13 target=16 id=C2xC2xC2_c00061
[pilot] TARGET_REJECT d_ub=12 target=16 id=C2xC2xC2_c00089
[pilot] MEAS n=288 k=4 dx_ub=19 dz_ub=16 d_ub=16 steps=20000 id=C2xC2xC2_c00095
[pilot] TARGET_REJECT d_ub=15 target=16 id=C2xC2xC2_c00116
[pilot] TARGET_REJECT d_ub=14 target=16 id=C2xC2xC2_c00129
[pilot] MEAS n=288 k=4 dx_ub=16 dz_ub=20 d_ub=16 steps=20000 id=C2xC2xC2_c00173
[pilot] MEAS n=288 k=4 dx_ub=16 dz_ub=16 d_ub=16 steps=20000 id=C2xC2xC2_c00182
[pilot] MEAS n=288 k=4 dx_ub=19 dz_ub=20 d_ub=19 steps=20000 id=C2xC2xC2_c00199
[saved] id=C2xC2xC2_c00199 -> results/c2xc2xc2_d16_20260121_055916/promising/C2xC2xC2_c00199 (reason: d>=sqrt(n))
[pilot] MEAS n=288 k=4 dx_ub=19 dz_ub=17 d_ub=17 steps=20000 id=C2xC2xC2_c00217
[saved] id=C2xC2xC2_c00217 -> results/c2xc2xc2_d16_20260121_055916/promising/C2xC2xC2_c00217 (reason: d>=sqrt(n))
[pilot] TARGET_REJECT d_ub=14 target=16 id=C2xC2xC2_c00233
[pilot] TARGET_REJECT d_ub=12 target=16 id=C2xC2xC2_c00256
[pilot] MEAS n=288 k=8 dx_ub=18 dz_ub=16 d_ub=16 steps=20000 id=C2xC2xC2_c00321
[pilot] MEAS n=288 k=4 dx_ub=16 dz_ub=16 d_ub=16 steps=20000 id=C2xC2xC2_c00326
[pilot] MEAS n=288 k=4 dx_ub=20 dz_ub=20 d_ub=20 steps=20000 id=C2xC2xC2_c00330
[saved] id=C2xC2xC2_c00330 -> results/c2xc2xc2_d16_20260121_055916/promising/C2xC2xC2_c00330 (reason: d>=sqrt(n))
[pilot] TARGET_REJECT d_ub=12 target=16 id=C2xC2xC2_c00381
[pilot] TARGET_REJECT d_ub=6 target=16 id=C2xC2xC2_c00394
[pilot] MEAS n=288 k=8 dx_ub=16 dz_ub=16 d_ub=16 steps=20000 id=C2xC2xC2_c00406
[pilot] MEAS n=288 k=4 dx_ub=16 dz_ub=16 d_ub=16 steps=20000 id=C2xC2xC2_c00438
[pilot] MEAS n=288 k=4 dx_ub=16 dz_ub=20 d_ub=16 steps=20000 id=C2xC2xC2_c00453
[pilot] TARGET_REJECT d_ub=12 target=16 id=C2xC2xC2_c00464
[pilot] MEAS n=288 k=4 dx_ub=19 dz_ub=20 d_ub=19 steps=20000 id=C2xC2xC2_c00465
[saved] id=C2xC2xC2_c00465 -> results/c2xc2xc2_d16_20260121_055916/promising/C2xC2xC2_c00465 (reason: d>=sqrt(n))
[pilot] MEAS n=288 k=4 dx_ub=20 dz_ub=20 d_ub=20 steps=20000 id=C2xC2xC2_c00488
[saved] id=C2xC2xC2_c00488 -> results/c2xc2xc2_d16_20260121_055916/promising/C2xC2xC2_c00488 (reason: d>=sqrt(n))
[best_by_k] group=C2xC2xC2 n=288
k  | d_ub | steps | dx_ub | dz_ub | id
 4 |   20 | 20000 |    20 |    20 | C2xC2xC2_c00330
 8 |   16 | 20000 |    18 |    16 | C2xC2xC2_c00321
[coverage] group=C2xC2xC2 A_sel=128 B_sel=128 Q_meas=26 ratio_ge_sqrt=0.000 ratio_sel=0.002
[coverage] run summary:
[coverage] group=C2xC2xC2 A_sel=128 B_sel=128 Q_meas=26 ratio_ge_sqrt=0.000 ratio_sel=0.002
[summary] best-by-k (measured; includes rejects):
  k=4 best_d_ub=20 count_measured=15 example_id=C2xC2xC2_c00330
  k=8 best_d_ub=16 count_measured=11 example_id=C2xC2xC2_c00321
[summary] best-by-k (survivors; target=16):
  k=4 best_d_ub=20 count_survivors=14 example_id=C2xC2xC2_c00330
  k=8 best_d_ub=16 count_survivors=2 example_id=C2xC2xC2_c00321
[pilot] top results:
  01 group=C2xC2xC2 n=288 k=4 d_ub=20 permA=11 permB=8 saved=True
  02 group=C2xC2xC2 n=288 k=4 d_ub=20 permA=27 permB=11 saved=True
  03 group=C2xC2xC2 n=288 k=4 d_ub=19 permA=27 permB=11 saved=True
  04 group=C2xC2xC2 n=288 k=4 d_ub=19 permA=20 permB=12 saved=True
  05 group=C2xC2xC2 n=288 k=4 d_ub=19 permA=8 permB=27 saved=True
  06 group=C2xC2xC2 n=288 k=4 d_ub=19 permA=11 permB=20 saved=True
  07 group=C2xC2xC2 n=288 k=4 d_ub=17 permA=27 permB=8 saved=True
  08 group=C2xC2xC2 n=288 k=8 d_ub=16 permA=7 permB=20 saved=False
  09 group=C2xC2xC2 n=288 k=8 d_ub=16 permA=27 permB=8 saved=False
  10 group=C2xC2xC2 n=288 k=4 d_ub=16 permA=11 permB=7 saved=False

