=== mer. 21 janv. 2026 00:44:08 CET steps=20000 batch=18 seed=1768937121 ===
[pilot] base k_table top pairs:
  k_base=18 permA=0 permB=0
  k_base=12 permA=29 permB=0
  k_base=12 permA=22 permB=0
  k_base=12 permA=13 permB=0
  k_base=12 permA=6 permB=0
[pilot] A multisets raw=792 (expected=792) enum_mode=multiset cayley_unique=26 perms=30 -> total scored = 780
[pilot] B multisets raw=792 (expected=792) enum_mode=multiset cayley_unique=26 perms=30 -> total scored = 780
[pilot] A frontier kept 128 candidates with points: (4,20), (0,49)
[pilot] B frontier kept 128 candidates with points: (4,20), (0,49)
[pilot] C2xC2xC2 n=288 d0=17 A_sets=26*30 -> keep 128; B_sets=26*30 -> keep 128
[pilot] MEAS n=288 k=8 dx_ub=16 dz_ub=16 d_ub=16 steps=20000 id=C2xC2xC2_c00016
[pilot] MEAS n=288 k=4 dx_ub=19 dz_ub=17 d_ub=17 steps=20000 id=C2xC2xC2_c00033
[saved] id=C2xC2xC2_c00033 -> results/c2xc2xc2_d16_20260121_004408/promising/C2xC2xC2_c00033 (reason: d>=sqrt(n))
[pilot] MEAS n=288 k=4 dx_ub=18 dz_ub=16 d_ub=16 steps=20000 id=C2xC2xC2_c00063
[pilot] TARGET_REJECT d_ub=14 target=16 id=C2xC2xC2_c00097
[pilot] MEAS n=288 k=8 dx_ub=17 dz_ub=16 d_ub=16 steps=20000 id=C2xC2xC2_c00103
[pilot] MEAS n=288 k=8 dx_ub=16 dz_ub=16 d_ub=16 steps=20000 id=C2xC2xC2_c00110
[pilot] MEAS n=288 k=4 dx_ub=20 dz_ub=20 d_ub=20 steps=20000 id=C2xC2xC2_c00173
[saved] id=C2xC2xC2_c00173 -> results/c2xc2xc2_d16_20260121_004408/promising/C2xC2xC2_c00173 (reason: d>=sqrt(n))
[pilot] MEAS n=288 k=8 dx_ub=16 dz_ub=17 d_ub=16 steps=20000 id=C2xC2xC2_c00174
[pilot] MEAS n=288 k=4 dx_ub=16 dz_ub=17 d_ub=16 steps=20000 id=C2xC2xC2_c00206
[pilot] MEAS n=288 k=4 dx_ub=17 dz_ub=20 d_ub=17 steps=20000 id=C2xC2xC2_c00229
[saved] id=C2xC2xC2_c00229 -> results/c2xc2xc2_d16_20260121_004408/promising/C2xC2xC2_c00229 (reason: d>=sqrt(n))
[pilot] TARGET_REJECT d_ub=12 target=16 id=C2xC2xC2_c00230
[pilot] MEAS n=288 k=4 dx_ub=19 dz_ub=20 d_ub=19 steps=20000 id=C2xC2xC2_c00244
[saved] id=C2xC2xC2_c00244 -> results/c2xc2xc2_d16_20260121_004408/promising/C2xC2xC2_c00244 (reason: d>=sqrt(n))
[pilot] MEAS n=288 k=4 dx_ub=19 dz_ub=20 d_ub=19 steps=20000 id=C2xC2xC2_c00272
[saved] id=C2xC2xC2_c00272 -> results/c2xc2xc2_d16_20260121_004408/promising/C2xC2xC2_c00272 (reason: d>=sqrt(n))
[pilot] MEAS n=288 k=4 dx_ub=20 dz_ub=19 d_ub=19 steps=20000 id=C2xC2xC2_c00317
[saved] id=C2xC2xC2_c00317 -> results/c2xc2xc2_d16_20260121_004408/promising/C2xC2xC2_c00317 (reason: d>=sqrt(n))
[pilot] MEAS n=288 k=4 dx_ub=20 dz_ub=16 d_ub=16 steps=20000 id=C2xC2xC2_c00372
[pilot] MEAS n=288 k=4 dx_ub=18 dz_ub=16 d_ub=16 steps=20000 id=C2xC2xC2_c00388
[pilot] MEAS n=288 k=8 dx_ub=16 dz_ub=17 d_ub=16 steps=20000 id=C2xC2xC2_c00404
[pilot] MEAS n=288 k=4 dx_ub=20 dz_ub=20 d_ub=20 steps=20000 id=C2xC2xC2_c00410
[saved] id=C2xC2xC2_c00410 -> results/c2xc2xc2_d16_20260121_004408/promising/C2xC2xC2_c00410 (reason: d>=sqrt(n))
[pilot] MEAS n=288 k=4 dx_ub=20 dz_ub=20 d_ub=20 steps=20000 id=C2xC2xC2_c00445
[saved] id=C2xC2xC2_c00445 -> results/c2xc2xc2_d16_20260121_004408/promising/C2xC2xC2_c00445 (reason: d>=sqrt(n))
[pilot] MEAS n=288 k=4 dx_ub=20 dz_ub=19 d_ub=19 steps=20000 id=C2xC2xC2_c00484
[saved] id=C2xC2xC2_c00484 -> results/c2xc2xc2_d16_20260121_004408/promising/C2xC2xC2_c00484 (reason: d>=sqrt(n))
[best_by_k] group=C2xC2xC2 n=288
k  | d_ub | steps | dx_ub | dz_ub | id
 4 |   20 | 20000 |    20 |    20 | C2xC2xC2_c00173
 8 |   16 | 20000 |    16 |    16 | C2xC2xC2_c00016
[coverage] group=C2xC2xC2 A_sel=128 B_sel=128 Q_meas=20 ratio_ge_sqrt=0.000 ratio_sel=0.001
[coverage] run summary:
[coverage] group=C2xC2xC2 A_sel=128 B_sel=128 Q_meas=20 ratio_ge_sqrt=0.000 ratio_sel=0.001
[summary] best-by-k (measured; includes rejects):
  k=4 best_d_ub=20 count_measured=14 example_id=C2xC2xC2_c00173
  k=8 best_d_ub=16 count_measured=6 example_id=C2xC2xC2_c00016
[summary] best-by-k (survivors; target=16):
  k=4 best_d_ub=20 count_survivors=13 example_id=C2xC2xC2_c00173
  k=8 best_d_ub=16 count_survivors=5 example_id=C2xC2xC2_c00016
[pilot] top results:
  01 group=C2xC2xC2 n=288 k=4 d_ub=20 permA=8 permB=27 saved=True
  02 group=C2xC2xC2 n=288 k=4 d_ub=20 permA=27 permB=20 saved=True
  03 group=C2xC2xC2 n=288 k=4 d_ub=20 permA=27 permB=7 saved=True
  04 group=C2xC2xC2 n=288 k=4 d_ub=19 permA=8 permB=27 saved=True
  05 group=C2xC2xC2 n=288 k=4 d_ub=19 permA=12 permB=27 saved=True
  06 group=C2xC2xC2 n=288 k=4 d_ub=19 permA=11 permB=27 saved=True
  07 group=C2xC2xC2 n=288 k=4 d_ub=19 permA=12 permB=8 saved=True
  08 group=C2xC2xC2 n=288 k=4 d_ub=17 permA=20 permB=20 saved=True
  09 group=C2xC2xC2 n=288 k=4 d_ub=17 permA=11 permB=20 saved=True
  10 group=C2xC2xC2 n=288 k=8 d_ub=16 permA=8 permB=12 saved=False

