=== mer. 21 janv. 2026 09:20:56 CET steps=20000 batch=44 seed=1768937147 ===
[pilot] base k_table top pairs:
  k_base=18 permA=0 permB=0
  k_base=12 permA=29 permB=0
  k_base=12 permA=22 permB=0
  k_base=12 permA=13 permB=0
  k_base=12 permA=6 permB=0
[pilot] A multisets raw=792 (expected=792) enum_mode=multiset cayley_unique=26 perms=30 -> total scored = 780
[pilot] B multisets raw=792 (expected=792) enum_mode=multiset cayley_unique=26 perms=30 -> total scored = 780
[pilot] A frontier kept 128 candidates with points: (4,20), (0,49)
[pilot] B frontier kept 128 candidates with points: (4,20), (0,49)
[pilot] C2xC2xC2 n=288 d0=17 A_sets=26*30 -> keep 128; B_sets=26*30 -> keep 128
[pilot] MEAS n=288 k=4 dx_ub=16 dz_ub=17 d_ub=16 steps=20000 id=C2xC2xC2_c00008
[pilot] TARGET_REJECT d_ub=12 target=16 id=C2xC2xC2_c00014
[pilot] MEAS n=288 k=4 dx_ub=19 dz_ub=20 d_ub=19 steps=20000 id=C2xC2xC2_c00015
[saved] id=C2xC2xC2_c00015 -> results/c2xc2xc2_d16_20260121_092056/promising/C2xC2xC2_c00015 (reason: d>=sqrt(n))
[pilot] TARGET_REJECT d_ub=12 target=16 id=C2xC2xC2_c00020
[pilot] MEAS n=288 k=4 dx_ub=20 dz_ub=20 d_ub=20 steps=20000 id=C2xC2xC2_c00076
[saved] id=C2xC2xC2_c00076 -> results/c2xc2xc2_d16_20260121_092056/promising/C2xC2xC2_c00076 (reason: d>=sqrt(n))
[pilot] TARGET_REJECT d_ub=12 target=16 id=C2xC2xC2_c00081
[pilot] MEAS n=288 k=4 dx_ub=19 dz_ub=20 d_ub=19 steps=20000 id=C2xC2xC2_c00095
[saved] id=C2xC2xC2_c00095 -> results/c2xc2xc2_d16_20260121_092056/promising/C2xC2xC2_c00095 (reason: d>=sqrt(n))
[pilot] MEAS n=288 k=4 dx_ub=20 dz_ub=20 d_ub=20 steps=20000 id=C2xC2xC2_c00102
[saved] id=C2xC2xC2_c00102 -> results/c2xc2xc2_d16_20260121_092056/promising/C2xC2xC2_c00102 (reason: d>=sqrt(n))
[pilot] MEAS n=288 k=4 dx_ub=20 dz_ub=16 d_ub=16 steps=20000 id=C2xC2xC2_c00139
[pilot] TARGET_REJECT d_ub=14 target=16 id=C2xC2xC2_c00153
[pilot] MEAS n=288 k=4 dx_ub=20 dz_ub=20 d_ub=20 steps=20000 id=C2xC2xC2_c00157
[saved] id=C2xC2xC2_c00157 -> results/c2xc2xc2_d16_20260121_092056/promising/C2xC2xC2_c00157 (reason: d>=sqrt(n))
[pilot] MEAS n=288 k=4 dx_ub=20 dz_ub=19 d_ub=19 steps=20000 id=C2xC2xC2_c00164
[saved] id=C2xC2xC2_c00164 -> results/c2xc2xc2_d16_20260121_092056/promising/C2xC2xC2_c00164 (reason: d>=sqrt(n))
[pilot] MEAS n=288 k=4 dx_ub=18 dz_ub=20 d_ub=18 steps=20000 id=C2xC2xC2_c00266
[saved] id=C2xC2xC2_c00266 -> results/c2xc2xc2_d16_20260121_092056/promising/C2xC2xC2_c00266 (reason: d>=sqrt(n))
[pilot] TARGET_REJECT d_ub=12 target=16 id=C2xC2xC2_c00276
[pilot] TARGET_REJECT d_ub=12 target=16 id=C2xC2xC2_c00309
[pilot] MEAS n=288 k=4 dx_ub=16 dz_ub=17 d_ub=16 steps=20000 id=C2xC2xC2_c00375
[pilot] MEAS n=288 k=4 dx_ub=18 dz_ub=20 d_ub=18 steps=20000 id=C2xC2xC2_c00377
[saved] id=C2xC2xC2_c00377 -> results/c2xc2xc2_d16_20260121_092056/promising/C2xC2xC2_c00377 (reason: d>=sqrt(n))
[pilot] MEAS n=288 k=4 dx_ub=20 dz_ub=20 d_ub=20 steps=20000 id=C2xC2xC2_c00418
[saved] id=C2xC2xC2_c00418 -> results/c2xc2xc2_d16_20260121_092056/promising/C2xC2xC2_c00418 (reason: d>=sqrt(n))
[pilot] MEAS n=288 k=4 dx_ub=20 dz_ub=16 d_ub=16 steps=20000 id=C2xC2xC2_c00460
[best_by_k] group=C2xC2xC2 n=288
k  | d_ub | steps | dx_ub | dz_ub | id
 4 |   20 | 20000 |    20 |    20 | C2xC2xC2_c00076
[coverage] group=C2xC2xC2 A_sel=128 B_sel=128 Q_meas=19 ratio_ge_sqrt=0.000 ratio_sel=0.001
[coverage] run summary:
[coverage] group=C2xC2xC2 A_sel=128 B_sel=128 Q_meas=19 ratio_ge_sqrt=0.000 ratio_sel=0.001
[summary] best-by-k (measured; includes rejects):
  k=4 best_d_ub=20 count_measured=17 example_id=C2xC2xC2_c00076
  k=8 best_d_ub=14 count_measured=2 example_id=C2xC2xC2_c00153
[summary] best-by-k (survivors; target=16):
  k=4 best_d_ub=20 count_survivors=13 example_id=C2xC2xC2_c00076
[pilot] top results:
  01 group=C2xC2xC2 n=288 k=4 d_ub=20 permA=11 permB=11 saved=True
  02 group=C2xC2xC2 n=288 k=4 d_ub=20 permA=8 permB=27 saved=True
  03 group=C2xC2xC2 n=288 k=4 d_ub=20 permA=27 permB=11 saved=True
  04 group=C2xC2xC2 n=288 k=4 d_ub=20 permA=11 permB=27 saved=True
  05 group=C2xC2xC2 n=288 k=4 d_ub=19 permA=27 permB=27 saved=True
  06 group=C2xC2xC2 n=288 k=4 d_ub=19 permA=27 permB=11 saved=True
  07 group=C2xC2xC2 n=288 k=4 d_ub=19 permA=11 permB=12 saved=True
  08 group=C2xC2xC2 n=288 k=4 d_ub=18 permA=11 permB=20 saved=True
  09 group=C2xC2xC2 n=288 k=4 d_ub=18 permA=20 permB=11 saved=True
  10 group=C2xC2xC2 n=288 k=4 d_ub=16 permA=20 permB=20 saved=False

