=== mar. 20 janv. 2026 23:33:47 CET steps=20000 batch=14 seed=1768937117 ===
[pilot] base k_table top pairs:
  k_base=18 permA=0 permB=0
  k_base=12 permA=29 permB=0
  k_base=12 permA=22 permB=0
  k_base=12 permA=13 permB=0
  k_base=12 permA=6 permB=0
[pilot] A multisets raw=792 (expected=792) enum_mode=multiset cayley_unique=26 perms=30 -> total scored = 780
[pilot] B multisets raw=792 (expected=792) enum_mode=multiset cayley_unique=26 perms=30 -> total scored = 780
[pilot] A frontier kept 128 candidates with points: (4,20), (0,49)
[pilot] B frontier kept 128 candidates with points: (4,20), (0,49)
[pilot] C2xC2xC2 n=288 d0=17 A_sets=26*30 -> keep 128; B_sets=26*30 -> keep 128
[pilot] MEAS n=288 k=4 dx_ub=20 dz_ub=20 d_ub=20 steps=20000 id=C2xC2xC2_c00037
[saved] id=C2xC2xC2_c00037 -> results/c2xc2xc2_d16_20260120_233347/promising/C2xC2xC2_c00037 (reason: d>=sqrt(n))
[pilot] MEAS n=288 k=4 dx_ub=20 dz_ub=19 d_ub=19 steps=20000 id=C2xC2xC2_c00051
[saved] id=C2xC2xC2_c00051 -> results/c2xc2xc2_d16_20260120_233347/promising/C2xC2xC2_c00051 (reason: d>=sqrt(n))
[pilot] MEAS n=288 k=4 dx_ub=19 dz_ub=16 d_ub=16 steps=20000 id=C2xC2xC2_c00064
[pilot] TARGET_REJECT d_ub=14 target=16 id=C2xC2xC2_c00111
[pilot] TARGET_REJECT d_ub=12 target=16 id=C2xC2xC2_c00122
[pilot] MEAS n=288 k=8 dx_ub=16 dz_ub=17 d_ub=16 steps=20000 id=C2xC2xC2_c00147
[pilot] MEAS n=288 k=8 dx_ub=18 dz_ub=16 d_ub=16 steps=20000 id=C2xC2xC2_c00213
[pilot] MEAS n=288 k=4 dx_ub=16 dz_ub=16 d_ub=16 steps=20000 id=C2xC2xC2_c00224
[pilot] MEAS n=288 k=4 dx_ub=20 dz_ub=20 d_ub=20 steps=20000 id=C2xC2xC2_c00266
[saved] id=C2xC2xC2_c00266 -> results/c2xc2xc2_d16_20260120_233347/promising/C2xC2xC2_c00266 (reason: d>=sqrt(n))
[pilot] TARGET_REJECT d_ub=13 target=16 id=C2xC2xC2_c00294
[pilot] MEAS n=288 k=4 dx_ub=17 dz_ub=20 d_ub=17 steps=20000 id=C2xC2xC2_c00313
[saved] id=C2xC2xC2_c00313 -> results/c2xc2xc2_d16_20260120_233347/promising/C2xC2xC2_c00313 (reason: d>=sqrt(n))
[pilot] MEAS n=288 k=4 dx_ub=20 dz_ub=19 d_ub=19 steps=20000 id=C2xC2xC2_c00316
[saved] id=C2xC2xC2_c00316 -> results/c2xc2xc2_d16_20260120_233347/promising/C2xC2xC2_c00316 (reason: d>=sqrt(n))
[pilot] MEAS n=288 k=4 dx_ub=16 dz_ub=20 d_ub=16 steps=20000 id=C2xC2xC2_c00324
[pilot] MEAS n=288 k=4 dx_ub=20 dz_ub=20 d_ub=20 steps=20000 id=C2xC2xC2_c00339
[saved] id=C2xC2xC2_c00339 -> results/c2xc2xc2_d16_20260120_233347/promising/C2xC2xC2_c00339 (reason: d>=sqrt(n))
[pilot] MEAS n=288 k=4 dx_ub=20 dz_ub=20 d_ub=20 steps=20000 id=C2xC2xC2_c00355
[saved] id=C2xC2xC2_c00355 -> results/c2xc2xc2_d16_20260120_233347/promising/C2xC2xC2_c00355 (reason: d>=sqrt(n))
[pilot] TARGET_REJECT d_ub=12 target=16 id=C2xC2xC2_c00357
[pilot] TARGET_REJECT d_ub=12 target=16 id=C2xC2xC2_c00392
[pilot] MEAS n=288 k=8 dx_ub=16 dz_ub=17 d_ub=16 steps=20000 id=C2xC2xC2_c00402
[pilot] MEAS n=288 k=4 dx_ub=16 dz_ub=16 d_ub=16 steps=20000 id=C2xC2xC2_c00418
[pilot] MEAS n=288 k=4 dx_ub=16 dz_ub=20 d_ub=16 steps=20000 id=C2xC2xC2_c00419
[pilot] TARGET_REJECT d_ub=14 target=16 id=C2xC2xC2_c00441
[pilot] TARGET_REJECT d_ub=6 target=16 id=C2xC2xC2_c00442
[pilot] MEAS n=288 k=4 dx_ub=17 dz_ub=20 d_ub=17 steps=20000 id=C2xC2xC2_c00453
[saved] id=C2xC2xC2_c00453 -> results/c2xc2xc2_d16_20260120_233347/promising/C2xC2xC2_c00453 (reason: d>=sqrt(n))
[best_by_k] group=C2xC2xC2 n=288
k  | d_ub | steps | dx_ub | dz_ub | id
 4 |   20 | 20000 |    20 |    20 | C2xC2xC2_c00037
 8 |   16 | 20000 |    16 |    17 | C2xC2xC2_c00147
[coverage] group=C2xC2xC2 A_sel=128 B_sel=128 Q_meas=23 ratio_ge_sqrt=0.000 ratio_sel=0.001
[coverage] run summary:
[coverage] group=C2xC2xC2 A_sel=128 B_sel=128 Q_meas=23 ratio_ge_sqrt=0.000 ratio_sel=0.001
[summary] best-by-k (measured; includes rejects):
  k=4 best_d_ub=20 count_measured=15 example_id=C2xC2xC2_c00037
  k=8 best_d_ub=16 count_measured=8 example_id=C2xC2xC2_c00147
[summary] best-by-k (survivors; target=16):
  k=4 best_d_ub=20 count_survivors=13 example_id=C2xC2xC2_c00037
  k=8 best_d_ub=16 count_survivors=3 example_id=C2xC2xC2_c00147
[pilot] top results:
  01 group=C2xC2xC2 n=288 k=4 d_ub=20 permA=11 permB=12 saved=True
  02 group=C2xC2xC2 n=288 k=4 d_ub=20 permA=20 permB=7 saved=True
  03 group=C2xC2xC2 n=288 k=4 d_ub=20 permA=20 permB=27 saved=True
  04 group=C2xC2xC2 n=288 k=4 d_ub=20 permA=8 permB=11 saved=True
  05 group=C2xC2xC2 n=288 k=4 d_ub=19 permA=27 permB=8 saved=True
  06 group=C2xC2xC2 n=288 k=4 d_ub=19 permA=11 permB=27 saved=True
  07 group=C2xC2xC2 n=288 k=4 d_ub=17 permA=11 permB=7 saved=True
  08 group=C2xC2xC2 n=288 k=4 d_ub=17 permA=20 permB=12 saved=True
  09 group=C2xC2xC2 n=288 k=8 d_ub=16 permA=20 permB=11 saved=False
  10 group=C2xC2xC2 n=288 k=8 d_ub=16 permA=27 permB=7 saved=False

