=== mar. 20 janv. 2026 15:26:01 CET steps=5000 batch=65 seed=1768922168 ===
[pilot] base k_table top pairs:
  k_base=18 permA=0 permB=0
  k_base=12 permA=29 permB=0
  k_base=12 permA=22 permB=0
  k_base=12 permA=13 permB=0
  k_base=12 permA=6 permB=0
[pilot] A multisets raw=792 (expected=792) enum_mode=multiset cayley_unique=26 perms=30 -> total scored = 780
[pilot] B multisets raw=792 (expected=792) enum_mode=multiset cayley_unique=26 perms=30 -> total scored = 780
[pilot] A frontier kept 128 candidates with points: (4,20), (0,49)
[pilot] B frontier kept 128 candidates with points: (4,20), (0,49)
[pilot] C2xC2xC2 n=288 d0=17 A_sets=26*30 -> keep 128; B_sets=26*30 -> keep 128
[pilot] MEAS n=288 k=4 dx_ub=16 dz_ub=18 d_ub=16 steps=5000 id=C2xC2xC2_c00028
[pilot] MEAS n=288 k=4 dx_ub=16 dz_ub=16 d_ub=16 steps=5000 id=C2xC2xC2_c00058
[pilot] TARGET_REJECT d_ub=14 target=16 id=C2xC2xC2_c00077
[pilot] MEAS n=288 k=4 dx_ub=18 dz_ub=16 d_ub=16 steps=5000 id=C2xC2xC2_c00092
[pilot] TARGET_REJECT d_ub=12 target=16 id=C2xC2xC2_c00098
[pilot] MEAS n=288 k=4 dx_ub=20 dz_ub=20 d_ub=20 steps=5000 id=C2xC2xC2_c00116
[saved] id=C2xC2xC2_c00116 -> results/c2xc2xc2_d16_20260120_152601/promising/C2xC2xC2_c00116 (reason: d>=sqrt(n))
[pilot] TARGET_REJECT d_ub=12 target=16 id=C2xC2xC2_c00119
[pilot] TARGET_REJECT d_ub=12 target=16 id=C2xC2xC2_c00156
[pilot] TARGET_REJECT d_ub=12 target=16 id=C2xC2xC2_c00191
[pilot] MEAS n=288 k=4 dx_ub=16 dz_ub=20 d_ub=16 steps=5000 id=C2xC2xC2_c00203
[pilot] TARGET_REJECT d_ub=15 target=16 id=C2xC2xC2_c00208
[pilot] MEAS n=288 k=4 dx_ub=20 dz_ub=20 d_ub=20 steps=5000 id=C2xC2xC2_c00223
[saved] id=C2xC2xC2_c00223 -> results/c2xc2xc2_d16_20260120_152601/promising/C2xC2xC2_c00223 (reason: d>=sqrt(n))
[pilot] MEAS n=288 k=4 dx_ub=17 dz_ub=16 d_ub=16 steps=5000 id=C2xC2xC2_c00246
[pilot] MEAS n=288 k=4 dx_ub=20 dz_ub=20 d_ub=20 steps=5000 id=C2xC2xC2_c00322
[saved] id=C2xC2xC2_c00322 -> results/c2xc2xc2_d16_20260120_152601/promising/C2xC2xC2_c00322 (reason: d>=sqrt(n))
[pilot] TARGET_REJECT d_ub=14 target=16 id=C2xC2xC2_c00327
[pilot] MEAS n=288 k=4 dx_ub=18 dz_ub=20 d_ub=18 steps=5000 id=C2xC2xC2_c00349
[saved] id=C2xC2xC2_c00349 -> results/c2xc2xc2_d16_20260120_152601/promising/C2xC2xC2_c00349 (reason: d>=sqrt(n))
[pilot] MEAS n=288 k=8 dx_ub=17 dz_ub=16 d_ub=16 steps=5000 id=C2xC2xC2_c00377
[pilot] MEAS n=288 k=4 dx_ub=16 dz_ub=16 d_ub=16 steps=5000 id=C2xC2xC2_c00389
[pilot] MEAS n=288 k=4 dx_ub=20 dz_ub=20 d_ub=20 steps=5000 id=C2xC2xC2_c00406
[saved] id=C2xC2xC2_c00406 -> results/c2xc2xc2_d16_20260120_152601/promising/C2xC2xC2_c00406 (reason: d>=sqrt(n))
[pilot] MEAS n=288 k=4 dx_ub=17 dz_ub=16 d_ub=16 steps=5000 id=C2xC2xC2_c00411
[pilot] MEAS n=288 k=4 dx_ub=20 dz_ub=18 d_ub=18 steps=5000 id=C2xC2xC2_c00415
[saved] id=C2xC2xC2_c00415 -> results/c2xc2xc2_d16_20260120_152601/promising/C2xC2xC2_c00415 (reason: d>=sqrt(n))
[pilot] TARGET_REJECT d_ub=14 target=16 id=C2xC2xC2_c00442
[pilot] TARGET_REJECT d_ub=12 target=16 id=C2xC2xC2_c00451
[pilot] MEAS n=288 k=4 dx_ub=16 dz_ub=16 d_ub=16 steps=5000 id=C2xC2xC2_c00457
[pilot] MEAS n=288 k=4 dx_ub=16 dz_ub=20 d_ub=16 steps=5000 id=C2xC2xC2_c00466
[best_by_k] group=C2xC2xC2 n=288
k  | d_ub | steps | dx_ub | dz_ub | id
 4 |   20 |  5000 |    20 |    20 | C2xC2xC2_c00116
 8 |   16 |  5000 |    17 |    16 | C2xC2xC2_c00377
[coverage] group=C2xC2xC2 A_sel=128 B_sel=128 Q_meas=25 ratio_ge_sqrt=0.000 ratio_sel=0.002
[coverage] run summary:
[coverage] group=C2xC2xC2 A_sel=128 B_sel=128 Q_meas=25 ratio_ge_sqrt=0.000 ratio_sel=0.002
[summary] best-by-k (measured; includes rejects):
  k=4 best_d_ub=20 count_measured=18 example_id=C2xC2xC2_c00116
  k=8 best_d_ub=16 count_measured=7 example_id=C2xC2xC2_c00377
[summary] best-by-k (survivors; target=16):
  k=4 best_d_ub=20 count_survivors=15 example_id=C2xC2xC2_c00116
  k=8 best_d_ub=16 count_survivors=1 example_id=C2xC2xC2_c00377
[pilot] top results:
  01 group=C2xC2xC2 n=288 k=4 d_ub=20 permA=8 permB=7 saved=True
  02 group=C2xC2xC2 n=288 k=4 d_ub=20 permA=11 permB=11 saved=True
  03 group=C2xC2xC2 n=288 k=4 d_ub=20 permA=11 permB=11 saved=True
  04 group=C2xC2xC2 n=288 k=4 d_ub=20 permA=27 permB=11 saved=True
  05 group=C2xC2xC2 n=288 k=4 d_ub=18 permA=8 permB=11 saved=True
  06 group=C2xC2xC2 n=288 k=4 d_ub=18 permA=11 permB=27 saved=True
  07 group=C2xC2xC2 n=288 k=8 d_ub=16 permA=8 permB=20 saved=False
  08 group=C2xC2xC2 n=288 k=4 d_ub=16 permA=8 permB=8 saved=False
  09 group=C2xC2xC2 n=288 k=4 d_ub=16 permA=27 permB=11 saved=False
  10 group=C2xC2xC2 n=288 k=4 d_ub=16 permA=8 permB=8 saved=False

