=== mar. 20 janv. 2026 16:16:18 CET steps=5000 batch=89 seed=1768922192 ===
[pilot] base k_table top pairs:
  k_base=18 permA=0 permB=0
  k_base=12 permA=29 permB=0
  k_base=12 permA=22 permB=0
  k_base=12 permA=13 permB=0
  k_base=12 permA=6 permB=0
[pilot] A multisets raw=792 (expected=792) enum_mode=multiset cayley_unique=26 perms=30 -> total scored = 780
[pilot] B multisets raw=792 (expected=792) enum_mode=multiset cayley_unique=26 perms=30 -> total scored = 780
[pilot] A frontier kept 128 candidates with points: (4,20), (0,49)
[pilot] B frontier kept 128 candidates with points: (4,20), (0,49)
[pilot] C2xC2xC2 n=288 d0=17 A_sets=26*30 -> keep 128; B_sets=26*30 -> keep 128
[pilot] MEAS n=288 k=8 dx_ub=16 dz_ub=17 d_ub=16 steps=5000 id=C2xC2xC2_c00004
[pilot] MEAS n=288 k=4 dx_ub=20 dz_ub=20 d_ub=20 steps=5000 id=C2xC2xC2_c00025
[saved] id=C2xC2xC2_c00025 -> results/c2xc2xc2_d16_20260120_161618/promising/C2xC2xC2_c00025 (reason: d>=sqrt(n))
[pilot] MEAS n=288 k=4 dx_ub=20 dz_ub=16 d_ub=16 steps=5000 id=C2xC2xC2_c00074
[pilot] TARGET_REJECT d_ub=12 target=16 id=C2xC2xC2_c00096
[pilot] MEAS n=288 k=4 dx_ub=20 dz_ub=20 d_ub=20 steps=5000 id=C2xC2xC2_c00138
[saved] id=C2xC2xC2_c00138 -> results/c2xc2xc2_d16_20260120_161618/promising/C2xC2xC2_c00138 (reason: d>=sqrt(n))
[pilot] TARGET_REJECT d_ub=14 target=16 id=C2xC2xC2_c00140
[pilot] TARGET_REJECT d_ub=12 target=16 id=C2xC2xC2_c00158
[pilot] TARGET_REJECT d_ub=12 target=16 id=C2xC2xC2_c00179
[pilot] MEAS n=288 k=4 dx_ub=16 dz_ub=21 d_ub=16 steps=5000 id=C2xC2xC2_c00215
[pilot] MEAS n=288 k=4 dx_ub=16 dz_ub=16 d_ub=16 steps=5000 id=C2xC2xC2_c00272
[pilot] TARGET_REJECT d_ub=14 target=16 id=C2xC2xC2_c00320
[pilot] TARGET_REJECT d_ub=12 target=16 id=C2xC2xC2_c00367
[pilot] TARGET_REJECT d_ub=14 target=16 id=C2xC2xC2_c00377
[pilot] MEAS n=288 k=4 dx_ub=16 dz_ub=20 d_ub=16 steps=5000 id=C2xC2xC2_c00396
[pilot] MEAS n=288 k=4 dx_ub=20 dz_ub=20 d_ub=20 steps=5000 id=C2xC2xC2_c00411
[saved] id=C2xC2xC2_c00411 -> results/c2xc2xc2_d16_20260120_161618/promising/C2xC2xC2_c00411 (reason: d>=sqrt(n))
[pilot] MEAS n=288 k=4 dx_ub=17 dz_ub=20 d_ub=17 steps=5000 id=C2xC2xC2_c00440
[saved] id=C2xC2xC2_c00440 -> results/c2xc2xc2_d16_20260120_161618/promising/C2xC2xC2_c00440 (reason: d>=sqrt(n))
[pilot] MEAS n=288 k=4 dx_ub=16 dz_ub=16 d_ub=16 steps=5000 id=C2xC2xC2_c00463
[pilot] MEAS n=288 k=4 dx_ub=16 dz_ub=20 d_ub=16 steps=5000 id=C2xC2xC2_c00497
[best_by_k] group=C2xC2xC2 n=288
k  | d_ub | steps | dx_ub | dz_ub | id
 4 |   20 |  5000 |    20 |    20 | C2xC2xC2_c00025
 8 |   16 |  5000 |    16 |    17 | C2xC2xC2_c00004
[coverage] group=C2xC2xC2 A_sel=128 B_sel=128 Q_meas=18 ratio_ge_sqrt=0.000 ratio_sel=0.001
[coverage] run summary:
[coverage] group=C2xC2xC2 A_sel=128 B_sel=128 Q_meas=18 ratio_ge_sqrt=0.000 ratio_sel=0.001
[summary] best-by-k (measured; includes rejects):
  k=4 best_d_ub=20 count_measured=12 example_id=C2xC2xC2_c00025
  k=8 best_d_ub=16 count_measured=6 example_id=C2xC2xC2_c00004
[summary] best-by-k (survivors; target=16):
  k=4 best_d_ub=20 count_survivors=10 example_id=C2xC2xC2_c00025
  k=8 best_d_ub=16 count_survivors=1 example_id=C2xC2xC2_c00004
[pilot] top results:
  01 group=C2xC2xC2 n=288 k=4 d_ub=20 permA=27 permB=27 saved=True
  02 group=C2xC2xC2 n=288 k=4 d_ub=20 permA=11 permB=11 saved=True
  03 group=C2xC2xC2 n=288 k=4 d_ub=20 permA=27 permB=12 saved=True
  04 group=C2xC2xC2 n=288 k=4 d_ub=17 permA=27 permB=27 saved=True
  05 group=C2xC2xC2 n=288 k=8 d_ub=16 permA=20 permB=11 saved=False
  06 group=C2xC2xC2 n=288 k=4 d_ub=16 permA=8 permB=20 saved=False
  07 group=C2xC2xC2 n=288 k=4 d_ub=16 permA=20 permB=27 saved=False
  08 group=C2xC2xC2 n=288 k=4 d_ub=16 permA=27 permB=27 saved=False
  09 group=C2xC2xC2 n=288 k=4 d_ub=16 permA=8 permB=8 saved=False
  10 group=C2xC2xC2 n=288 k=4 d_ub=16 permA=27 permB=11 saved=False

