=== mar. 20 janv. 2026 15:39:47 CET steps=5000 batch=83 seed=1768922186 ===
[pilot] base k_table top pairs:
  k_base=18 permA=0 permB=0
  k_base=12 permA=29 permB=0
  k_base=12 permA=22 permB=0
  k_base=12 permA=13 permB=0
  k_base=12 permA=6 permB=0
[pilot] A multisets raw=792 (expected=792) enum_mode=multiset cayley_unique=26 perms=30 -> total scored = 780
[pilot] B multisets raw=792 (expected=792) enum_mode=multiset cayley_unique=26 perms=30 -> total scored = 780
[pilot] A frontier kept 128 candidates with points: (4,20), (0,49)
[pilot] B frontier kept 128 candidates with points: (4,20), (0,49)
[pilot] C2xC2xC2 n=288 d0=17 A_sets=26*30 -> keep 128; B_sets=26*30 -> keep 128
[pilot] MEAS n=288 k=4 dx_ub=20 dz_ub=18 d_ub=18 steps=5000 id=C2xC2xC2_c00069
[saved] id=C2xC2xC2_c00069 -> results/c2xc2xc2_d16_20260120_153947/promising/C2xC2xC2_c00069 (reason: d>=sqrt(n))
[pilot] TARGET_REJECT d_ub=12 target=16 id=C2xC2xC2_c00074
[pilot] MEAS n=288 k=4 dx_ub=16 dz_ub=16 d_ub=16 steps=5000 id=C2xC2xC2_c00081
[pilot] MEAS n=288 k=4 dx_ub=17 dz_ub=16 d_ub=16 steps=5000 id=C2xC2xC2_c00085
[pilot] MEAS n=288 k=4 dx_ub=17 dz_ub=20 d_ub=17 steps=5000 id=C2xC2xC2_c00109
[saved] id=C2xC2xC2_c00109 -> results/c2xc2xc2_d16_20260120_153947/promising/C2xC2xC2_c00109 (reason: d>=sqrt(n))
[pilot] MEAS n=288 k=4 dx_ub=18 dz_ub=16 d_ub=16 steps=5000 id=C2xC2xC2_c00123
[pilot] TARGET_REJECT d_ub=12 target=16 id=C2xC2xC2_c00134
[pilot] MEAS n=288 k=4 dx_ub=16 dz_ub=20 d_ub=16 steps=5000 id=C2xC2xC2_c00214
[pilot] MEAS n=288 k=4 dx_ub=20 dz_ub=20 d_ub=20 steps=5000 id=C2xC2xC2_c00265
[saved] id=C2xC2xC2_c00265 -> results/c2xc2xc2_d16_20260120_153947/promising/C2xC2xC2_c00265 (reason: d>=sqrt(n))
[pilot] MEAS n=288 k=8 dx_ub=16 dz_ub=16 d_ub=16 steps=5000 id=C2xC2xC2_c00319
[pilot] TARGET_REJECT d_ub=12 target=16 id=C2xC2xC2_c00333
[pilot] TARGET_REJECT d_ub=12 target=16 id=C2xC2xC2_c00352
[pilot] MEAS n=288 k=4 dx_ub=20 dz_ub=20 d_ub=20 steps=5000 id=C2xC2xC2_c00360
[saved] id=C2xC2xC2_c00360 -> results/c2xc2xc2_d16_20260120_153947/promising/C2xC2xC2_c00360 (reason: d>=sqrt(n))
[pilot] TARGET_REJECT d_ub=14 target=16 id=C2xC2xC2_c00387
[pilot] MEAS n=288 k=4 dx_ub=20 dz_ub=20 d_ub=20 steps=5000 id=C2xC2xC2_c00389
[saved] id=C2xC2xC2_c00389 -> results/c2xc2xc2_d16_20260120_153947/promising/C2xC2xC2_c00389 (reason: d>=sqrt(n))
[pilot] MEAS n=288 k=4 dx_ub=20 dz_ub=19 d_ub=19 steps=5000 id=C2xC2xC2_c00406
[saved] id=C2xC2xC2_c00406 -> results/c2xc2xc2_d16_20260120_153947/promising/C2xC2xC2_c00406 (reason: d>=sqrt(n))
[pilot] MEAS n=288 k=4 dx_ub=23 dz_ub=20 d_ub=20 steps=5000 id=C2xC2xC2_c00443
[saved] id=C2xC2xC2_c00443 -> results/c2xc2xc2_d16_20260120_153947/promising/C2xC2xC2_c00443 (reason: d>=sqrt(n))
[pilot] MEAS n=288 k=4 dx_ub=20 dz_ub=20 d_ub=20 steps=5000 id=C2xC2xC2_c00456
[saved] id=C2xC2xC2_c00456 -> results/c2xc2xc2_d16_20260120_153947/promising/C2xC2xC2_c00456 (reason: d>=sqrt(n))
[pilot] MEAS n=288 k=4 dx_ub=20 dz_ub=17 d_ub=17 steps=5000 id=C2xC2xC2_c00483
[saved] id=C2xC2xC2_c00483 -> results/c2xc2xc2_d16_20260120_153947/promising/C2xC2xC2_c00483 (reason: d>=sqrt(n))
[best_by_k] group=C2xC2xC2 n=288
k  | d_ub | steps | dx_ub | dz_ub | id
 4 |   20 |  5000 |    20 |    20 | C2xC2xC2_c00265
 8 |   16 |  5000 |    16 |    16 | C2xC2xC2_c00319
[coverage] group=C2xC2xC2 A_sel=128 B_sel=128 Q_meas=19 ratio_ge_sqrt=0.000 ratio_sel=0.001
[coverage] run summary:
[coverage] group=C2xC2xC2 A_sel=128 B_sel=128 Q_meas=19 ratio_ge_sqrt=0.000 ratio_sel=0.001
[summary] best-by-k (measured; includes rejects):
  k=4 best_d_ub=20 count_measured=15 example_id=C2xC2xC2_c00265
  k=8 best_d_ub=16 count_measured=4 example_id=C2xC2xC2_c00319
[summary] best-by-k (survivors; target=16):
  k=4 best_d_ub=20 count_survivors=13 example_id=C2xC2xC2_c00265
  k=8 best_d_ub=16 count_survivors=1 example_id=C2xC2xC2_c00319
[pilot] top results:
  01 group=C2xC2xC2 n=288 k=4 d_ub=20 permA=20 permB=27 saved=True
  02 group=C2xC2xC2 n=288 k=4 d_ub=20 permA=11 permB=27 saved=True
  03 group=C2xC2xC2 n=288 k=4 d_ub=20 permA=27 permB=8 saved=True
  04 group=C2xC2xC2 n=288 k=4 d_ub=20 permA=7 permB=27 saved=True
  05 group=C2xC2xC2 n=288 k=4 d_ub=20 permA=12 permB=8 saved=True
  06 group=C2xC2xC2 n=288 k=4 d_ub=19 permA=8 permB=20 saved=True
  07 group=C2xC2xC2 n=288 k=4 d_ub=18 permA=20 permB=7 saved=True
  08 group=C2xC2xC2 n=288 k=4 d_ub=17 permA=8 permB=20 saved=True
  09 group=C2xC2xC2 n=288 k=4 d_ub=17 permA=20 permB=20 saved=True
  10 group=C2xC2xC2 n=288 k=8 d_ub=16 permA=27 permB=20 saved=False

