=== mar. 20 janv. 2026 15:16:07 CET steps=5000 batch=47 seed=1768922150 ===
[pilot] base k_table top pairs:
  k_base=18 permA=0 permB=0
  k_base=12 permA=29 permB=0
  k_base=12 permA=22 permB=0
  k_base=12 permA=13 permB=0
  k_base=12 permA=6 permB=0
[pilot] A multisets raw=792 (expected=792) enum_mode=multiset cayley_unique=26 perms=30 -> total scored = 780
[pilot] B multisets raw=792 (expected=792) enum_mode=multiset cayley_unique=26 perms=30 -> total scored = 780
[pilot] A frontier kept 128 candidates with points: (4,20), (0,49)
[pilot] B frontier kept 128 candidates with points: (4,20), (0,49)
[pilot] C2xC2xC2 n=288 d0=17 A_sets=26*30 -> keep 128; B_sets=26*30 -> keep 128
[pilot] MEAS n=288 k=4 dx_ub=17 dz_ub=16 d_ub=16 steps=5000 id=C2xC2xC2_c00051
[pilot] MEAS n=288 k=4 dx_ub=20 dz_ub=20 d_ub=20 steps=5000 id=C2xC2xC2_c00096
[saved] id=C2xC2xC2_c00096 -> results/c2xc2xc2_d16_20260120_151607/promising/C2xC2xC2_c00096 (reason: d>=sqrt(n))
[pilot] MEAS n=288 k=4 dx_ub=20 dz_ub=22 d_ub=20 steps=5000 id=C2xC2xC2_c00117
[saved] id=C2xC2xC2_c00117 -> results/c2xc2xc2_d16_20260120_151607/promising/C2xC2xC2_c00117 (reason: d>=sqrt(n))
[pilot] TARGET_REJECT d_ub=12 target=16 id=C2xC2xC2_c00147
[pilot] MEAS n=288 k=4 dx_ub=16 dz_ub=20 d_ub=16 steps=5000 id=C2xC2xC2_c00148
[pilot] MEAS n=288 k=4 dx_ub=20 dz_ub=20 d_ub=20 steps=5000 id=C2xC2xC2_c00181
[saved] id=C2xC2xC2_c00181 -> results/c2xc2xc2_d16_20260120_151607/promising/C2xC2xC2_c00181 (reason: d>=sqrt(n))
[pilot] MEAS n=288 k=4 dx_ub=16 dz_ub=16 d_ub=16 steps=5000 id=C2xC2xC2_c00208
[pilot] MEAS n=288 k=4 dx_ub=21 dz_ub=18 d_ub=18 steps=5000 id=C2xC2xC2_c00269
[saved] id=C2xC2xC2_c00269 -> results/c2xc2xc2_d16_20260120_151607/promising/C2xC2xC2_c00269 (reason: d>=sqrt(n))
[pilot] TARGET_REJECT d_ub=14 target=16 id=C2xC2xC2_c00298
[pilot] TARGET_REJECT d_ub=12 target=16 id=C2xC2xC2_c00306
[pilot] MEAS n=288 k=4 dx_ub=19 dz_ub=20 d_ub=19 steps=5000 id=C2xC2xC2_c00315
[saved] id=C2xC2xC2_c00315 -> results/c2xc2xc2_d16_20260120_151607/promising/C2xC2xC2_c00315 (reason: d>=sqrt(n))
[pilot] TARGET_REJECT d_ub=15 target=16 id=C2xC2xC2_c00322
[pilot] TARGET_REJECT d_ub=12 target=16 id=C2xC2xC2_c00345
[pilot] TARGET_REJECT d_ub=12 target=16 id=C2xC2xC2_c00355
[pilot] MEAS n=288 k=4 dx_ub=16 dz_ub=16 d_ub=16 steps=5000 id=C2xC2xC2_c00372
[pilot] MEAS n=288 k=4 dx_ub=20 dz_ub=19 d_ub=19 steps=5000 id=C2xC2xC2_c00392
[saved] id=C2xC2xC2_c00392 -> results/c2xc2xc2_d16_20260120_151607/promising/C2xC2xC2_c00392 (reason: d>=sqrt(n))
[pilot] MEAS n=288 k=8 dx_ub=16 dz_ub=16 d_ub=16 steps=5000 id=C2xC2xC2_c00396
[pilot] MEAS n=288 k=4 dx_ub=20 dz_ub=20 d_ub=20 steps=5000 id=C2xC2xC2_c00400
[saved] id=C2xC2xC2_c00400 -> results/c2xc2xc2_d16_20260120_151607/promising/C2xC2xC2_c00400 (reason: d>=sqrt(n))
[pilot] MEAS n=288 k=4 dx_ub=18 dz_ub=20 d_ub=18 steps=5000 id=C2xC2xC2_c00402
[saved] id=C2xC2xC2_c00402 -> results/c2xc2xc2_d16_20260120_151607/promising/C2xC2xC2_c00402 (reason: d>=sqrt(n))
[pilot] MEAS n=288 k=4 dx_ub=20 dz_ub=16 d_ub=16 steps=5000 id=C2xC2xC2_c00405
[pilot] MEAS n=288 k=4 dx_ub=20 dz_ub=19 d_ub=19 steps=5000 id=C2xC2xC2_c00420
[saved] id=C2xC2xC2_c00420 -> results/c2xc2xc2_d16_20260120_151607/promising/C2xC2xC2_c00420 (reason: d>=sqrt(n))
[pilot] TARGET_REJECT d_ub=12 target=16 id=C2xC2xC2_c00464
[pilot] MEAS n=288 k=4 dx_ub=17 dz_ub=20 d_ub=17 steps=5000 id=C2xC2xC2_c00496
[saved] id=C2xC2xC2_c00496 -> results/c2xc2xc2_d16_20260120_151607/promising/C2xC2xC2_c00496 (reason: d>=sqrt(n))
[best_by_k] group=C2xC2xC2 n=288
k  | d_ub | steps | dx_ub | dz_ub | id
 4 |   20 |  5000 |    20 |    20 | C2xC2xC2_c00096
 8 |   16 |  5000 |    16 |    16 | C2xC2xC2_c00396
[coverage] group=C2xC2xC2 A_sel=128 B_sel=128 Q_meas=23 ratio_ge_sqrt=0.000 ratio_sel=0.001
[coverage] run summary:
[coverage] group=C2xC2xC2 A_sel=128 B_sel=128 Q_meas=23 ratio_ge_sqrt=0.000 ratio_sel=0.001
[summary] best-by-k (measured; includes rejects):
  k=4 best_d_ub=20 count_measured=19 example_id=C2xC2xC2_c00096
  k=8 best_d_ub=16 count_measured=4 example_id=C2xC2xC2_c00396
[summary] best-by-k (survivors; target=16):
  k=4 best_d_ub=20 count_survivors=15 example_id=C2xC2xC2_c00096
  k=8 best_d_ub=16 count_survivors=1 example_id=C2xC2xC2_c00396
[pilot] top results:
  01 group=C2xC2xC2 n=288 k=4 d_ub=20 permA=11 permB=20 saved=True
  02 group=C2xC2xC2 n=288 k=4 d_ub=20 permA=20 permB=11 saved=True
  03 group=C2xC2xC2 n=288 k=4 d_ub=20 permA=20 permB=27 saved=True
  04 group=C2xC2xC2 n=288 k=4 d_ub=20 permA=8 permB=11 saved=True
  05 group=C2xC2xC2 n=288 k=4 d_ub=19 permA=20 permB=11 saved=True
  06 group=C2xC2xC2 n=288 k=4 d_ub=19 permA=11 permB=11 saved=True
  07 group=C2xC2xC2 n=288 k=4 d_ub=19 permA=8 permB=11 saved=True
  08 group=C2xC2xC2 n=288 k=4 d_ub=18 permA=11 permB=12 saved=True
  09 group=C2xC2xC2 n=288 k=4 d_ub=18 permA=8 permB=7 saved=True
  10 group=C2xC2xC2 n=288 k=4 d_ub=17 permA=7 permB=11 saved=True

