=== mar. 20 janv. 2026 15:00:32 CET steps=5000 batch=17 seed=1768922120 ===
[pilot] base k_table top pairs:
  k_base=18 permA=0 permB=0
  k_base=12 permA=29 permB=0
  k_base=12 permA=22 permB=0
  k_base=12 permA=13 permB=0
  k_base=12 permA=6 permB=0
[pilot] A multisets raw=792 (expected=792) enum_mode=multiset cayley_unique=26 perms=30 -> total scored = 780
[pilot] B multisets raw=792 (expected=792) enum_mode=multiset cayley_unique=26 perms=30 -> total scored = 780
[pilot] A frontier kept 128 candidates with points: (4,20), (0,49)
[pilot] B frontier kept 128 candidates with points: (4,20), (0,49)
[pilot] C2xC2xC2 n=288 d0=17 A_sets=26*30 -> keep 128; B_sets=26*30 -> keep 128
[pilot] MEAS n=288 k=4 dx_ub=22 dz_ub=20 d_ub=20 steps=5000 id=C2xC2xC2_c00009
[saved] id=C2xC2xC2_c00009 -> results/c2xc2xc2_d16_20260120_150032/promising/C2xC2xC2_c00009 (reason: d>=sqrt(n))
[pilot] TARGET_REJECT d_ub=12 target=16 id=C2xC2xC2_c00026
[pilot] MEAS n=288 k=8 dx_ub=16 dz_ub=17 d_ub=16 steps=5000 id=C2xC2xC2_c00079
[pilot] TARGET_REJECT d_ub=6 target=16 id=C2xC2xC2_c00106
[pilot] MEAS n=288 k=8 dx_ub=16 dz_ub=18 d_ub=16 steps=5000 id=C2xC2xC2_c00134
[pilot] MEAS n=288 k=4 dx_ub=20 dz_ub=20 d_ub=20 steps=5000 id=C2xC2xC2_c00178
[saved] id=C2xC2xC2_c00178 -> results/c2xc2xc2_d16_20260120_150032/promising/C2xC2xC2_c00178 (reason: d>=sqrt(n))
[pilot] TARGET_REJECT d_ub=13 target=16 id=C2xC2xC2_c00186
[pilot] MEAS n=288 k=8 dx_ub=16 dz_ub=17 d_ub=16 steps=5000 id=C2xC2xC2_c00206
[pilot] MEAS n=288 k=4 dx_ub=17 dz_ub=20 d_ub=17 steps=5000 id=C2xC2xC2_c00218
[saved] id=C2xC2xC2_c00218 -> results/c2xc2xc2_d16_20260120_150032/promising/C2xC2xC2_c00218 (reason: d>=sqrt(n))
[pilot] MEAS n=288 k=4 dx_ub=19 dz_ub=20 d_ub=19 steps=5000 id=C2xC2xC2_c00243
[saved] id=C2xC2xC2_c00243 -> results/c2xc2xc2_d16_20260120_150032/promising/C2xC2xC2_c00243 (reason: d>=sqrt(n))
[pilot] TARGET_REJECT d_ub=13 target=16 id=C2xC2xC2_c00252
[pilot] MEAS n=288 k=8 dx_ub=16 dz_ub=16 d_ub=16 steps=5000 id=C2xC2xC2_c00258
[pilot] MEAS n=288 k=4 dx_ub=17 dz_ub=20 d_ub=17 steps=5000 id=C2xC2xC2_c00259
[saved] id=C2xC2xC2_c00259 -> results/c2xc2xc2_d16_20260120_150032/promising/C2xC2xC2_c00259 (reason: d>=sqrt(n))
[pilot] TARGET_REJECT d_ub=6 target=16 id=C2xC2xC2_c00263
[pilot] MEAS n=288 k=4 dx_ub=17 dz_ub=16 d_ub=16 steps=5000 id=C2xC2xC2_c00271
[pilot] MEAS n=288 k=4 dx_ub=19 dz_ub=20 d_ub=19 steps=5000 id=C2xC2xC2_c00284
[saved] id=C2xC2xC2_c00284 -> results/c2xc2xc2_d16_20260120_150032/promising/C2xC2xC2_c00284 (reason: d>=sqrt(n))
[pilot] MEAS n=288 k=4 dx_ub=16 dz_ub=18 d_ub=16 steps=5000 id=C2xC2xC2_c00324
[pilot] TARGET_REJECT d_ub=12 target=16 id=C2xC2xC2_c00370
[pilot] TARGET_REJECT d_ub=12 target=16 id=C2xC2xC2_c00377
[pilot] MEAS n=288 k=4 dx_ub=20 dz_ub=20 d_ub=20 steps=5000 id=C2xC2xC2_c00402
[saved] id=C2xC2xC2_c00402 -> results/c2xc2xc2_d16_20260120_150032/promising/C2xC2xC2_c00402 (reason: d>=sqrt(n))
[pilot] MEAS n=288 k=4 dx_ub=17 dz_ub=16 d_ub=16 steps=5000 id=C2xC2xC2_c00415
[pilot] TARGET_REJECT d_ub=6 target=16 id=C2xC2xC2_c00438
[pilot] MEAS n=288 k=8 dx_ub=16 dz_ub=18 d_ub=16 steps=5000 id=C2xC2xC2_c00469
[best_by_k] group=C2xC2xC2 n=288
k  | d_ub | steps | dx_ub | dz_ub | id
 4 |   20 |  5000 |    22 |    20 | C2xC2xC2_c00009
 8 |   16 |  5000 |    16 |    17 | C2xC2xC2_c00079
[coverage] group=C2xC2xC2 A_sel=128 B_sel=128 Q_meas=23 ratio_ge_sqrt=0.000 ratio_sel=0.001
[coverage] run summary:
[coverage] group=C2xC2xC2 A_sel=128 B_sel=128 Q_meas=23 ratio_ge_sqrt=0.000 ratio_sel=0.001
[summary] best-by-k (measured; includes rejects):
  k=4 best_d_ub=20 count_measured=11 example_id=C2xC2xC2_c00009
  k=8 best_d_ub=16 count_measured=12 example_id=C2xC2xC2_c00079
[summary] best-by-k (survivors; target=16):
  k=4 best_d_ub=20 count_survivors=10 example_id=C2xC2xC2_c00009
  k=8 best_d_ub=16 count_survivors=5 example_id=C2xC2xC2_c00079
[pilot] top results:
  01 group=C2xC2xC2 n=288 k=4 d_ub=20 permA=11 permB=27 saved=True
  02 group=C2xC2xC2 n=288 k=4 d_ub=20 permA=27 permB=20 saved=True
  03 group=C2xC2xC2 n=288 k=4 d_ub=20 permA=8 permB=27 saved=True
  04 group=C2xC2xC2 n=288 k=4 d_ub=19 permA=27 permB=8 saved=True
  05 group=C2xC2xC2 n=288 k=4 d_ub=19 permA=27 permB=20 saved=True
  06 group=C2xC2xC2 n=288 k=4 d_ub=17 permA=11 permB=7 saved=True
  07 group=C2xC2xC2 n=288 k=4 d_ub=17 permA=11 permB=20 saved=True
  08 group=C2xC2xC2 n=288 k=8 d_ub=16 permA=12 permB=7 saved=False
  09 group=C2xC2xC2 n=288 k=8 d_ub=16 permA=20 permB=7 saved=False
  10 group=C2xC2xC2 n=288 k=8 d_ub=16 permA=11 permB=8 saved=False

