=== mar. 20 janv. 2026 18:15:44 CET steps=5000 batch=103 seed=1768922206 ===
[pilot] base k_table top pairs:
  k_base=18 permA=0 permB=0
  k_base=12 permA=29 permB=0
  k_base=12 permA=22 permB=0
  k_base=12 permA=13 permB=0
  k_base=12 permA=6 permB=0
[pilot] A multisets raw=792 (expected=792) enum_mode=multiset cayley_unique=26 perms=30 -> total scored = 780
[pilot] B multisets raw=792 (expected=792) enum_mode=multiset cayley_unique=26 perms=30 -> total scored = 780
[pilot] A frontier kept 128 candidates with points: (4,20), (0,49)
[pilot] B frontier kept 128 candidates with points: (4,20), (0,49)
[pilot] C2xC2xC2 n=288 d0=17 A_sets=26*30 -> keep 128; B_sets=26*30 -> keep 128
[pilot] MEAS n=288 k=4 dx_ub=16 dz_ub=16 d_ub=16 steps=5000 id=C2xC2xC2_c00016
[pilot] MEAS n=288 k=4 dx_ub=20 dz_ub=20 d_ub=20 steps=5000 id=C2xC2xC2_c00025
[saved] id=C2xC2xC2_c00025 -> results/c2xc2xc2_d16_20260120_181544/promising/C2xC2xC2_c00025 (reason: d>=sqrt(n))
[pilot] MEAS n=288 k=4 dx_ub=20 dz_ub=20 d_ub=20 steps=5000 id=C2xC2xC2_c00028
[saved] id=C2xC2xC2_c00028 -> results/c2xc2xc2_d16_20260120_181544/promising/C2xC2xC2_c00028 (reason: d>=sqrt(n))
[pilot] MEAS n=288 k=4 dx_ub=17 dz_ub=20 d_ub=17 steps=5000 id=C2xC2xC2_c00066
[saved] id=C2xC2xC2_c00066 -> results/c2xc2xc2_d16_20260120_181544/promising/C2xC2xC2_c00066 (reason: d>=sqrt(n))
[pilot] MEAS n=288 k=4 dx_ub=20 dz_ub=20 d_ub=20 steps=5000 id=C2xC2xC2_c00099
[saved] id=C2xC2xC2_c00099 -> results/c2xc2xc2_d16_20260120_181544/promising/C2xC2xC2_c00099 (reason: d>=sqrt(n))
[pilot] TARGET_REJECT d_ub=15 target=16 id=C2xC2xC2_c00191
[pilot] TARGET_REJECT d_ub=13 target=16 id=C2xC2xC2_c00225
[pilot] MEAS n=288 k=8 dx_ub=17 dz_ub=20 d_ub=17 steps=5000 id=C2xC2xC2_c00228
[saved] id=C2xC2xC2_c00228 -> results/c2xc2xc2_d16_20260120_181544/promising/C2xC2xC2_c00228 (reason: d>=sqrt(n))
[pilot] MEAS n=288 k=4 dx_ub=17 dz_ub=17 d_ub=17 steps=5000 id=C2xC2xC2_c00230
[saved] id=C2xC2xC2_c00230 -> results/c2xc2xc2_d16_20260120_181544/promising/C2xC2xC2_c00230 (reason: d>=sqrt(n))
[pilot] MEAS n=288 k=4 dx_ub=20 dz_ub=16 d_ub=16 steps=5000 id=C2xC2xC2_c00289
[pilot] MEAS n=288 k=4 dx_ub=20 dz_ub=20 d_ub=20 steps=5000 id=C2xC2xC2_c00305
[saved] id=C2xC2xC2_c00305 -> results/c2xc2xc2_d16_20260120_181544/promising/C2xC2xC2_c00305 (reason: d>=sqrt(n))
[pilot] TARGET_REJECT d_ub=14 target=16 id=C2xC2xC2_c00326
[pilot] MEAS n=288 k=4 dx_ub=17 dz_ub=20 d_ub=17 steps=5000 id=C2xC2xC2_c00342
[saved] id=C2xC2xC2_c00342 -> results/c2xc2xc2_d16_20260120_181544/promising/C2xC2xC2_c00342 (reason: d>=sqrt(n))
[pilot] MEAS n=288 k=4 dx_ub=16 dz_ub=20 d_ub=16 steps=5000 id=C2xC2xC2_c00358
[pilot] MEAS n=288 k=4 dx_ub=19 dz_ub=17 d_ub=17 steps=5000 id=C2xC2xC2_c00364
[saved] id=C2xC2xC2_c00364 -> results/c2xc2xc2_d16_20260120_181544/promising/C2xC2xC2_c00364 (reason: d>=sqrt(n))
[pilot] TARGET_REJECT d_ub=15 target=16 id=C2xC2xC2_c00389
[pilot] MEAS n=288 k=4 dx_ub=19 dz_ub=19 d_ub=19 steps=5000 id=C2xC2xC2_c00447
[saved] id=C2xC2xC2_c00447 -> results/c2xc2xc2_d16_20260120_181544/promising/C2xC2xC2_c00447 (reason: d>=sqrt(n))
[pilot] MEAS n=288 k=4 dx_ub=20 dz_ub=19 d_ub=19 steps=5000 id=C2xC2xC2_c00477
[saved] id=C2xC2xC2_c00477 -> results/c2xc2xc2_d16_20260120_181544/promising/C2xC2xC2_c00477 (reason: d>=sqrt(n))
[pilot] MEAS n=288 k=4 dx_ub=20 dz_ub=16 d_ub=16 steps=5000 id=C2xC2xC2_c00483
[best_by_k] group=C2xC2xC2 n=288
k  | d_ub | steps | dx_ub | dz_ub | id
 4 |   20 |  5000 |    20 |    20 | C2xC2xC2_c00025
 8 |   17 |  5000 |    17 |    20 | C2xC2xC2_c00228
[coverage] group=C2xC2xC2 A_sel=128 B_sel=128 Q_meas=19 ratio_ge_sqrt=0.000 ratio_sel=0.001
[coverage] run summary:
[coverage] group=C2xC2xC2 A_sel=128 B_sel=128 Q_meas=19 ratio_ge_sqrt=0.000 ratio_sel=0.001
[summary] best-by-k (measured; includes rejects):
  k=4 best_d_ub=20 count_measured=15 example_id=C2xC2xC2_c00025
  k=8 best_d_ub=17 count_measured=4 example_id=C2xC2xC2_c00228
[summary] best-by-k (survivors; target=16):
  k=4 best_d_ub=20 count_survivors=14 example_id=C2xC2xC2_c00025
  k=8 best_d_ub=17 count_survivors=1 example_id=C2xC2xC2_c00228
[pilot] top results:
  01 group=C2xC2xC2 n=288 k=4 d_ub=20 permA=11 permB=8 saved=True
  02 group=C2xC2xC2 n=288 k=4 d_ub=20 permA=12 permB=20 saved=True
  03 group=C2xC2xC2 n=288 k=4 d_ub=20 permA=8 permB=12 saved=True
  04 group=C2xC2xC2 n=288 k=4 d_ub=20 permA=7 permB=20 saved=True
  05 group=C2xC2xC2 n=288 k=4 d_ub=19 permA=27 permB=8 saved=True
  06 group=C2xC2xC2 n=288 k=4 d_ub=19 permA=20 permB=27 saved=True
  07 group=C2xC2xC2 n=288 k=8 d_ub=17 permA=20 permB=12 saved=True
  08 group=C2xC2xC2 n=288 k=4 d_ub=17 permA=8 permB=11 saved=True
  09 group=C2xC2xC2 n=288 k=4 d_ub=17 permA=20 permB=20 saved=True
  10 group=C2xC2xC2 n=288 k=4 d_ub=17 permA=20 permB=12 saved=True

