=== mar. 20 janv. 2026 15:00:03 CET steps=5000 batch=16 seed=1768922119 ===
[pilot] base k_table top pairs:
  k_base=18 permA=0 permB=0
  k_base=12 permA=29 permB=0
  k_base=12 permA=22 permB=0
  k_base=12 permA=13 permB=0
  k_base=12 permA=6 permB=0
[pilot] A multisets raw=792 (expected=792) enum_mode=multiset cayley_unique=26 perms=30 -> total scored = 780
[pilot] B multisets raw=792 (expected=792) enum_mode=multiset cayley_unique=26 perms=30 -> total scored = 780
[pilot] A frontier kept 128 candidates with points: (4,20), (0,49)
[pilot] B frontier kept 128 candidates with points: (4,20), (0,49)
[pilot] C2xC2xC2 n=288 d0=17 A_sets=26*30 -> keep 128; B_sets=26*30 -> keep 128
[pilot] MEAS n=288 k=4 dx_ub=16 dz_ub=18 d_ub=16 steps=5000 id=C2xC2xC2_c00002
[pilot] TARGET_REJECT d_ub=6 target=16 id=C2xC2xC2_c00027
[pilot] MEAS n=288 k=4 dx_ub=16 dz_ub=16 d_ub=16 steps=5000 id=C2xC2xC2_c00037
[pilot] MEAS n=288 k=4 dx_ub=22 dz_ub=22 d_ub=22 steps=5000 id=C2xC2xC2_c00094
[saved] id=C2xC2xC2_c00094 -> results/c2xc2xc2_d16_20260120_150003/promising/C2xC2xC2_c00094 (reason: d>=sqrt(n))
[pilot] TARGET_REJECT d_ub=13 target=16 id=C2xC2xC2_c00102
[pilot] TARGET_REJECT d_ub=12 target=16 id=C2xC2xC2_c00126
[pilot] MEAS n=288 k=4 dx_ub=20 dz_ub=18 d_ub=18 steps=5000 id=C2xC2xC2_c00134
[saved] id=C2xC2xC2_c00134 -> results/c2xc2xc2_d16_20260120_150003/promising/C2xC2xC2_c00134 (reason: d>=sqrt(n))
[pilot] MEAS n=288 k=4 dx_ub=20 dz_ub=19 d_ub=19 steps=5000 id=C2xC2xC2_c00141
[saved] id=C2xC2xC2_c00141 -> results/c2xc2xc2_d16_20260120_150003/promising/C2xC2xC2_c00141 (reason: d>=sqrt(n))
[pilot] TARGET_REJECT d_ub=6 target=16 id=C2xC2xC2_c00184
[pilot] TARGET_REJECT d_ub=6 target=16 id=C2xC2xC2_c00255
[pilot] MEAS n=288 k=4 dx_ub=22 dz_ub=20 d_ub=20 steps=5000 id=C2xC2xC2_c00262
[saved] id=C2xC2xC2_c00262 -> results/c2xc2xc2_d16_20260120_150003/promising/C2xC2xC2_c00262 (reason: d>=sqrt(n))
[pilot] MEAS n=288 k=4 dx_ub=16 dz_ub=21 d_ub=16 steps=5000 id=C2xC2xC2_c00311
[pilot] MEAS n=288 k=4 dx_ub=17 dz_ub=16 d_ub=16 steps=5000 id=C2xC2xC2_c00325
[pilot] MEAS n=288 k=4 dx_ub=20 dz_ub=20 d_ub=20 steps=5000 id=C2xC2xC2_c00338
[saved] id=C2xC2xC2_c00338 -> results/c2xc2xc2_d16_20260120_150003/promising/C2xC2xC2_c00338 (reason: d>=sqrt(n))
[pilot] MEAS n=288 k=4 dx_ub=21 dz_ub=20 d_ub=20 steps=5000 id=C2xC2xC2_c00340
[saved] id=C2xC2xC2_c00340 -> results/c2xc2xc2_d16_20260120_150003/promising/C2xC2xC2_c00340 (reason: d>=sqrt(n))
[pilot] MEAS n=288 k=4 dx_ub=20 dz_ub=16 d_ub=16 steps=5000 id=C2xC2xC2_c00351
[pilot] MEAS n=288 k=4 dx_ub=16 dz_ub=16 d_ub=16 steps=5000 id=C2xC2xC2_c00385
[pilot] MEAS n=288 k=4 dx_ub=17 dz_ub=16 d_ub=16 steps=5000 id=C2xC2xC2_c00414
[pilot] MEAS n=288 k=8 dx_ub=18 dz_ub=16 d_ub=16 steps=5000 id=C2xC2xC2_c00433
[pilot] MEAS n=288 k=4 dx_ub=22 dz_ub=20 d_ub=20 steps=5000 id=C2xC2xC2_c00478
[saved] id=C2xC2xC2_c00478 -> results/c2xc2xc2_d16_20260120_150003/promising/C2xC2xC2_c00478 (reason: d>=sqrt(n))
[pilot] TARGET_REJECT d_ub=6 target=16 id=C2xC2xC2_c00491
[pilot] MEAS n=288 k=4 dx_ub=20 dz_ub=19 d_ub=19 steps=5000 id=C2xC2xC2_c00495
[saved] id=C2xC2xC2_c00495 -> results/c2xc2xc2_d16_20260120_150003/promising/C2xC2xC2_c00495 (reason: d>=sqrt(n))
[best_by_k] group=C2xC2xC2 n=288
k  | d_ub | steps | dx_ub | dz_ub | id
 4 |   22 |  5000 |    22 |    22 | C2xC2xC2_c00094
 8 |   16 |  5000 |    18 |    16 | C2xC2xC2_c00433
[coverage] group=C2xC2xC2 A_sel=128 B_sel=128 Q_meas=22 ratio_ge_sqrt=0.000 ratio_sel=0.001
[coverage] run summary:
[coverage] group=C2xC2xC2 A_sel=128 B_sel=128 Q_meas=22 ratio_ge_sqrt=0.000 ratio_sel=0.001
[summary] best-by-k (measured; includes rejects):
  k=4 best_d_ub=22 count_measured=15 example_id=C2xC2xC2_c00094
  k=8 best_d_ub=16 count_measured=7 example_id=C2xC2xC2_c00433
[summary] best-by-k (survivors; target=16):
  k=4 best_d_ub=22 count_survivors=15 example_id=C2xC2xC2_c00094
  k=8 best_d_ub=16 count_survivors=1 example_id=C2xC2xC2_c00433
[pilot] top results:
  01 group=C2xC2xC2 n=288 k=4 d_ub=22 permA=11 permB=7 saved=True
  02 group=C2xC2xC2 n=288 k=4 d_ub=20 permA=12 permB=11 saved=True
  03 group=C2xC2xC2 n=288 k=4 d_ub=20 permA=11 permB=11 saved=True
  04 group=C2xC2xC2 n=288 k=4 d_ub=20 permA=27 permB=12 saved=True
  05 group=C2xC2xC2 n=288 k=4 d_ub=20 permA=11 permB=27 saved=True
  06 group=C2xC2xC2 n=288 k=4 d_ub=19 permA=11 permB=8 saved=True
  07 group=C2xC2xC2 n=288 k=4 d_ub=19 permA=11 permB=8 saved=True
  08 group=C2xC2xC2 n=288 k=4 d_ub=18 permA=7 permB=27 saved=True
  09 group=C2xC2xC2 n=288 k=8 d_ub=16 permA=12 permB=20 saved=False
  10 group=C2xC2xC2 n=288 k=4 d_ub=16 permA=20 permB=8 saved=False

