=== mer. 21 janv. 2026 08:02:13 CET steps=20000 batch=39 seed=1768937142 ===
[pilot] base k_table top pairs:
  k_base=18 permA=0 permB=0
  k_base=12 permA=29 permB=0
  k_base=12 permA=22 permB=0
  k_base=12 permA=13 permB=0
  k_base=12 permA=6 permB=0
[pilot] A multisets raw=792 (expected=792) enum_mode=multiset cayley_unique=26 perms=30 -> total scored = 780
[pilot] B multisets raw=792 (expected=792) enum_mode=multiset cayley_unique=26 perms=30 -> total scored = 780
[pilot] A frontier kept 128 candidates with points: (4,20), (0,49)
[pilot] B frontier kept 128 candidates with points: (4,20), (0,49)
[pilot] C2xC2xC2 n=288 d0=17 A_sets=26*30 -> keep 128; B_sets=26*30 -> keep 128
[pilot] MEAS n=288 k=4 dx_ub=17 dz_ub=16 d_ub=16 steps=20000 id=C2xC2xC2_c00002
[pilot] MEAS n=288 k=4 dx_ub=20 dz_ub=20 d_ub=20 steps=20000 id=C2xC2xC2_c00040
[saved] id=C2xC2xC2_c00040 -> results/c2xc2xc2_d16_20260121_080213/promising/C2xC2xC2_c00040 (reason: d>=sqrt(n))
[pilot] MEAS n=288 k=4 dx_ub=18 dz_ub=20 d_ub=18 steps=20000 id=C2xC2xC2_c00059
[saved] id=C2xC2xC2_c00059 -> results/c2xc2xc2_d16_20260121_080213/promising/C2xC2xC2_c00059 (reason: d>=sqrt(n))
[pilot] MEAS n=288 k=4 dx_ub=20 dz_ub=17 d_ub=17 steps=20000 id=C2xC2xC2_c00091
[saved] id=C2xC2xC2_c00091 -> results/c2xc2xc2_d16_20260121_080213/promising/C2xC2xC2_c00091 (reason: d>=sqrt(n))
[pilot] MEAS n=288 k=4 dx_ub=17 dz_ub=20 d_ub=17 steps=20000 id=C2xC2xC2_c00162
[saved] id=C2xC2xC2_c00162 -> results/c2xc2xc2_d16_20260121_080213/promising/C2xC2xC2_c00162 (reason: d>=sqrt(n))
[pilot] TARGET_REJECT d_ub=12 target=16 id=C2xC2xC2_c00202
[pilot] MEAS n=288 k=4 dx_ub=17 dz_ub=17 d_ub=17 steps=20000 id=C2xC2xC2_c00252
[saved] id=C2xC2xC2_c00252 -> results/c2xc2xc2_d16_20260121_080213/promising/C2xC2xC2_c00252 (reason: d>=sqrt(n))
[pilot] MEAS n=288 k=4 dx_ub=17 dz_ub=16 d_ub=16 steps=20000 id=C2xC2xC2_c00259
[pilot] MEAS n=288 k=4 dx_ub=16 dz_ub=16 d_ub=16 steps=20000 id=C2xC2xC2_c00307
[pilot] TARGET_REJECT d_ub=14 target=16 id=C2xC2xC2_c00314
[pilot] TARGET_REJECT d_ub=12 target=16 id=C2xC2xC2_c00328
[pilot] MEAS n=288 k=4 dx_ub=19 dz_ub=20 d_ub=19 steps=20000 id=C2xC2xC2_c00335
[saved] id=C2xC2xC2_c00335 -> results/c2xc2xc2_d16_20260121_080213/promising/C2xC2xC2_c00335 (reason: d>=sqrt(n))
[pilot] TARGET_REJECT d_ub=12 target=16 id=C2xC2xC2_c00349
[pilot] MEAS n=288 k=4 dx_ub=19 dz_ub=19 d_ub=19 steps=20000 id=C2xC2xC2_c00383
[saved] id=C2xC2xC2_c00383 -> results/c2xc2xc2_d16_20260121_080213/promising/C2xC2xC2_c00383 (reason: d>=sqrt(n))
[pilot] TARGET_REJECT d_ub=12 target=16 id=C2xC2xC2_c00418
[pilot] MEAS n=288 k=4 dx_ub=20 dz_ub=19 d_ub=19 steps=20000 id=C2xC2xC2_c00439
[saved] id=C2xC2xC2_c00439 -> results/c2xc2xc2_d16_20260121_080213/promising/C2xC2xC2_c00439 (reason: d>=sqrt(n))
[pilot] MEAS n=288 k=4 dx_ub=20 dz_ub=20 d_ub=20 steps=20000 id=C2xC2xC2_c00453
[saved] id=C2xC2xC2_c00453 -> results/c2xc2xc2_d16_20260121_080213/promising/C2xC2xC2_c00453 (reason: d>=sqrt(n))
[pilot] MEAS n=288 k=4 dx_ub=17 dz_ub=20 d_ub=17 steps=20000 id=C2xC2xC2_c00462
[saved] id=C2xC2xC2_c00462 -> results/c2xc2xc2_d16_20260121_080213/promising/C2xC2xC2_c00462 (reason: d>=sqrt(n))
[pilot] MEAS n=288 k=4 dx_ub=20 dz_ub=20 d_ub=20 steps=20000 id=C2xC2xC2_c00477
[saved] id=C2xC2xC2_c00477 -> results/c2xc2xc2_d16_20260121_080213/promising/C2xC2xC2_c00477 (reason: d>=sqrt(n))
[best_by_k] group=C2xC2xC2 n=288
k  | d_ub | steps | dx_ub | dz_ub | id
 4 |   20 | 20000 |    20 |    20 | C2xC2xC2_c00040
[coverage] group=C2xC2xC2 A_sel=128 B_sel=128 Q_meas=19 ratio_ge_sqrt=0.000 ratio_sel=0.001
[coverage] run summary:
[coverage] group=C2xC2xC2 A_sel=128 B_sel=128 Q_meas=19 ratio_ge_sqrt=0.000 ratio_sel=0.001
[summary] best-by-k (measured; includes rejects):
  k=4 best_d_ub=20 count_measured=15 example_id=C2xC2xC2_c00040
  k=8 best_d_ub=14 count_measured=4 example_id=C2xC2xC2_c00314
[summary] best-by-k (survivors; target=16):
  k=4 best_d_ub=20 count_survivors=14 example_id=C2xC2xC2_c00040
[pilot] top results:
  01 group=C2xC2xC2 n=288 k=4 d_ub=20 permA=20 permB=12 saved=True
  02 group=C2xC2xC2 n=288 k=4 d_ub=20 permA=27 permB=8 saved=True
  03 group=C2xC2xC2 n=288 k=4 d_ub=20 permA=27 permB=8 saved=True
  04 group=C2xC2xC2 n=288 k=4 d_ub=19 permA=7 permB=20 saved=True
  05 group=C2xC2xC2 n=288 k=4 d_ub=19 permA=27 permB=20 saved=True
  06 group=C2xC2xC2 n=288 k=4 d_ub=19 permA=27 permB=11 saved=True
  07 group=C2xC2xC2 n=288 k=4 d_ub=18 permA=11 permB=27 saved=True
  08 group=C2xC2xC2 n=288 k=4 d_ub=17 permA=12 permB=8 saved=True
  09 group=C2xC2xC2 n=288 k=4 d_ub=17 permA=20 permB=8 saved=True
  10 group=C2xC2xC2 n=288 k=4 d_ub=17 permA=20 permB=8 saved=True

