=== mar. 20 janv. 2026 15:18:57 CET steps=5000 batch=52 seed=1768922155 ===
[pilot] base k_table top pairs:
  k_base=18 permA=0 permB=0
  k_base=12 permA=29 permB=0
  k_base=12 permA=22 permB=0
  k_base=12 permA=13 permB=0
  k_base=12 permA=6 permB=0
[pilot] A multisets raw=792 (expected=792) enum_mode=multiset cayley_unique=26 perms=30 -> total scored = 780
[pilot] B multisets raw=792 (expected=792) enum_mode=multiset cayley_unique=26 perms=30 -> total scored = 780
[pilot] A frontier kept 128 candidates with points: (4,20), (0,49)
[pilot] B frontier kept 128 candidates with points: (4,20), (0,49)
[pilot] C2xC2xC2 n=288 d0=17 A_sets=26*30 -> keep 128; B_sets=26*30 -> keep 128
[pilot] MEAS n=288 k=4 dx_ub=16 dz_ub=20 d_ub=16 steps=5000 id=C2xC2xC2_c00000
[pilot] MEAS n=288 k=4 dx_ub=16 dz_ub=18 d_ub=16 steps=5000 id=C2xC2xC2_c00049
[pilot] MEAS n=288 k=8 dx_ub=16 dz_ub=16 d_ub=16 steps=5000 id=C2xC2xC2_c00078
[pilot] MEAS n=288 k=4 dx_ub=18 dz_ub=16 d_ub=16 steps=5000 id=C2xC2xC2_c00079
[pilot] TARGET_REJECT d_ub=12 target=16 id=C2xC2xC2_c00087
[pilot] MEAS n=288 k=4 dx_ub=19 dz_ub=17 d_ub=17 steps=5000 id=C2xC2xC2_c00090
[saved] id=C2xC2xC2_c00090 -> results/c2xc2xc2_d16_20260120_151858/promising/C2xC2xC2_c00090 (reason: d>=sqrt(n))
[pilot] MEAS n=288 k=4 dx_ub=20 dz_ub=18 d_ub=18 steps=5000 id=C2xC2xC2_c00107
[saved] id=C2xC2xC2_c00107 -> results/c2xc2xc2_d16_20260120_151858/promising/C2xC2xC2_c00107 (reason: d>=sqrt(n))
[pilot] MEAS n=288 k=4 dx_ub=17 dz_ub=16 d_ub=16 steps=5000 id=C2xC2xC2_c00126
[pilot] MEAS n=288 k=4 dx_ub=19 dz_ub=16 d_ub=16 steps=5000 id=C2xC2xC2_c00137
[pilot] MEAS n=288 k=4 dx_ub=20 dz_ub=20 d_ub=20 steps=5000 id=C2xC2xC2_c00147
[saved] id=C2xC2xC2_c00147 -> results/c2xc2xc2_d16_20260120_151858/promising/C2xC2xC2_c00147 (reason: d>=sqrt(n))
[pilot] MEAS n=288 k=4 dx_ub=20 dz_ub=20 d_ub=20 steps=5000 id=C2xC2xC2_c00179
[saved] id=C2xC2xC2_c00179 -> results/c2xc2xc2_d16_20260120_151858/promising/C2xC2xC2_c00179 (reason: d>=sqrt(n))
[pilot] MEAS n=288 k=8 dx_ub=16 dz_ub=17 d_ub=16 steps=5000 id=C2xC2xC2_c00190
[pilot] TARGET_REJECT d_ub=14 target=16 id=C2xC2xC2_c00212
[pilot] TARGET_REJECT d_ub=6 target=16 id=C2xC2xC2_c00260
[pilot] MEAS n=288 k=4 dx_ub=20 dz_ub=16 d_ub=16 steps=5000 id=C2xC2xC2_c00274
[pilot] TARGET_REJECT d_ub=12 target=16 id=C2xC2xC2_c00304
[pilot] MEAS n=288 k=4 dx_ub=17 dz_ub=20 d_ub=17 steps=5000 id=C2xC2xC2_c00354
[saved] id=C2xC2xC2_c00354 -> results/c2xc2xc2_d16_20260120_151858/promising/C2xC2xC2_c00354 (reason: d>=sqrt(n))
[pilot] TARGET_REJECT d_ub=12 target=16 id=C2xC2xC2_c00356
[pilot] MEAS n=288 k=8 dx_ub=16 dz_ub=17 d_ub=16 steps=5000 id=C2xC2xC2_c00371
[pilot] MEAS n=288 k=4 dx_ub=20 dz_ub=20 d_ub=20 steps=5000 id=C2xC2xC2_c00386
[saved] id=C2xC2xC2_c00386 -> results/c2xc2xc2_d16_20260120_151858/promising/C2xC2xC2_c00386 (reason: d>=sqrt(n))
[pilot] MEAS n=288 k=4 dx_ub=20 dz_ub=21 d_ub=20 steps=5000 id=C2xC2xC2_c00410
[saved] id=C2xC2xC2_c00410 -> results/c2xc2xc2_d16_20260120_151858/promising/C2xC2xC2_c00410 (reason: d>=sqrt(n))
[pilot] MEAS n=288 k=4 dx_ub=16 dz_ub=17 d_ub=16 steps=5000 id=C2xC2xC2_c00429
[pilot] TARGET_REJECT d_ub=12 target=16 id=C2xC2xC2_c00466
[pilot] MEAS n=288 k=8 dx_ub=17 dz_ub=16 d_ub=16 steps=5000 id=C2xC2xC2_c00484
[best_by_k] group=C2xC2xC2 n=288
k  | d_ub | steps | dx_ub | dz_ub | id
 4 |   20 |  5000 |    20 |    20 | C2xC2xC2_c00147
 8 |   16 |  5000 |    16 |    16 | C2xC2xC2_c00078
[coverage] group=C2xC2xC2 A_sel=128 B_sel=128 Q_meas=24 ratio_ge_sqrt=0.000 ratio_sel=0.001
[coverage] run summary:
[coverage] group=C2xC2xC2 A_sel=128 B_sel=128 Q_meas=24 ratio_ge_sqrt=0.000 ratio_sel=0.001
[summary] best-by-k (measured; includes rejects):
  k=4 best_d_ub=20 count_measured=15 example_id=C2xC2xC2_c00147
  k=8 best_d_ub=16 count_measured=9 example_id=C2xC2xC2_c00078
[summary] best-by-k (survivors; target=16):
  k=4 best_d_ub=20 count_survivors=14 example_id=C2xC2xC2_c00147
  k=8 best_d_ub=16 count_survivors=4 example_id=C2xC2xC2_c00078
[pilot] top results:
  01 group=C2xC2xC2 n=288 k=4 d_ub=20 permA=20 permB=7 saved=True
  02 group=C2xC2xC2 n=288 k=4 d_ub=20 permA=8 permB=11 saved=True
  03 group=C2xC2xC2 n=288 k=4 d_ub=20 permA=11 permB=12 saved=True
  04 group=C2xC2xC2 n=288 k=4 d_ub=20 permA=11 permB=27 saved=True
  05 group=C2xC2xC2 n=288 k=4 d_ub=18 permA=20 permB=27 saved=True
  06 group=C2xC2xC2 n=288 k=4 d_ub=17 permA=27 permB=27 saved=True
  07 group=C2xC2xC2 n=288 k=4 d_ub=17 permA=12 permB=8 saved=True
  08 group=C2xC2xC2 n=288 k=8 d_ub=16 permA=11 permB=27 saved=False
  09 group=C2xC2xC2 n=288 k=8 d_ub=16 permA=8 permB=11 saved=False
  10 group=C2xC2xC2 n=288 k=8 d_ub=16 permA=8 permB=7 saved=False

