=== mar. 20 janv. 2026 15:15:00 CET steps=5000 batch=45 seed=1768922148 ===
[pilot] base k_table top pairs:
  k_base=18 permA=0 permB=0
  k_base=12 permA=29 permB=0
  k_base=12 permA=22 permB=0
  k_base=12 permA=13 permB=0
  k_base=12 permA=6 permB=0
[pilot] A multisets raw=792 (expected=792) enum_mode=multiset cayley_unique=26 perms=30 -> total scored = 780
[pilot] B multisets raw=792 (expected=792) enum_mode=multiset cayley_unique=26 perms=30 -> total scored = 780
[pilot] A frontier kept 128 candidates with points: (4,20), (0,49)
[pilot] B frontier kept 128 candidates with points: (4,20), (0,49)
[pilot] C2xC2xC2 n=288 d0=17 A_sets=26*30 -> keep 128; B_sets=26*30 -> keep 128
[pilot] MEAS n=288 k=4 dx_ub=16 dz_ub=17 d_ub=16 steps=5000 id=C2xC2xC2_c00012
[pilot] MEAS n=288 k=4 dx_ub=19 dz_ub=17 d_ub=17 steps=5000 id=C2xC2xC2_c00032
[saved] id=C2xC2xC2_c00032 -> results/c2xc2xc2_d16_20260120_151500/promising/C2xC2xC2_c00032 (reason: d>=sqrt(n))
[pilot] MEAS n=288 k=4 dx_ub=16 dz_ub=21 d_ub=16 steps=5000 id=C2xC2xC2_c00042
[pilot] MEAS n=288 k=4 dx_ub=20 dz_ub=20 d_ub=20 steps=5000 id=C2xC2xC2_c00059
[saved] id=C2xC2xC2_c00059 -> results/c2xc2xc2_d16_20260120_151500/promising/C2xC2xC2_c00059 (reason: d>=sqrt(n))
[pilot] MEAS n=288 k=4 dx_ub=20 dz_ub=19 d_ub=19 steps=5000 id=C2xC2xC2_c00091
[saved] id=C2xC2xC2_c00091 -> results/c2xc2xc2_d16_20260120_151500/promising/C2xC2xC2_c00091 (reason: d>=sqrt(n))
[pilot] TARGET_REJECT d_ub=6 target=16 id=C2xC2xC2_c00097
[pilot] TARGET_REJECT d_ub=12 target=16 id=C2xC2xC2_c00099
[pilot] MEAS n=288 k=4 dx_ub=17 dz_ub=20 d_ub=17 steps=5000 id=C2xC2xC2_c00106
[saved] id=C2xC2xC2_c00106 -> results/c2xc2xc2_d16_20260120_151500/promising/C2xC2xC2_c00106 (reason: d>=sqrt(n))
[pilot] MEAS n=288 k=4 dx_ub=20 dz_ub=16 d_ub=16 steps=5000 id=C2xC2xC2_c00119
[pilot] TARGET_REJECT d_ub=6 target=16 id=C2xC2xC2_c00161
[pilot] MEAS n=288 k=8 dx_ub=16 dz_ub=17 d_ub=16 steps=5000 id=C2xC2xC2_c00243
[pilot] MEAS n=288 k=4 dx_ub=20 dz_ub=17 d_ub=17 steps=5000 id=C2xC2xC2_c00264
[saved] id=C2xC2xC2_c00264 -> results/c2xc2xc2_d16_20260120_151500/promising/C2xC2xC2_c00264 (reason: d>=sqrt(n))
[pilot] MEAS n=288 k=4 dx_ub=16 dz_ub=16 d_ub=16 steps=5000 id=C2xC2xC2_c00286
[pilot] MEAS n=288 k=4 dx_ub=16 dz_ub=16 d_ub=16 steps=5000 id=C2xC2xC2_c00298
[pilot] TARGET_REJECT d_ub=12 target=16 id=C2xC2xC2_c00350
[pilot] MEAS n=288 k=8 dx_ub=16 dz_ub=18 d_ub=16 steps=5000 id=C2xC2xC2_c00375
[pilot] MEAS n=288 k=8 dx_ub=16 dz_ub=18 d_ub=16 steps=5000 id=C2xC2xC2_c00388
[pilot] TARGET_REJECT d_ub=12 target=16 id=C2xC2xC2_c00402
[pilot] MEAS n=288 k=4 dx_ub=16 dz_ub=20 d_ub=16 steps=5000 id=C2xC2xC2_c00427
[pilot] TARGET_REJECT d_ub=12 target=16 id=C2xC2xC2_c00428
[pilot] MEAS n=288 k=4 dx_ub=20 dz_ub=21 d_ub=20 steps=5000 id=C2xC2xC2_c00429
[saved] id=C2xC2xC2_c00429 -> results/c2xc2xc2_d16_20260120_151500/promising/C2xC2xC2_c00429 (reason: d>=sqrt(n))
[pilot] TARGET_REJECT d_ub=6 target=16 id=C2xC2xC2_c00463
[pilot] MEAS n=288 k=4 dx_ub=17 dz_ub=16 d_ub=16 steps=5000 id=C2xC2xC2_c00482
[best_by_k] group=C2xC2xC2 n=288
k  | d_ub | steps | dx_ub | dz_ub | id
 4 |   20 |  5000 |    20 |    20 | C2xC2xC2_c00059
 8 |   16 |  5000 |    16 |    17 | C2xC2xC2_c00243
[coverage] group=C2xC2xC2 A_sel=128 B_sel=128 Q_meas=23 ratio_ge_sqrt=0.000 ratio_sel=0.001
[coverage] run summary:
[coverage] group=C2xC2xC2 A_sel=128 B_sel=128 Q_meas=23 ratio_ge_sqrt=0.000 ratio_sel=0.001
[summary] best-by-k (measured; includes rejects):
  k=4 best_d_ub=20 count_measured=15 example_id=C2xC2xC2_c00059
  k=8 best_d_ub=16 count_measured=8 example_id=C2xC2xC2_c00243
[summary] best-by-k (survivors; target=16):
  k=4 best_d_ub=20 count_survivors=13 example_id=C2xC2xC2_c00059
  k=8 best_d_ub=16 count_survivors=3 example_id=C2xC2xC2_c00243
[pilot] top results:
  01 group=C2xC2xC2 n=288 k=4 d_ub=20 permA=12 permB=20 saved=True
  02 group=C2xC2xC2 n=288 k=4 d_ub=20 permA=27 permB=20 saved=True
  03 group=C2xC2xC2 n=288 k=4 d_ub=19 permA=27 permB=20 saved=True
  04 group=C2xC2xC2 n=288 k=4 d_ub=17 permA=27 permB=8 saved=True
  05 group=C2xC2xC2 n=288 k=4 d_ub=17 permA=20 permB=8 saved=True
  06 group=C2xC2xC2 n=288 k=4 d_ub=17 permA=11 permB=8 saved=True
  07 group=C2xC2xC2 n=288 k=8 d_ub=16 permA=11 permB=8 saved=False
  08 group=C2xC2xC2 n=288 k=8 d_ub=16 permA=11 permB=20 saved=False
  09 group=C2xC2xC2 n=288 k=8 d_ub=16 permA=7 permB=8 saved=False
  10 group=C2xC2xC2 n=288 k=4 d_ub=16 permA=20 permB=27 saved=False

