=== mar. 20 janv. 2026 15:03:55 CET steps=5000 batch=24 seed=1768922127 ===
[pilot] base k_table top pairs:
  k_base=18 permA=0 permB=0
  k_base=12 permA=29 permB=0
  k_base=12 permA=22 permB=0
  k_base=12 permA=13 permB=0
  k_base=12 permA=6 permB=0
[pilot] A multisets raw=792 (expected=792) enum_mode=multiset cayley_unique=26 perms=30 -> total scored = 780
[pilot] B multisets raw=792 (expected=792) enum_mode=multiset cayley_unique=26 perms=30 -> total scored = 780
[pilot] A frontier kept 128 candidates with points: (4,20), (0,49)
[pilot] B frontier kept 128 candidates with points: (4,20), (0,49)
[pilot] C2xC2xC2 n=288 d0=17 A_sets=26*30 -> keep 128; B_sets=26*30 -> keep 128
[pilot] TARGET_REJECT d_ub=6 target=16 id=C2xC2xC2_c00057
[pilot] MEAS n=288 k=4 dx_ub=20 dz_ub=23 d_ub=20 steps=5000 id=C2xC2xC2_c00075
[saved] id=C2xC2xC2_c00075 -> results/c2xc2xc2_d16_20260120_150355/promising/C2xC2xC2_c00075 (reason: d>=sqrt(n))
[pilot] MEAS n=288 k=4 dx_ub=20 dz_ub=18 d_ub=18 steps=5000 id=C2xC2xC2_c00080
[saved] id=C2xC2xC2_c00080 -> results/c2xc2xc2_d16_20260120_150355/promising/C2xC2xC2_c00080 (reason: d>=sqrt(n))
[pilot] MEAS n=288 k=4 dx_ub=16 dz_ub=17 d_ub=16 steps=5000 id=C2xC2xC2_c00084
[pilot] TARGET_REJECT d_ub=12 target=16 id=C2xC2xC2_c00095
[pilot] TARGET_REJECT d_ub=14 target=16 id=C2xC2xC2_c00166
[pilot] MEAS n=288 k=4 dx_ub=18 dz_ub=16 d_ub=16 steps=5000 id=C2xC2xC2_c00185
[pilot] MEAS n=288 k=4 dx_ub=21 dz_ub=20 d_ub=20 steps=5000 id=C2xC2xC2_c00187
[saved] id=C2xC2xC2_c00187 -> results/c2xc2xc2_d16_20260120_150355/promising/C2xC2xC2_c00187 (reason: d>=sqrt(n))
[pilot] TARGET_REJECT d_ub=12 target=16 id=C2xC2xC2_c00204
[pilot] MEAS n=288 k=4 dx_ub=20 dz_ub=20 d_ub=20 steps=5000 id=C2xC2xC2_c00208
[saved] id=C2xC2xC2_c00208 -> results/c2xc2xc2_d16_20260120_150355/promising/C2xC2xC2_c00208 (reason: d>=sqrt(n))
[pilot] MEAS n=288 k=8 dx_ub=16 dz_ub=17 d_ub=16 steps=5000 id=C2xC2xC2_c00212
[pilot] MEAS n=288 k=4 dx_ub=20 dz_ub=20 d_ub=20 steps=5000 id=C2xC2xC2_c00218
[saved] id=C2xC2xC2_c00218 -> results/c2xc2xc2_d16_20260120_150355/promising/C2xC2xC2_c00218 (reason: d>=sqrt(n))
[pilot] MEAS n=288 k=4 dx_ub=16 dz_ub=16 d_ub=16 steps=5000 id=C2xC2xC2_c00258
[pilot] TARGET_REJECT d_ub=12 target=16 id=C2xC2xC2_c00303
[pilot] TARGET_REJECT d_ub=12 target=16 id=C2xC2xC2_c00322
[pilot] MEAS n=288 k=4 dx_ub=16 dz_ub=17 d_ub=16 steps=5000 id=C2xC2xC2_c00332
[pilot] TARGET_REJECT d_ub=12 target=16 id=C2xC2xC2_c00366
[pilot] MEAS n=288 k=4 dx_ub=20 dz_ub=17 d_ub=17 steps=5000 id=C2xC2xC2_c00391
[saved] id=C2xC2xC2_c00391 -> results/c2xc2xc2_d16_20260120_150355/promising/C2xC2xC2_c00391 (reason: d>=sqrt(n))
[pilot] MEAS n=288 k=4 dx_ub=16 dz_ub=16 d_ub=16 steps=5000 id=C2xC2xC2_c00394
[pilot] MEAS n=288 k=4 dx_ub=20 dz_ub=20 d_ub=20 steps=5000 id=C2xC2xC2_c00426
[saved] id=C2xC2xC2_c00426 -> results/c2xc2xc2_d16_20260120_150355/promising/C2xC2xC2_c00426 (reason: d>=sqrt(n))
[pilot] TARGET_REJECT d_ub=14 target=16 id=C2xC2xC2_c00437
[pilot] MEAS n=288 k=4 dx_ub=20 dz_ub=20 d_ub=20 steps=5000 id=C2xC2xC2_c00455
[saved] id=C2xC2xC2_c00455 -> results/c2xc2xc2_d16_20260120_150355/promising/C2xC2xC2_c00455 (reason: d>=sqrt(n))
[pilot] TARGET_REJECT d_ub=12 target=16 id=C2xC2xC2_c00471
[pilot] MEAS n=288 k=4 dx_ub=20 dz_ub=20 d_ub=20 steps=5000 id=C2xC2xC2_c00476
[saved] id=C2xC2xC2_c00476 -> results/c2xc2xc2_d16_20260120_150355/promising/C2xC2xC2_c00476 (reason: d>=sqrt(n))
[best_by_k] group=C2xC2xC2 n=288
k  | d_ub | steps | dx_ub | dz_ub | id
 4 |   20 |  5000 |    20 |    23 | C2xC2xC2_c00075
 8 |   16 |  5000 |    16 |    17 | C2xC2xC2_c00212
[coverage] group=C2xC2xC2 A_sel=128 B_sel=128 Q_meas=24 ratio_ge_sqrt=0.000 ratio_sel=0.001
[coverage] run summary:
[coverage] group=C2xC2xC2 A_sel=128 B_sel=128 Q_meas=24 ratio_ge_sqrt=0.000 ratio_sel=0.001
[summary] best-by-k (measured; includes rejects):
  k=4 best_d_ub=20 count_measured=17 example_id=C2xC2xC2_c00075
  k=8 best_d_ub=16 count_measured=7 example_id=C2xC2xC2_c00212
[summary] best-by-k (survivors; target=16):
  k=4 best_d_ub=20 count_survivors=14 example_id=C2xC2xC2_c00075
  k=8 best_d_ub=16 count_survivors=1 example_id=C2xC2xC2_c00212
[pilot] top results:
  01 group=C2xC2xC2 n=288 k=4 d_ub=20 permA=7 permB=12 saved=True
  02 group=C2xC2xC2 n=288 k=4 d_ub=20 permA=27 permB=7 saved=True
  03 group=C2xC2xC2 n=288 k=4 d_ub=20 permA=12 permB=27 saved=True
  04 group=C2xC2xC2 n=288 k=4 d_ub=20 permA=20 permB=11 saved=True
  05 group=C2xC2xC2 n=288 k=4 d_ub=20 permA=27 permB=27 saved=True
  06 group=C2xC2xC2 n=288 k=4 d_ub=20 permA=11 permB=11 saved=True
  07 group=C2xC2xC2 n=288 k=4 d_ub=20 permA=7 permB=20 saved=True
  08 group=C2xC2xC2 n=288 k=4 d_ub=18 permA=20 permB=27 saved=True
  09 group=C2xC2xC2 n=288 k=4 d_ub=17 permA=20 permB=27 saved=True
  10 group=C2xC2xC2 n=288 k=8 d_ub=16 permA=8 permB=27 saved=False

