=== mar. 20 janv. 2026 15:35:10 CET steps=5000 batch=77 seed=1768922180 ===
[pilot] base k_table top pairs:
  k_base=18 permA=0 permB=0
  k_base=12 permA=29 permB=0
  k_base=12 permA=22 permB=0
  k_base=12 permA=13 permB=0
  k_base=12 permA=6 permB=0
[pilot] A multisets raw=792 (expected=792) enum_mode=multiset cayley_unique=26 perms=30 -> total scored = 780
[pilot] B multisets raw=792 (expected=792) enum_mode=multiset cayley_unique=26 perms=30 -> total scored = 780
[pilot] A frontier kept 128 candidates with points: (4,20), (0,49)
[pilot] B frontier kept 128 candidates with points: (4,20), (0,49)
[pilot] C2xC2xC2 n=288 d0=17 A_sets=26*30 -> keep 128; B_sets=26*30 -> keep 128
[pilot] TARGET_REJECT d_ub=12 target=16 id=C2xC2xC2_c00021
[pilot] TARGET_REJECT d_ub=6 target=16 id=C2xC2xC2_c00027
[pilot] TARGET_REJECT d_ub=12 target=16 id=C2xC2xC2_c00036
[pilot] TARGET_REJECT d_ub=12 target=16 id=C2xC2xC2_c00062
[pilot] MEAS n=288 k=4 dx_ub=20 dz_ub=20 d_ub=20 steps=5000 id=C2xC2xC2_c00084
[saved] id=C2xC2xC2_c00084 -> results/c2xc2xc2_d16_20260120_153510/promising/C2xC2xC2_c00084 (reason: d>=sqrt(n))
[pilot] MEAS n=288 k=4 dx_ub=20 dz_ub=20 d_ub=20 steps=5000 id=C2xC2xC2_c00092
[saved] id=C2xC2xC2_c00092 -> results/c2xc2xc2_d16_20260120_153510/promising/C2xC2xC2_c00092 (reason: d>=sqrt(n))
[pilot] MEAS n=288 k=4 dx_ub=19 dz_ub=20 d_ub=19 steps=5000 id=C2xC2xC2_c00093
[saved] id=C2xC2xC2_c00093 -> results/c2xc2xc2_d16_20260120_153510/promising/C2xC2xC2_c00093 (reason: d>=sqrt(n))
[pilot] MEAS n=288 k=4 dx_ub=17 dz_ub=16 d_ub=16 steps=5000 id=C2xC2xC2_c00122
[pilot] TARGET_REJECT d_ub=12 target=16 id=C2xC2xC2_c00163
[pilot] TARGET_REJECT d_ub=15 target=16 id=C2xC2xC2_c00182
[pilot] MEAS n=288 k=4 dx_ub=16 dz_ub=16 d_ub=16 steps=5000 id=C2xC2xC2_c00186
[pilot] MEAS n=288 k=4 dx_ub=18 dz_ub=16 d_ub=16 steps=5000 id=C2xC2xC2_c00235
[pilot] MEAS n=288 k=4 dx_ub=20 dz_ub=19 d_ub=19 steps=5000 id=C2xC2xC2_c00240
[saved] id=C2xC2xC2_c00240 -> results/c2xc2xc2_d16_20260120_153510/promising/C2xC2xC2_c00240 (reason: d>=sqrt(n))
[pilot] MEAS n=288 k=4 dx_ub=20 dz_ub=20 d_ub=20 steps=5000 id=C2xC2xC2_c00261
[saved] id=C2xC2xC2_c00261 -> results/c2xc2xc2_d16_20260120_153510/promising/C2xC2xC2_c00261 (reason: d>=sqrt(n))
[pilot] MEAS n=288 k=4 dx_ub=21 dz_ub=20 d_ub=20 steps=5000 id=C2xC2xC2_c00270
[saved] id=C2xC2xC2_c00270 -> results/c2xc2xc2_d16_20260120_153510/promising/C2xC2xC2_c00270 (reason: d>=sqrt(n))
[pilot] MEAS n=288 k=4 dx_ub=20 dz_ub=16 d_ub=16 steps=5000 id=C2xC2xC2_c00276
[pilot] MEAS n=288 k=4 dx_ub=16 dz_ub=16 d_ub=16 steps=5000 id=C2xC2xC2_c00291
[pilot] MEAS n=288 k=4 dx_ub=16 dz_ub=17 d_ub=16 steps=5000 id=C2xC2xC2_c00315
[pilot] MEAS n=288 k=8 dx_ub=16 dz_ub=17 d_ub=16 steps=5000 id=C2xC2xC2_c00320
[pilot] MEAS n=288 k=4 dx_ub=19 dz_ub=20 d_ub=19 steps=5000 id=C2xC2xC2_c00324
[saved] id=C2xC2xC2_c00324 -> results/c2xc2xc2_d16_20260120_153510/promising/C2xC2xC2_c00324 (reason: d>=sqrt(n))
[pilot] MEAS n=288 k=4 dx_ub=19 dz_ub=20 d_ub=19 steps=5000 id=C2xC2xC2_c00351
[saved] id=C2xC2xC2_c00351 -> results/c2xc2xc2_d16_20260120_153510/promising/C2xC2xC2_c00351 (reason: d>=sqrt(n))
[pilot] MEAS n=288 k=4 dx_ub=20 dz_ub=17 d_ub=17 steps=5000 id=C2xC2xC2_c00368
[saved] id=C2xC2xC2_c00368 -> results/c2xc2xc2_d16_20260120_153510/promising/C2xC2xC2_c00368 (reason: d>=sqrt(n))
[pilot] MEAS n=288 k=4 dx_ub=16 dz_ub=17 d_ub=16 steps=5000 id=C2xC2xC2_c00427
[best_by_k] group=C2xC2xC2 n=288
k  | d_ub | steps | dx_ub | dz_ub | id
 4 |   20 |  5000 |    20 |    20 | C2xC2xC2_c00084
 8 |   16 |  5000 |    16 |    17 | C2xC2xC2_c00320
[coverage] group=C2xC2xC2 A_sel=128 B_sel=128 Q_meas=23 ratio_ge_sqrt=0.000 ratio_sel=0.001
[coverage] run summary:
[coverage] group=C2xC2xC2 A_sel=128 B_sel=128 Q_meas=23 ratio_ge_sqrt=0.000 ratio_sel=0.001
[summary] best-by-k (measured; includes rejects):
  k=4 best_d_ub=20 count_measured=20 example_id=C2xC2xC2_c00084
  k=8 best_d_ub=16 count_measured=3 example_id=C2xC2xC2_c00320
[summary] best-by-k (survivors; target=16):
  k=4 best_d_ub=20 count_survivors=16 example_id=C2xC2xC2_c00084
  k=8 best_d_ub=16 count_survivors=1 example_id=C2xC2xC2_c00320
[pilot] top results:
  01 group=C2xC2xC2 n=288 k=4 d_ub=20 permA=7 permB=20 saved=True
  02 group=C2xC2xC2 n=288 k=4 d_ub=20 permA=8 permB=20 saved=True
  03 group=C2xC2xC2 n=288 k=4 d_ub=20 permA=8 permB=11 saved=True
  04 group=C2xC2xC2 n=288 k=4 d_ub=20 permA=27 permB=20 saved=True
  05 group=C2xC2xC2 n=288 k=4 d_ub=19 permA=11 permB=8 saved=True
  06 group=C2xC2xC2 n=288 k=4 d_ub=19 permA=8 permB=11 saved=True
  07 group=C2xC2xC2 n=288 k=4 d_ub=19 permA=11 permB=8 saved=True
  08 group=C2xC2xC2 n=288 k=4 d_ub=19 permA=11 permB=27 saved=True
  09 group=C2xC2xC2 n=288 k=4 d_ub=17 permA=20 permB=11 saved=True
  10 group=C2xC2xC2 n=288 k=8 d_ub=16 permA=20 permB=11 saved=False

