=== mer. 21 janv. 2026 07:54:07 CET steps=20000 batch=38 seed=1768937141 ===
[pilot] base k_table top pairs:
  k_base=18 permA=0 permB=0
  k_base=12 permA=29 permB=0
  k_base=12 permA=22 permB=0
  k_base=12 permA=13 permB=0
  k_base=12 permA=6 permB=0
[pilot] A multisets raw=792 (expected=792) enum_mode=multiset cayley_unique=26 perms=30 -> total scored = 780
[pilot] B multisets raw=792 (expected=792) enum_mode=multiset cayley_unique=26 perms=30 -> total scored = 780
[pilot] A frontier kept 128 candidates with points: (4,20), (0,49)
[pilot] B frontier kept 128 candidates with points: (4,20), (0,49)
[pilot] C2xC2xC2 n=288 d0=17 A_sets=26*30 -> keep 128; B_sets=26*30 -> keep 128
[pilot] MEAS n=288 k=8 dx_ub=16 dz_ub=17 d_ub=16 steps=20000 id=C2xC2xC2_c00014
[pilot] TARGET_REJECT d_ub=14 target=16 id=C2xC2xC2_c00020
[pilot] MEAS n=288 k=8 dx_ub=18 dz_ub=18 d_ub=18 steps=20000 id=C2xC2xC2_c00026
[saved] id=C2xC2xC2_c00026 -> results/c2xc2xc2_d16_20260121_075407/promising/C2xC2xC2_c00026 (reason: d>=sqrt(n))
[pilot] MEAS n=288 k=4 dx_ub=19 dz_ub=19 d_ub=19 steps=20000 id=C2xC2xC2_c00029
[saved] id=C2xC2xC2_c00029 -> results/c2xc2xc2_d16_20260121_075407/promising/C2xC2xC2_c00029 (reason: d>=sqrt(n))
[pilot] MEAS n=288 k=4 dx_ub=16 dz_ub=16 d_ub=16 steps=20000 id=C2xC2xC2_c00066
[pilot] TARGET_REJECT d_ub=6 target=16 id=C2xC2xC2_c00090
[pilot] MEAS n=288 k=4 dx_ub=20 dz_ub=19 d_ub=19 steps=20000 id=C2xC2xC2_c00096
[saved] id=C2xC2xC2_c00096 -> results/c2xc2xc2_d16_20260121_075407/promising/C2xC2xC2_c00096 (reason: d>=sqrt(n))
[pilot] MEAS n=288 k=4 dx_ub=17 dz_ub=20 d_ub=17 steps=20000 id=C2xC2xC2_c00116
[saved] id=C2xC2xC2_c00116 -> results/c2xc2xc2_d16_20260121_075407/promising/C2xC2xC2_c00116 (reason: d>=sqrt(n))
[pilot] TARGET_REJECT d_ub=12 target=16 id=C2xC2xC2_c00183
[pilot] MEAS n=288 k=4 dx_ub=18 dz_ub=16 d_ub=16 steps=20000 id=C2xC2xC2_c00188
[pilot] TARGET_REJECT d_ub=12 target=16 id=C2xC2xC2_c00196
[pilot] MEAS n=288 k=4 dx_ub=17 dz_ub=20 d_ub=17 steps=20000 id=C2xC2xC2_c00206
[saved] id=C2xC2xC2_c00206 -> results/c2xc2xc2_d16_20260121_075407/promising/C2xC2xC2_c00206 (reason: d>=sqrt(n))
[pilot] MEAS n=288 k=4 dx_ub=16 dz_ub=16 d_ub=16 steps=20000 id=C2xC2xC2_c00226
[pilot] MEAS n=288 k=8 dx_ub=16 dz_ub=17 d_ub=16 steps=20000 id=C2xC2xC2_c00254
[pilot] TARGET_REJECT d_ub=14 target=16 id=C2xC2xC2_c00258
[pilot] MEAS n=288 k=4 dx_ub=20 dz_ub=20 d_ub=20 steps=20000 id=C2xC2xC2_c00295
[saved] id=C2xC2xC2_c00295 -> results/c2xc2xc2_d16_20260121_075407/promising/C2xC2xC2_c00295 (reason: d>=sqrt(n))
[pilot] MEAS n=288 k=4 dx_ub=18 dz_ub=16 d_ub=16 steps=20000 id=C2xC2xC2_c00335
[pilot] TARGET_REJECT d_ub=14 target=16 id=C2xC2xC2_c00366
[pilot] MEAS n=288 k=4 dx_ub=20 dz_ub=20 d_ub=20 steps=20000 id=C2xC2xC2_c00446
[saved] id=C2xC2xC2_c00446 -> results/c2xc2xc2_d16_20260121_075407/promising/C2xC2xC2_c00446 (reason: d>=sqrt(n))
[best_by_k] group=C2xC2xC2 n=288
k  | d_ub | steps | dx_ub | dz_ub | id
 4 |   20 | 20000 |    20 |    20 | C2xC2xC2_c00295
 8 |   18 | 20000 |    18 |    18 | C2xC2xC2_c00026
[coverage] group=C2xC2xC2 A_sel=128 B_sel=128 Q_meas=19 ratio_ge_sqrt=0.000 ratio_sel=0.001
[coverage] run summary:
[coverage] group=C2xC2xC2 A_sel=128 B_sel=128 Q_meas=19 ratio_ge_sqrt=0.000 ratio_sel=0.001
[summary] best-by-k (measured; includes rejects):
  k=4 best_d_ub=20 count_measured=11 example_id=C2xC2xC2_c00295
  k=8 best_d_ub=18 count_measured=8 example_id=C2xC2xC2_c00026
[summary] best-by-k (survivors; target=16):
  k=4 best_d_ub=20 count_survivors=10 example_id=C2xC2xC2_c00295
  k=8 best_d_ub=18 count_survivors=3 example_id=C2xC2xC2_c00026
[pilot] top results:
  01 group=C2xC2xC2 n=288 k=4 d_ub=20 permA=27 permB=12 saved=True
  02 group=C2xC2xC2 n=288 k=4 d_ub=20 permA=8 permB=12 saved=True
  03 group=C2xC2xC2 n=288 k=4 d_ub=19 permA=8 permB=8 saved=True
  04 group=C2xC2xC2 n=288 k=4 d_ub=19 permA=12 permB=27 saved=True
  05 group=C2xC2xC2 n=288 k=8 d_ub=18 permA=7 permB=20 saved=True
  06 group=C2xC2xC2 n=288 k=4 d_ub=17 permA=27 permB=20 saved=True
  07 group=C2xC2xC2 n=288 k=4 d_ub=17 permA=11 permB=12 saved=True
  08 group=C2xC2xC2 n=288 k=8 d_ub=16 permA=20 permB=7 saved=False
  09 group=C2xC2xC2 n=288 k=8 d_ub=16 permA=11 permB=20 saved=False
  10 group=C2xC2xC2 n=288 k=4 d_ub=16 permA=20 permB=20 saved=False

