=== mar. 20 janv. 2026 18:33:46 CET steps=5000 batch=105 seed=1768922208 ===
[pilot] base k_table top pairs:
  k_base=18 permA=0 permB=0
  k_base=12 permA=29 permB=0
  k_base=12 permA=22 permB=0
  k_base=12 permA=13 permB=0
  k_base=12 permA=6 permB=0
[pilot] A multisets raw=792 (expected=792) enum_mode=multiset cayley_unique=26 perms=30 -> total scored = 780
[pilot] B multisets raw=792 (expected=792) enum_mode=multiset cayley_unique=26 perms=30 -> total scored = 780
[pilot] A frontier kept 128 candidates with points: (4,20), (0,49)
[pilot] B frontier kept 128 candidates with points: (4,20), (0,49)
[pilot] C2xC2xC2 n=288 d0=17 A_sets=26*30 -> keep 128; B_sets=26*30 -> keep 128
[pilot] MEAS n=288 k=4 dx_ub=17 dz_ub=18 d_ub=17 steps=5000 id=C2xC2xC2_c00056
[saved] id=C2xC2xC2_c00056 -> results/c2xc2xc2_d16_20260120_183346/promising/C2xC2xC2_c00056 (reason: d>=sqrt(n))
[pilot] MEAS n=288 k=4 dx_ub=16 dz_ub=20 d_ub=16 steps=5000 id=C2xC2xC2_c00079
[pilot] TARGET_REJECT d_ub=15 target=16 id=C2xC2xC2_c00184
[pilot] MEAS n=288 k=4 dx_ub=16 dz_ub=21 d_ub=16 steps=5000 id=C2xC2xC2_c00197
[pilot] TARGET_REJECT d_ub=12 target=16 id=C2xC2xC2_c00200
[pilot] MEAS n=288 k=4 dx_ub=20 dz_ub=18 d_ub=18 steps=5000 id=C2xC2xC2_c00214
[saved] id=C2xC2xC2_c00214 -> results/c2xc2xc2_d16_20260120_183346/promising/C2xC2xC2_c00214 (reason: d>=sqrt(n))
[pilot] MEAS n=288 k=4 dx_ub=17 dz_ub=20 d_ub=17 steps=5000 id=C2xC2xC2_c00247
[saved] id=C2xC2xC2_c00247 -> results/c2xc2xc2_d16_20260120_183346/promising/C2xC2xC2_c00247 (reason: d>=sqrt(n))
[pilot] MEAS n=288 k=8 dx_ub=16 dz_ub=18 d_ub=16 steps=5000 id=C2xC2xC2_c00271
[pilot] TARGET_REJECT d_ub=14 target=16 id=C2xC2xC2_c00348
[pilot] TARGET_REJECT d_ub=14 target=16 id=C2xC2xC2_c00352
[pilot] MEAS n=288 k=4 dx_ub=23 dz_ub=20 d_ub=20 steps=5000 id=C2xC2xC2_c00374
[saved] id=C2xC2xC2_c00374 -> results/c2xc2xc2_d16_20260120_183346/promising/C2xC2xC2_c00374 (reason: d>=sqrt(n))
[pilot] MEAS n=288 k=4 dx_ub=16 dz_ub=16 d_ub=16 steps=5000 id=C2xC2xC2_c00385
[pilot] MEAS n=288 k=8 dx_ub=16 dz_ub=20 d_ub=16 steps=5000 id=C2xC2xC2_c00392
[pilot] TARGET_REJECT d_ub=12 target=16 id=C2xC2xC2_c00399
[pilot] MEAS n=288 k=4 dx_ub=18 dz_ub=20 d_ub=18 steps=5000 id=C2xC2xC2_c00400
[saved] id=C2xC2xC2_c00400 -> results/c2xc2xc2_d16_20260120_183346/promising/C2xC2xC2_c00400 (reason: d>=sqrt(n))
[pilot] MEAS n=288 k=4 dx_ub=17 dz_ub=20 d_ub=17 steps=5000 id=C2xC2xC2_c00425
[saved] id=C2xC2xC2_c00425 -> results/c2xc2xc2_d16_20260120_183346/promising/C2xC2xC2_c00425 (reason: d>=sqrt(n))
[pilot] MEAS n=288 k=4 dx_ub=20 dz_ub=20 d_ub=20 steps=5000 id=C2xC2xC2_c00432
[saved] id=C2xC2xC2_c00432 -> results/c2xc2xc2_d16_20260120_183346/promising/C2xC2xC2_c00432 (reason: d>=sqrt(n))
[pilot] MEAS n=288 k=4 dx_ub=19 dz_ub=16 d_ub=16 steps=5000 id=C2xC2xC2_c00434
[pilot] MEAS n=288 k=4 dx_ub=22 dz_ub=23 d_ub=22 steps=5000 id=C2xC2xC2_c00457
[saved] id=C2xC2xC2_c00457 -> results/c2xc2xc2_d16_20260120_183346/promising/C2xC2xC2_c00457 (reason: d>=sqrt(n))
[pilot] MEAS n=288 k=4 dx_ub=17 dz_ub=21 d_ub=17 steps=5000 id=C2xC2xC2_c00469
[saved] id=C2xC2xC2_c00469 -> results/c2xc2xc2_d16_20260120_183346/promising/C2xC2xC2_c00469 (reason: d>=sqrt(n))
[pilot] MEAS n=288 k=4 dx_ub=17 dz_ub=16 d_ub=16 steps=5000 id=C2xC2xC2_c00474
[pilot] MEAS n=288 k=4 dx_ub=16 dz_ub=16 d_ub=16 steps=5000 id=C2xC2xC2_c00475
[pilot] MEAS n=288 k=4 dx_ub=17 dz_ub=16 d_ub=16 steps=5000 id=C2xC2xC2_c00479
[best_by_k] group=C2xC2xC2 n=288
k  | d_ub | steps | dx_ub | dz_ub | id
 4 |   22 |  5000 |    22 |    23 | C2xC2xC2_c00457
 8 |   16 |  5000 |    16 |    18 | C2xC2xC2_c00271
[coverage] group=C2xC2xC2 A_sel=128 B_sel=128 Q_meas=23 ratio_ge_sqrt=0.000 ratio_sel=0.001
[coverage] run summary:
[coverage] group=C2xC2xC2 A_sel=128 B_sel=128 Q_meas=23 ratio_ge_sqrt=0.000 ratio_sel=0.001
[summary] best-by-k (measured; includes rejects):
  k=4 best_d_ub=22 count_measured=17 example_id=C2xC2xC2_c00457
  k=8 best_d_ub=16 count_measured=6 example_id=C2xC2xC2_c00271
[summary] best-by-k (survivors; target=16):
  k=4 best_d_ub=22 count_survivors=16 example_id=C2xC2xC2_c00457
  k=8 best_d_ub=16 count_survivors=2 example_id=C2xC2xC2_c00271
[pilot] top results:
  01 group=C2xC2xC2 n=288 k=4 d_ub=22 permA=27 permB=7 saved=True
  02 group=C2xC2xC2 n=288 k=4 d_ub=20 permA=11 permB=7 saved=True
  03 group=C2xC2xC2 n=288 k=4 d_ub=20 permA=8 permB=27 saved=True
  04 group=C2xC2xC2 n=288 k=4 d_ub=18 permA=7 permB=27 saved=True
  05 group=C2xC2xC2 n=288 k=4 d_ub=18 permA=20 permB=27 saved=True
  06 group=C2xC2xC2 n=288 k=4 d_ub=17 permA=7 permB=11 saved=True
  07 group=C2xC2xC2 n=288 k=4 d_ub=17 permA=27 permB=20 saved=True
  08 group=C2xC2xC2 n=288 k=4 d_ub=17 permA=20 permB=8 saved=True
  09 group=C2xC2xC2 n=288 k=4 d_ub=17 permA=20 permB=27 saved=True
  10 group=C2xC2xC2 n=288 k=8 d_ub=16 permA=27 permB=12 saved=False

