=== mar. 20 janv. 2026 15:20:04 CET steps=5000 batch=54 seed=1768922157 ===
[pilot] base k_table top pairs:
  k_base=18 permA=0 permB=0
  k_base=12 permA=29 permB=0
  k_base=12 permA=22 permB=0
  k_base=12 permA=13 permB=0
  k_base=12 permA=6 permB=0
[pilot] A multisets raw=792 (expected=792) enum_mode=multiset cayley_unique=26 perms=30 -> total scored = 780
[pilot] B multisets raw=792 (expected=792) enum_mode=multiset cayley_unique=26 perms=30 -> total scored = 780
[pilot] A frontier kept 128 candidates with points: (4,20), (0,49)
[pilot] B frontier kept 128 candidates with points: (4,20), (0,49)
[pilot] C2xC2xC2 n=288 d0=17 A_sets=26*30 -> keep 128; B_sets=26*30 -> keep 128
[pilot] MEAS n=288 k=4 dx_ub=22 dz_ub=20 d_ub=20 steps=5000 id=C2xC2xC2_c00023
[saved] id=C2xC2xC2_c00023 -> results/c2xc2xc2_d16_20260120_152004/promising/C2xC2xC2_c00023 (reason: d>=sqrt(n))
[pilot] TARGET_REJECT d_ub=12 target=16 id=C2xC2xC2_c00057
[pilot] MEAS n=288 k=4 dx_ub=18 dz_ub=16 d_ub=16 steps=5000 id=C2xC2xC2_c00150
[pilot] TARGET_REJECT d_ub=6 target=16 id=C2xC2xC2_c00172
[pilot] MEAS n=288 k=4 dx_ub=22 dz_ub=19 d_ub=19 steps=5000 id=C2xC2xC2_c00175
[saved] id=C2xC2xC2_c00175 -> results/c2xc2xc2_d16_20260120_152004/promising/C2xC2xC2_c00175 (reason: d>=sqrt(n))
[pilot] MEAS n=288 k=4 dx_ub=20 dz_ub=20 d_ub=20 steps=5000 id=C2xC2xC2_c00208
[saved] id=C2xC2xC2_c00208 -> results/c2xc2xc2_d16_20260120_152004/promising/C2xC2xC2_c00208 (reason: d>=sqrt(n))
[pilot] TARGET_REJECT d_ub=13 target=16 id=C2xC2xC2_c00229
[pilot] MEAS n=288 k=4 dx_ub=17 dz_ub=16 d_ub=16 steps=5000 id=C2xC2xC2_c00267
[pilot] TARGET_REJECT d_ub=12 target=16 id=C2xC2xC2_c00299
[pilot] MEAS n=288 k=4 dx_ub=16 dz_ub=16 d_ub=16 steps=5000 id=C2xC2xC2_c00308
[pilot] MEAS n=288 k=4 dx_ub=20 dz_ub=23 d_ub=20 steps=5000 id=C2xC2xC2_c00366
[saved] id=C2xC2xC2_c00366 -> results/c2xc2xc2_d16_20260120_152004/promising/C2xC2xC2_c00366 (reason: d>=sqrt(n))
[pilot] TARGET_REJECT d_ub=12 target=16 id=C2xC2xC2_c00373
[pilot] MEAS n=288 k=8 dx_ub=16 dz_ub=18 d_ub=16 steps=5000 id=C2xC2xC2_c00389
[pilot] TARGET_REJECT d_ub=12 target=16 id=C2xC2xC2_c00422
[pilot] MEAS n=288 k=4 dx_ub=20 dz_ub=16 d_ub=16 steps=5000 id=C2xC2xC2_c00426
[pilot] MEAS n=288 k=4 dx_ub=21 dz_ub=20 d_ub=20 steps=5000 id=C2xC2xC2_c00440
[saved] id=C2xC2xC2_c00440 -> results/c2xc2xc2_d16_20260120_152004/promising/C2xC2xC2_c00440 (reason: d>=sqrt(n))
[pilot] MEAS n=288 k=4 dx_ub=21 dz_ub=16 d_ub=16 steps=5000 id=C2xC2xC2_c00460
[pilot] MEAS n=288 k=4 dx_ub=19 dz_ub=20 d_ub=19 steps=5000 id=C2xC2xC2_c00498
[saved] id=C2xC2xC2_c00498 -> results/c2xc2xc2_d16_20260120_152004/promising/C2xC2xC2_c00498 (reason: d>=sqrt(n))
[best_by_k] group=C2xC2xC2 n=288
k  | d_ub | steps | dx_ub | dz_ub | id
 4 |   20 |  5000 |    22 |    20 | C2xC2xC2_c00023
 8 |   16 |  5000 |    16 |    18 | C2xC2xC2_c00389
[coverage] group=C2xC2xC2 A_sel=128 B_sel=128 Q_meas=18 ratio_ge_sqrt=0.000 ratio_sel=0.001
[coverage] run summary:
[coverage] group=C2xC2xC2 A_sel=128 B_sel=128 Q_meas=18 ratio_ge_sqrt=0.000 ratio_sel=0.001
[summary] best-by-k (measured; includes rejects):
  k=4 best_d_ub=20 count_measured=12 example_id=C2xC2xC2_c00023
  k=8 best_d_ub=16 count_measured=6 example_id=C2xC2xC2_c00389
[summary] best-by-k (survivors; target=16):
  k=4 best_d_ub=20 count_survivors=11 example_id=C2xC2xC2_c00023
  k=8 best_d_ub=16 count_survivors=1 example_id=C2xC2xC2_c00389
[pilot] top results:
  01 group=C2xC2xC2 n=288 k=4 d_ub=20 permA=7 permB=12 saved=True
  02 group=C2xC2xC2 n=288 k=4 d_ub=20 permA=27 permB=27 saved=True
  03 group=C2xC2xC2 n=288 k=4 d_ub=20 permA=27 permB=11 saved=True
  04 group=C2xC2xC2 n=288 k=4 d_ub=20 permA=8 permB=27 saved=True
  05 group=C2xC2xC2 n=288 k=4 d_ub=19 permA=11 permB=12 saved=True
  06 group=C2xC2xC2 n=288 k=4 d_ub=19 permA=27 permB=27 saved=True
  07 group=C2xC2xC2 n=288 k=8 d_ub=16 permA=27 permB=12 saved=False
  08 group=C2xC2xC2 n=288 k=4 d_ub=16 permA=8 permB=20 saved=False
  09 group=C2xC2xC2 n=288 k=4 d_ub=16 permA=20 permB=11 saved=False
  10 group=C2xC2xC2 n=288 k=4 d_ub=16 permA=11 permB=8 saved=False

