=== mar. 20 janv. 2026 15:14:30 CET steps=5000 batch=44 seed=1768922147 ===
[pilot] base k_table top pairs:
  k_base=18 permA=0 permB=0
  k_base=12 permA=29 permB=0
  k_base=12 permA=22 permB=0
  k_base=12 permA=13 permB=0
  k_base=12 permA=6 permB=0
[pilot] A multisets raw=792 (expected=792) enum_mode=multiset cayley_unique=26 perms=30 -> total scored = 780
[pilot] B multisets raw=792 (expected=792) enum_mode=multiset cayley_unique=26 perms=30 -> total scored = 780
[pilot] A frontier kept 128 candidates with points: (4,20), (0,49)
[pilot] B frontier kept 128 candidates with points: (4,20), (0,49)
[pilot] C2xC2xC2 n=288 d0=17 A_sets=26*30 -> keep 128; B_sets=26*30 -> keep 128
[pilot] MEAS n=288 k=4 dx_ub=16 dz_ub=17 d_ub=16 steps=5000 id=C2xC2xC2_c00006
[pilot] TARGET_REJECT d_ub=14 target=16 id=C2xC2xC2_c00051
[pilot] MEAS n=288 k=8 dx_ub=17 dz_ub=16 d_ub=16 steps=5000 id=C2xC2xC2_c00117
[pilot] TARGET_REJECT d_ub=14 target=16 id=C2xC2xC2_c00125
[pilot] MEAS n=288 k=4 dx_ub=20 dz_ub=16 d_ub=16 steps=5000 id=C2xC2xC2_c00126
[pilot] MEAS n=288 k=8 dx_ub=16 dz_ub=18 d_ub=16 steps=5000 id=C2xC2xC2_c00195
[pilot] MEAS n=288 k=4 dx_ub=23 dz_ub=20 d_ub=20 steps=5000 id=C2xC2xC2_c00234
[saved] id=C2xC2xC2_c00234 -> results/c2xc2xc2_d16_20260120_151430/promising/C2xC2xC2_c00234 (reason: d>=sqrt(n))
[pilot] TARGET_REJECT d_ub=6 target=16 id=C2xC2xC2_c00239
[pilot] MEAS n=288 k=4 dx_ub=21 dz_ub=19 d_ub=19 steps=5000 id=C2xC2xC2_c00250
[saved] id=C2xC2xC2_c00250 -> results/c2xc2xc2_d16_20260120_151430/promising/C2xC2xC2_c00250 (reason: d>=sqrt(n))
[pilot] TARGET_REJECT d_ub=14 target=16 id=C2xC2xC2_c00266
[pilot] MEAS n=288 k=4 dx_ub=16 dz_ub=16 d_ub=16 steps=5000 id=C2xC2xC2_c00319
[pilot] TARGET_REJECT d_ub=12 target=16 id=C2xC2xC2_c00343
[pilot] MEAS n=288 k=4 dx_ub=20 dz_ub=17 d_ub=17 steps=5000 id=C2xC2xC2_c00345
[saved] id=C2xC2xC2_c00345 -> results/c2xc2xc2_d16_20260120_151430/promising/C2xC2xC2_c00345 (reason: d>=sqrt(n))
[pilot] MEAS n=288 k=4 dx_ub=20 dz_ub=19 d_ub=19 steps=5000 id=C2xC2xC2_c00348
[saved] id=C2xC2xC2_c00348 -> results/c2xc2xc2_d16_20260120_151430/promising/C2xC2xC2_c00348 (reason: d>=sqrt(n))
[pilot] MEAS n=288 k=4 dx_ub=17 dz_ub=16 d_ub=16 steps=5000 id=C2xC2xC2_c00374
[pilot] MEAS n=288 k=4 dx_ub=20 dz_ub=20 d_ub=20 steps=5000 id=C2xC2xC2_c00377
[saved] id=C2xC2xC2_c00377 -> results/c2xc2xc2_d16_20260120_151430/promising/C2xC2xC2_c00377 (reason: d>=sqrt(n))
[pilot] MEAS n=288 k=8 dx_ub=16 dz_ub=18 d_ub=16 steps=5000 id=C2xC2xC2_c00384
[pilot] TARGET_REJECT d_ub=13 target=16 id=C2xC2xC2_c00393
[pilot] TARGET_REJECT d_ub=13 target=16 id=C2xC2xC2_c00395
[pilot] MEAS n=288 k=4 dx_ub=16 dz_ub=17 d_ub=16 steps=5000 id=C2xC2xC2_c00396
[pilot] MEAS n=288 k=4 dx_ub=20 dz_ub=18 d_ub=18 steps=5000 id=C2xC2xC2_c00399
[saved] id=C2xC2xC2_c00399 -> results/c2xc2xc2_d16_20260120_151430/promising/C2xC2xC2_c00399 (reason: d>=sqrt(n))
[pilot] MEAS n=288 k=4 dx_ub=20 dz_ub=23 d_ub=20 steps=5000 id=C2xC2xC2_c00429
[saved] id=C2xC2xC2_c00429 -> results/c2xc2xc2_d16_20260120_151430/promising/C2xC2xC2_c00429 (reason: d>=sqrt(n))
[pilot] TARGET_REJECT d_ub=12 target=16 id=C2xC2xC2_c00459
[pilot] MEAS n=288 k=4 dx_ub=16 dz_ub=20 d_ub=16 steps=5000 id=C2xC2xC2_c00463
[pilot] MEAS n=288 k=4 dx_ub=20 dz_ub=22 d_ub=20 steps=5000 id=C2xC2xC2_c00481
[saved] id=C2xC2xC2_c00481 -> results/c2xc2xc2_d16_20260120_151430/promising/C2xC2xC2_c00481 (reason: d>=sqrt(n))
[best_by_k] group=C2xC2xC2 n=288
k  | d_ub | steps | dx_ub | dz_ub | id
 4 |   20 |  5000 |    23 |    20 | C2xC2xC2_c00234
 8 |   16 |  5000 |    17 |    16 | C2xC2xC2_c00117
[coverage] group=C2xC2xC2 A_sel=128 B_sel=128 Q_meas=25 ratio_ge_sqrt=0.000 ratio_sel=0.002
[coverage] run summary:
[coverage] group=C2xC2xC2 A_sel=128 B_sel=128 Q_meas=25 ratio_ge_sqrt=0.000 ratio_sel=0.002
[summary] best-by-k (measured; includes rejects):
  k=4 best_d_ub=20 count_measured=15 example_id=C2xC2xC2_c00234
  k=8 best_d_ub=16 count_measured=10 example_id=C2xC2xC2_c00117
[summary] best-by-k (survivors; target=16):
  k=4 best_d_ub=20 count_survivors=14 example_id=C2xC2xC2_c00234
  k=8 best_d_ub=16 count_survivors=3 example_id=C2xC2xC2_c00117
[pilot] top results:
  01 group=C2xC2xC2 n=288 k=4 d_ub=20 permA=27 permB=11 saved=True
  02 group=C2xC2xC2 n=288 k=4 d_ub=20 permA=11 permB=8 saved=True
  03 group=C2xC2xC2 n=288 k=4 d_ub=20 permA=20 permB=27 saved=True
  04 group=C2xC2xC2 n=288 k=4 d_ub=20 permA=27 permB=20 saved=True
  05 group=C2xC2xC2 n=288 k=4 d_ub=19 permA=11 permB=8 saved=True
  06 group=C2xC2xC2 n=288 k=4 d_ub=19 permA=8 permB=27 saved=True
  07 group=C2xC2xC2 n=288 k=4 d_ub=18 permA=8 permB=11 saved=True
  08 group=C2xC2xC2 n=288 k=4 d_ub=17 permA=27 permB=20 saved=True
  09 group=C2xC2xC2 n=288 k=8 d_ub=16 permA=7 permB=27 saved=False
  10 group=C2xC2xC2 n=288 k=8 d_ub=16 permA=7 permB=8 saved=False

