=== mer. 21 janv. 2026 00:39:37 CET steps=20000 batch=17 seed=1768937120 ===
[pilot] base k_table top pairs:
  k_base=18 permA=0 permB=0
  k_base=12 permA=29 permB=0
  k_base=12 permA=22 permB=0
  k_base=12 permA=13 permB=0
  k_base=12 permA=6 permB=0
[pilot] A multisets raw=792 (expected=792) enum_mode=multiset cayley_unique=26 perms=30 -> total scored = 780
[pilot] B multisets raw=792 (expected=792) enum_mode=multiset cayley_unique=26 perms=30 -> total scored = 780
[pilot] A frontier kept 128 candidates with points: (4,20), (0,49)
[pilot] B frontier kept 128 candidates with points: (4,20), (0,49)
[pilot] C2xC2xC2 n=288 d0=17 A_sets=26*30 -> keep 128; B_sets=26*30 -> keep 128
[pilot] MEAS n=288 k=4 dx_ub=19 dz_ub=20 d_ub=19 steps=20000 id=C2xC2xC2_c00035
[saved] id=C2xC2xC2_c00035 -> results/c2xc2xc2_d16_20260121_003937/promising/C2xC2xC2_c00035 (reason: d>=sqrt(n))
[pilot] MEAS n=288 k=4 dx_ub=16 dz_ub=20 d_ub=16 steps=20000 id=C2xC2xC2_c00063
[pilot] TARGET_REJECT d_ub=12 target=16 id=C2xC2xC2_c00080
[pilot] MEAS n=288 k=4 dx_ub=20 dz_ub=20 d_ub=20 steps=20000 id=C2xC2xC2_c00084
[saved] id=C2xC2xC2_c00084 -> results/c2xc2xc2_d16_20260121_003937/promising/C2xC2xC2_c00084 (reason: d>=sqrt(n))
[pilot] MEAS n=288 k=4 dx_ub=20 dz_ub=20 d_ub=20 steps=20000 id=C2xC2xC2_c00103
[saved] id=C2xC2xC2_c00103 -> results/c2xc2xc2_d16_20260121_003937/promising/C2xC2xC2_c00103 (reason: d>=sqrt(n))
[pilot] MEAS n=288 k=4 dx_ub=20 dz_ub=20 d_ub=20 steps=20000 id=C2xC2xC2_c00112
[saved] id=C2xC2xC2_c00112 -> results/c2xc2xc2_d16_20260121_003937/promising/C2xC2xC2_c00112 (reason: d>=sqrt(n))
[pilot] TARGET_REJECT d_ub=12 target=16 id=C2xC2xC2_c00146
[pilot] MEAS n=288 k=4 dx_ub=19 dz_ub=20 d_ub=19 steps=20000 id=C2xC2xC2_c00168
[saved] id=C2xC2xC2_c00168 -> results/c2xc2xc2_d16_20260121_003937/promising/C2xC2xC2_c00168 (reason: d>=sqrt(n))
[pilot] TARGET_REJECT d_ub=14 target=16 id=C2xC2xC2_c00185
[pilot] MEAS n=288 k=4 dx_ub=20 dz_ub=20 d_ub=20 steps=20000 id=C2xC2xC2_c00187
[saved] id=C2xC2xC2_c00187 -> results/c2xc2xc2_d16_20260121_003937/promising/C2xC2xC2_c00187 (reason: d>=sqrt(n))
[pilot] MEAS n=288 k=4 dx_ub=16 dz_ub=17 d_ub=16 steps=20000 id=C2xC2xC2_c00302
[pilot] MEAS n=288 k=4 dx_ub=20 dz_ub=20 d_ub=20 steps=20000 id=C2xC2xC2_c00344
[saved] id=C2xC2xC2_c00344 -> results/c2xc2xc2_d16_20260121_003937/promising/C2xC2xC2_c00344 (reason: d>=sqrt(n))
[pilot] MEAS n=288 k=4 dx_ub=20 dz_ub=17 d_ub=17 steps=20000 id=C2xC2xC2_c00360
[saved] id=C2xC2xC2_c00360 -> results/c2xc2xc2_d16_20260121_003937/promising/C2xC2xC2_c00360 (reason: d>=sqrt(n))
[pilot] TARGET_REJECT d_ub=6 target=16 id=C2xC2xC2_c00474
[pilot] MEAS n=288 k=4 dx_ub=16 dz_ub=18 d_ub=16 steps=20000 id=C2xC2xC2_c00495
[best_by_k] group=C2xC2xC2 n=288
k  | d_ub | steps | dx_ub | dz_ub | id
 4 |   20 | 20000 |    20 |    20 | C2xC2xC2_c00084
[coverage] group=C2xC2xC2 A_sel=128 B_sel=128 Q_meas=15 ratio_ge_sqrt=0.000 ratio_sel=0.001
[coverage] run summary:
[coverage] group=C2xC2xC2 A_sel=128 B_sel=128 Q_meas=15 ratio_ge_sqrt=0.000 ratio_sel=0.001
[summary] best-by-k (measured; includes rejects):
  k=4 best_d_ub=20 count_measured=13 example_id=C2xC2xC2_c00084
  k=8 best_d_ub=14 count_measured=2 example_id=C2xC2xC2_c00185
[summary] best-by-k (survivors; target=16):
  k=4 best_d_ub=20 count_survivors=11 example_id=C2xC2xC2_c00084
[pilot] top results:
  01 group=C2xC2xC2 n=288 k=4 d_ub=20 permA=7 permB=20 saved=True
  02 group=C2xC2xC2 n=288 k=4 d_ub=20 permA=20 permB=20 saved=True
  03 group=C2xC2xC2 n=288 k=4 d_ub=20 permA=27 permB=8 saved=True
  04 group=C2xC2xC2 n=288 k=4 d_ub=20 permA=20 permB=27 saved=True
  05 group=C2xC2xC2 n=288 k=4 d_ub=20 permA=8 permB=11 saved=True
  06 group=C2xC2xC2 n=288 k=4 d_ub=19 permA=27 permB=11 saved=True
  07 group=C2xC2xC2 n=288 k=4 d_ub=19 permA=7 permB=8 saved=True
  08 group=C2xC2xC2 n=288 k=4 d_ub=17 permA=12 permB=8 saved=True
  09 group=C2xC2xC2 n=288 k=4 d_ub=16 permA=8 permB=11 saved=False
  10 group=C2xC2xC2 n=288 k=4 d_ub=16 permA=8 permB=11 saved=False

