=== mar. 20 janv. 2026 15:16:37 CET steps=5000 batch=48 seed=1768922151 ===
[pilot] base k_table top pairs:
  k_base=18 permA=0 permB=0
  k_base=12 permA=29 permB=0
  k_base=12 permA=22 permB=0
  k_base=12 permA=13 permB=0
  k_base=12 permA=6 permB=0
[pilot] A multisets raw=792 (expected=792) enum_mode=multiset cayley_unique=26 perms=30 -> total scored = 780
[pilot] B multisets raw=792 (expected=792) enum_mode=multiset cayley_unique=26 perms=30 -> total scored = 780
[pilot] A frontier kept 128 candidates with points: (4,20), (0,49)
[pilot] B frontier kept 128 candidates with points: (4,20), (0,49)
[pilot] C2xC2xC2 n=288 d0=17 A_sets=26*30 -> keep 128; B_sets=26*30 -> keep 128
[pilot] TARGET_REJECT d_ub=12 target=16 id=C2xC2xC2_c00012
[pilot] MEAS n=288 k=4 dx_ub=20 dz_ub=20 d_ub=20 steps=5000 id=C2xC2xC2_c00026
[saved] id=C2xC2xC2_c00026 -> results/c2xc2xc2_d16_20260120_151637/promising/C2xC2xC2_c00026 (reason: d>=sqrt(n))
[pilot] MEAS n=288 k=4 dx_ub=20 dz_ub=20 d_ub=20 steps=5000 id=C2xC2xC2_c00079
[saved] id=C2xC2xC2_c00079 -> results/c2xc2xc2_d16_20260120_151637/promising/C2xC2xC2_c00079 (reason: d>=sqrt(n))
[pilot] MEAS n=288 k=4 dx_ub=20 dz_ub=19 d_ub=19 steps=5000 id=C2xC2xC2_c00109
[saved] id=C2xC2xC2_c00109 -> results/c2xc2xc2_d16_20260120_151637/promising/C2xC2xC2_c00109 (reason: d>=sqrt(n))
[pilot] MEAS n=288 k=4 dx_ub=16 dz_ub=17 d_ub=16 steps=5000 id=C2xC2xC2_c00116
[pilot] MEAS n=288 k=8 dx_ub=18 dz_ub=17 d_ub=17 steps=5000 id=C2xC2xC2_c00120
[saved] id=C2xC2xC2_c00120 -> results/c2xc2xc2_d16_20260120_151637/promising/C2xC2xC2_c00120 (reason: d>=sqrt(n))
[pilot] MEAS n=288 k=4 dx_ub=19 dz_ub=20 d_ub=19 steps=5000 id=C2xC2xC2_c00141
[saved] id=C2xC2xC2_c00141 -> results/c2xc2xc2_d16_20260120_151637/promising/C2xC2xC2_c00141 (reason: d>=sqrt(n))
[pilot] MEAS n=288 k=4 dx_ub=20 dz_ub=20 d_ub=20 steps=5000 id=C2xC2xC2_c00143
[saved] id=C2xC2xC2_c00143 -> results/c2xc2xc2_d16_20260120_151637/promising/C2xC2xC2_c00143 (reason: d>=sqrt(n))
[pilot] TARGET_REJECT d_ub=6 target=16 id=C2xC2xC2_c00150
[pilot] MEAS n=288 k=4 dx_ub=18 dz_ub=16 d_ub=16 steps=5000 id=C2xC2xC2_c00172
[pilot] MEAS n=288 k=4 dx_ub=18 dz_ub=20 d_ub=18 steps=5000 id=C2xC2xC2_c00186
[saved] id=C2xC2xC2_c00186 -> results/c2xc2xc2_d16_20260120_151637/promising/C2xC2xC2_c00186 (reason: d>=sqrt(n))
[pilot] MEAS n=288 k=8 dx_ub=16 dz_ub=18 d_ub=16 steps=5000 id=C2xC2xC2_c00188
[pilot] MEAS n=288 k=8 dx_ub=16 dz_ub=18 d_ub=16 steps=5000 id=C2xC2xC2_c00207
[pilot] MEAS n=288 k=4 dx_ub=16 dz_ub=20 d_ub=16 steps=5000 id=C2xC2xC2_c00244
[pilot] TARGET_REJECT d_ub=12 target=16 id=C2xC2xC2_c00250
[pilot] MEAS n=288 k=4 dx_ub=16 dz_ub=18 d_ub=16 steps=5000 id=C2xC2xC2_c00260
[pilot] MEAS n=288 k=4 dx_ub=20 dz_ub=20 d_ub=20 steps=5000 id=C2xC2xC2_c00265
[saved] id=C2xC2xC2_c00265 -> results/c2xc2xc2_d16_20260120_151637/promising/C2xC2xC2_c00265 (reason: d>=sqrt(n))
[pilot] MEAS n=288 k=4 dx_ub=21 dz_ub=20 d_ub=20 steps=5000 id=C2xC2xC2_c00274
[saved] id=C2xC2xC2_c00274 -> results/c2xc2xc2_d16_20260120_151637/promising/C2xC2xC2_c00274 (reason: d>=sqrt(n))
[pilot] MEAS n=288 k=4 dx_ub=20 dz_ub=21 d_ub=20 steps=5000 id=C2xC2xC2_c00277
[saved] id=C2xC2xC2_c00277 -> results/c2xc2xc2_d16_20260120_151637/promising/C2xC2xC2_c00277 (reason: d>=sqrt(n))
[pilot] MEAS n=288 k=4 dx_ub=17 dz_ub=16 d_ub=16 steps=5000 id=C2xC2xC2_c00293
[pilot] TARGET_REJECT d_ub=13 target=16 id=C2xC2xC2_c00316
[pilot] TARGET_REJECT d_ub=15 target=16 id=C2xC2xC2_c00321
[pilot] TARGET_REJECT d_ub=12 target=16 id=C2xC2xC2_c00337
[pilot] MEAS n=288 k=4 dx_ub=19 dz_ub=19 d_ub=19 steps=5000 id=C2xC2xC2_c00376
[saved] id=C2xC2xC2_c00376 -> results/c2xc2xc2_d16_20260120_151637/promising/C2xC2xC2_c00376 (reason: d>=sqrt(n))
[pilot] MEAS n=288 k=4 dx_ub=16 dz_ub=17 d_ub=16 steps=5000 id=C2xC2xC2_c00417
[pilot] MEAS n=288 k=8 dx_ub=17 dz_ub=16 d_ub=16 steps=5000 id=C2xC2xC2_c00443
[pilot] MEAS n=288 k=8 dx_ub=17 dz_ub=18 d_ub=17 steps=5000 id=C2xC2xC2_c00446
[saved] id=C2xC2xC2_c00446 -> results/c2xc2xc2_d16_20260120_151637/promising/C2xC2xC2_c00446 (reason: d>=sqrt(n))
[pilot] MEAS n=288 k=8 dx_ub=16 dz_ub=17 d_ub=16 steps=5000 id=C2xC2xC2_c00447
[pilot] MEAS n=288 k=4 dx_ub=20 dz_ub=17 d_ub=17 steps=5000 id=C2xC2xC2_c00454
[saved] id=C2xC2xC2_c00454 -> results/c2xc2xc2_d16_20260120_151637/promising/C2xC2xC2_c00454 (reason: d>=sqrt(n))
[pilot] TARGET_REJECT d_ub=14 target=16 id=C2xC2xC2_c00455
[pilot] MEAS n=288 k=4 dx_ub=20 dz_ub=17 d_ub=17 steps=5000 id=C2xC2xC2_c00467
[saved] id=C2xC2xC2_c00467 -> results/c2xc2xc2_d16_20260120_151637/promising/C2xC2xC2_c00467 (reason: d>=sqrt(n))
[pilot] MEAS n=288 k=4 dx_ub=23 dz_ub=18 d_ub=18 steps=5000 id=C2xC2xC2_c00474
[saved] id=C2xC2xC2_c00474 -> results/c2xc2xc2_d16_20260120_151637/promising/C2xC2xC2_c00474 (reason: d>=sqrt(n))
[best_by_k] group=C2xC2xC2 n=288
k  | d_ub | steps | dx_ub | dz_ub | id
 4 |   20 |  5000 |    20 |    20 | C2xC2xC2_c00026
 8 |   17 |  5000 |    18 |    17 | C2xC2xC2_c00120
[coverage] group=C2xC2xC2 A_sel=128 B_sel=128 Q_meas=32 ratio_ge_sqrt=0.001 ratio_sel=0.002
[coverage] run summary:
[coverage] group=C2xC2xC2 A_sel=128 B_sel=128 Q_meas=32 ratio_ge_sqrt=0.001 ratio_sel=0.002
[summary] best-by-k (measured; includes rejects):
  k=4 best_d_ub=20 count_measured=21 example_id=C2xC2xC2_c00026
  k=8 best_d_ub=17 count_measured=11 example_id=C2xC2xC2_c00120
[summary] best-by-k (survivors; target=16):
  k=4 best_d_ub=20 count_survivors=19 example_id=C2xC2xC2_c00026
  k=8 best_d_ub=17 count_survivors=6 example_id=C2xC2xC2_c00120
[pilot] top results:
  01 group=C2xC2xC2 n=288 k=4 d_ub=20 permA=20 permB=27 saved=True
  02 group=C2xC2xC2 n=288 k=4 d_ub=20 permA=8 permB=11 saved=True
  03 group=C2xC2xC2 n=288 k=4 d_ub=20 permA=8 permB=12 saved=True
  04 group=C2xC2xC2 n=288 k=4 d_ub=20 permA=27 permB=12 saved=True
  05 group=C2xC2xC2 n=288 k=4 d_ub=20 permA=11 permB=8 saved=True
  06 group=C2xC2xC2 n=288 k=4 d_ub=20 permA=27 permB=11 saved=True
  07 group=C2xC2xC2 n=288 k=4 d_ub=19 permA=11 permB=11 saved=True
  08 group=C2xC2xC2 n=288 k=4 d_ub=19 permA=11 permB=20 saved=True
  09 group=C2xC2xC2 n=288 k=4 d_ub=19 permA=11 permB=27 saved=True
  10 group=C2xC2xC2 n=288 k=4 d_ub=18 permA=12 permB=8 saved=True

