=== mar. 20 janv. 2026 19:54:00 CET steps=20000 batch=4 seed=1768937107 ===
[pilot] base k_table top pairs:
  k_base=18 permA=0 permB=0
  k_base=12 permA=29 permB=0
  k_base=12 permA=22 permB=0
  k_base=12 permA=13 permB=0
  k_base=12 permA=6 permB=0
[pilot] A multisets raw=792 (expected=792) enum_mode=multiset cayley_unique=26 perms=30 -> total scored = 780
[pilot] B multisets raw=792 (expected=792) enum_mode=multiset cayley_unique=26 perms=30 -> total scored = 780
[pilot] A frontier kept 128 candidates with points: (4,20), (0,49)
[pilot] B frontier kept 128 candidates with points: (4,20), (0,49)
[pilot] C2xC2xC2 n=288 d0=17 A_sets=26*30 -> keep 128; B_sets=26*30 -> keep 128
[pilot] MEAS n=288 k=4 dx_ub=16 dz_ub=16 d_ub=16 steps=20000 id=C2xC2xC2_c00019
[pilot] TARGET_REJECT d_ub=12 target=16 id=C2xC2xC2_c00023
[pilot] TARGET_REJECT d_ub=12 target=16 id=C2xC2xC2_c00063
[pilot] MEAS n=288 k=4 dx_ub=16 dz_ub=20 d_ub=16 steps=20000 id=C2xC2xC2_c00065
[pilot] TARGET_REJECT d_ub=14 target=16 id=C2xC2xC2_c00069
[pilot] MEAS n=288 k=4 dx_ub=18 dz_ub=18 d_ub=18 steps=20000 id=C2xC2xC2_c00083
[saved] id=C2xC2xC2_c00083 -> results/c2xc2xc2_d16_20260120_195400/promising/C2xC2xC2_c00083 (reason: d>=sqrt(n))
[pilot] TARGET_REJECT d_ub=12 target=16 id=C2xC2xC2_c00114
[pilot] MEAS n=288 k=4 dx_ub=20 dz_ub=16 d_ub=16 steps=20000 id=C2xC2xC2_c00125
[pilot] MEAS n=288 k=4 dx_ub=19 dz_ub=19 d_ub=19 steps=20000 id=C2xC2xC2_c00139
[saved] id=C2xC2xC2_c00139 -> results/c2xc2xc2_d16_20260120_195400/promising/C2xC2xC2_c00139 (reason: d>=sqrt(n))
[pilot] MEAS n=288 k=4 dx_ub=17 dz_ub=20 d_ub=17 steps=20000 id=C2xC2xC2_c00151
[saved] id=C2xC2xC2_c00151 -> results/c2xc2xc2_d16_20260120_195400/promising/C2xC2xC2_c00151 (reason: d>=sqrt(n))
[pilot] TARGET_REJECT d_ub=6 target=16 id=C2xC2xC2_c00203
[pilot] TARGET_REJECT d_ub=12 target=16 id=C2xC2xC2_c00235
[pilot] MEAS n=288 k=4 dx_ub=16 dz_ub=16 d_ub=16 steps=20000 id=C2xC2xC2_c00255
[pilot] TARGET_REJECT d_ub=12 target=16 id=C2xC2xC2_c00263
[pilot] MEAS n=288 k=4 dx_ub=17 dz_ub=20 d_ub=17 steps=20000 id=C2xC2xC2_c00289
[saved] id=C2xC2xC2_c00289 -> results/c2xc2xc2_d16_20260120_195400/promising/C2xC2xC2_c00289 (reason: d>=sqrt(n))
[pilot] MEAS n=288 k=4 dx_ub=19 dz_ub=20 d_ub=19 steps=20000 id=C2xC2xC2_c00312
[saved] id=C2xC2xC2_c00312 -> results/c2xc2xc2_d16_20260120_195400/promising/C2xC2xC2_c00312 (reason: d>=sqrt(n))
[pilot] TARGET_REJECT d_ub=12 target=16 id=C2xC2xC2_c00317
[pilot] MEAS n=288 k=4 dx_ub=20 dz_ub=20 d_ub=20 steps=20000 id=C2xC2xC2_c00332
[saved] id=C2xC2xC2_c00332 -> results/c2xc2xc2_d16_20260120_195400/promising/C2xC2xC2_c00332 (reason: d>=sqrt(n))
[pilot] TARGET_REJECT d_ub=12 target=16 id=C2xC2xC2_c00352
[pilot] MEAS n=288 k=4 dx_ub=20 dz_ub=20 d_ub=20 steps=20000 id=C2xC2xC2_c00392
[saved] id=C2xC2xC2_c00392 -> results/c2xc2xc2_d16_20260120_195400/promising/C2xC2xC2_c00392 (reason: d>=sqrt(n))
[pilot] MEAS n=288 k=8 dx_ub=17 dz_ub=16 d_ub=16 steps=20000 id=C2xC2xC2_c00406
[pilot] TARGET_REJECT d_ub=14 target=16 id=C2xC2xC2_c00407
[pilot] MEAS n=288 k=4 dx_ub=19 dz_ub=19 d_ub=19 steps=20000 id=C2xC2xC2_c00421
[saved] id=C2xC2xC2_c00421 -> results/c2xc2xc2_d16_20260120_195400/promising/C2xC2xC2_c00421 (reason: d>=sqrt(n))
[pilot] MEAS n=288 k=4 dx_ub=20 dz_ub=20 d_ub=20 steps=20000 id=C2xC2xC2_c00429
[saved] id=C2xC2xC2_c00429 -> results/c2xc2xc2_d16_20260120_195400/promising/C2xC2xC2_c00429 (reason: d>=sqrt(n))
[pilot] TARGET_REJECT d_ub=12 target=16 id=C2xC2xC2_c00459
[best_by_k] group=C2xC2xC2 n=288
k  | d_ub | steps | dx_ub | dz_ub | id
 4 |   20 | 20000 |    20 |    20 | C2xC2xC2_c00332
 8 |   16 | 20000 |    17 |    16 | C2xC2xC2_c00406
[coverage] group=C2xC2xC2 A_sel=128 B_sel=128 Q_meas=25 ratio_ge_sqrt=0.000 ratio_sel=0.002
[coverage] run summary:
[coverage] group=C2xC2xC2 A_sel=128 B_sel=128 Q_meas=25 ratio_ge_sqrt=0.000 ratio_sel=0.002
[summary] best-by-k (measured; includes rejects):
  k=4 best_d_ub=20 count_measured=14 example_id=C2xC2xC2_c00332
  k=8 best_d_ub=16 count_measured=11 example_id=C2xC2xC2_c00406
[summary] best-by-k (survivors; target=16):
  k=4 best_d_ub=20 count_survivors=13 example_id=C2xC2xC2_c00332
  k=8 best_d_ub=16 count_survivors=1 example_id=C2xC2xC2_c00406
[pilot] top results:
  01 group=C2xC2xC2 n=288 k=4 d_ub=20 permA=8 permB=11 saved=True
  02 group=C2xC2xC2 n=288 k=4 d_ub=20 permA=11 permB=8 saved=True
  03 group=C2xC2xC2 n=288 k=4 d_ub=20 permA=27 permB=20 saved=True
  04 group=C2xC2xC2 n=288 k=4 d_ub=19 permA=27 permB=11 saved=True
  05 group=C2xC2xC2 n=288 k=4 d_ub=19 permA=11 permB=20 saved=True
  06 group=C2xC2xC2 n=288 k=4 d_ub=19 permA=8 permB=8 saved=True
  07 group=C2xC2xC2 n=288 k=4 d_ub=18 permA=7 permB=27 saved=True
  08 group=C2xC2xC2 n=288 k=4 d_ub=17 permA=20 permB=8 saved=True
  09 group=C2xC2xC2 n=288 k=4 d_ub=17 permA=7 permB=27 saved=True
  10 group=C2xC2xC2 n=288 k=8 d_ub=16 permA=8 permB=20 saved=False

