=== mar. 20 janv. 2026 17:23:06 CET steps=5000 batch=95 seed=1768922198 ===
[pilot] base k_table top pairs:
  k_base=18 permA=0 permB=0
  k_base=12 permA=29 permB=0
  k_base=12 permA=22 permB=0
  k_base=12 permA=13 permB=0
  k_base=12 permA=6 permB=0
[pilot] A multisets raw=792 (expected=792) enum_mode=multiset cayley_unique=26 perms=30 -> total scored = 780
[pilot] B multisets raw=792 (expected=792) enum_mode=multiset cayley_unique=26 perms=30 -> total scored = 780
[pilot] A frontier kept 128 candidates with points: (4,20), (0,49)
[pilot] B frontier kept 128 candidates with points: (4,20), (0,49)
[pilot] C2xC2xC2 n=288 d0=17 A_sets=26*30 -> keep 128; B_sets=26*30 -> keep 128
[pilot] MEAS n=288 k=8 dx_ub=16 dz_ub=17 d_ub=16 steps=5000 id=C2xC2xC2_c00036
[pilot] MEAS n=288 k=4 dx_ub=20 dz_ub=16 d_ub=16 steps=5000 id=C2xC2xC2_c00113
[pilot] MEAS n=288 k=4 dx_ub=23 dz_ub=22 d_ub=22 steps=5000 id=C2xC2xC2_c00136
[saved] id=C2xC2xC2_c00136 -> results/c2xc2xc2_d16_20260120_172306/promising/C2xC2xC2_c00136 (reason: d>=sqrt(n))
[pilot] MEAS n=288 k=4 dx_ub=20 dz_ub=20 d_ub=20 steps=5000 id=C2xC2xC2_c00201
[saved] id=C2xC2xC2_c00201 -> results/c2xc2xc2_d16_20260120_172306/promising/C2xC2xC2_c00201 (reason: d>=sqrt(n))
[pilot] MEAS n=288 k=4 dx_ub=20 dz_ub=20 d_ub=20 steps=5000 id=C2xC2xC2_c00215
[saved] id=C2xC2xC2_c00215 -> results/c2xc2xc2_d16_20260120_172306/promising/C2xC2xC2_c00215 (reason: d>=sqrt(n))
[pilot] MEAS n=288 k=4 dx_ub=18 dz_ub=20 d_ub=18 steps=5000 id=C2xC2xC2_c00220
[saved] id=C2xC2xC2_c00220 -> results/c2xc2xc2_d16_20260120_172306/promising/C2xC2xC2_c00220 (reason: d>=sqrt(n))
[pilot] TARGET_REJECT d_ub=14 target=16 id=C2xC2xC2_c00268
[pilot] MEAS n=288 k=4 dx_ub=18 dz_ub=16 d_ub=16 steps=5000 id=C2xC2xC2_c00273
[pilot] MEAS n=288 k=4 dx_ub=20 dz_ub=20 d_ub=20 steps=5000 id=C2xC2xC2_c00332
[saved] id=C2xC2xC2_c00332 -> results/c2xc2xc2_d16_20260120_172306/promising/C2xC2xC2_c00332 (reason: d>=sqrt(n))
[pilot] MEAS n=288 k=4 dx_ub=17 dz_ub=20 d_ub=17 steps=5000 id=C2xC2xC2_c00351
[saved] id=C2xC2xC2_c00351 -> results/c2xc2xc2_d16_20260120_172306/promising/C2xC2xC2_c00351 (reason: d>=sqrt(n))
[pilot] TARGET_REJECT d_ub=6 target=16 id=C2xC2xC2_c00362
[pilot] MEAS n=288 k=4 dx_ub=20 dz_ub=17 d_ub=17 steps=5000 id=C2xC2xC2_c00373
[saved] id=C2xC2xC2_c00373 -> results/c2xc2xc2_d16_20260120_172306/promising/C2xC2xC2_c00373 (reason: d>=sqrt(n))
[pilot] TARGET_REJECT d_ub=6 target=16 id=C2xC2xC2_c00390
[pilot] MEAS n=288 k=4 dx_ub=16 dz_ub=17 d_ub=16 steps=5000 id=C2xC2xC2_c00451
[best_by_k] group=C2xC2xC2 n=288
k  | d_ub | steps | dx_ub | dz_ub | id
 4 |   22 |  5000 |    23 |    22 | C2xC2xC2_c00136
 8 |   16 |  5000 |    16 |    17 | C2xC2xC2_c00036
[coverage] group=C2xC2xC2 A_sel=128 B_sel=128 Q_meas=14 ratio_ge_sqrt=0.000 ratio_sel=0.001
[coverage] run summary:
[coverage] group=C2xC2xC2 A_sel=128 B_sel=128 Q_meas=14 ratio_ge_sqrt=0.000 ratio_sel=0.001
[summary] best-by-k (measured; includes rejects):
  k=4 best_d_ub=22 count_measured=10 example_id=C2xC2xC2_c00136
  k=8 best_d_ub=16 count_measured=4 example_id=C2xC2xC2_c00036
[summary] best-by-k (survivors; target=16):
  k=4 best_d_ub=22 count_survivors=10 example_id=C2xC2xC2_c00136
  k=8 best_d_ub=16 count_survivors=1 example_id=C2xC2xC2_c00036
[pilot] top results:
  01 group=C2xC2xC2 n=288 k=4 d_ub=22 permA=11 permB=20 saved=True
  02 group=C2xC2xC2 n=288 k=4 d_ub=20 permA=11 permB=20 saved=True
  03 group=C2xC2xC2 n=288 k=4 d_ub=20 permA=8 permB=27 saved=True
  04 group=C2xC2xC2 n=288 k=4 d_ub=20 permA=11 permB=11 saved=True
  05 group=C2xC2xC2 n=288 k=4 d_ub=18 permA=20 permB=11 saved=True
  06 group=C2xC2xC2 n=288 k=4 d_ub=17 permA=20 permB=8 saved=True
  07 group=C2xC2xC2 n=288 k=4 d_ub=17 permA=20 permB=20 saved=True
  08 group=C2xC2xC2 n=288 k=8 d_ub=16 permA=8 permB=11 saved=False
  09 group=C2xC2xC2 n=288 k=4 d_ub=16 permA=11 permB=20 saved=False
  10 group=C2xC2xC2 n=288 k=4 d_ub=16 permA=11 permB=7 saved=False

