=== mar. 20 janv. 2026 23:00:05 CET steps=20000 batch=13 seed=1768937116 ===
[pilot] base k_table top pairs:
  k_base=18 permA=0 permB=0
  k_base=12 permA=29 permB=0
  k_base=12 permA=22 permB=0
  k_base=12 permA=13 permB=0
  k_base=12 permA=6 permB=0
[pilot] A multisets raw=792 (expected=792) enum_mode=multiset cayley_unique=26 perms=30 -> total scored = 780
[pilot] B multisets raw=792 (expected=792) enum_mode=multiset cayley_unique=26 perms=30 -> total scored = 780
[pilot] A frontier kept 128 candidates with points: (4,20), (0,49)
[pilot] B frontier kept 128 candidates with points: (4,20), (0,49)
[pilot] C2xC2xC2 n=288 d0=17 A_sets=26*30 -> keep 128; B_sets=26*30 -> keep 128
[pilot] MEAS n=288 k=4 dx_ub=20 dz_ub=20 d_ub=20 steps=20000 id=C2xC2xC2_c00000
[saved] id=C2xC2xC2_c00000 -> results/c2xc2xc2_d16_20260120_230005/promising/C2xC2xC2_c00000 (reason: d>=sqrt(n))
[pilot] TARGET_REJECT d_ub=12 target=16 id=C2xC2xC2_c00002
[pilot] TARGET_REJECT d_ub=14 target=16 id=C2xC2xC2_c00009
[pilot] MEAS n=288 k=8 dx_ub=17 dz_ub=16 d_ub=16 steps=20000 id=C2xC2xC2_c00028
[pilot] MEAS n=288 k=4 dx_ub=19 dz_ub=20 d_ub=19 steps=20000 id=C2xC2xC2_c00088
[saved] id=C2xC2xC2_c00088 -> results/c2xc2xc2_d16_20260120_230005/promising/C2xC2xC2_c00088 (reason: d>=sqrt(n))
[pilot] MEAS n=288 k=4 dx_ub=16 dz_ub=16 d_ub=16 steps=20000 id=C2xC2xC2_c00124
[pilot] MEAS n=288 k=4 dx_ub=16 dz_ub=16 d_ub=16 steps=20000 id=C2xC2xC2_c00130
[pilot] MEAS n=288 k=8 dx_ub=17 dz_ub=16 d_ub=16 steps=20000 id=C2xC2xC2_c00137
[pilot] MEAS n=288 k=4 dx_ub=16 dz_ub=16 d_ub=16 steps=20000 id=C2xC2xC2_c00180
[pilot] TARGET_REJECT d_ub=14 target=16 id=C2xC2xC2_c00205
[pilot] MEAS n=288 k=4 dx_ub=20 dz_ub=20 d_ub=20 steps=20000 id=C2xC2xC2_c00226
[saved] id=C2xC2xC2_c00226 -> results/c2xc2xc2_d16_20260120_230005/promising/C2xC2xC2_c00226 (reason: d>=sqrt(n))
[pilot] MEAS n=288 k=4 dx_ub=19 dz_ub=20 d_ub=19 steps=20000 id=C2xC2xC2_c00246
[saved] id=C2xC2xC2_c00246 -> results/c2xc2xc2_d16_20260120_230005/promising/C2xC2xC2_c00246 (reason: d>=sqrt(n))
[pilot] MEAS n=288 k=4 dx_ub=16 dz_ub=20 d_ub=16 steps=20000 id=C2xC2xC2_c00259
[pilot] TARGET_REJECT d_ub=12 target=16 id=C2xC2xC2_c00266
[pilot] MEAS n=288 k=4 dx_ub=20 dz_ub=20 d_ub=20 steps=20000 id=C2xC2xC2_c00277
[saved] id=C2xC2xC2_c00277 -> results/c2xc2xc2_d16_20260120_230005/promising/C2xC2xC2_c00277 (reason: d>=sqrt(n))
[pilot] TARGET_REJECT d_ub=12 target=16 id=C2xC2xC2_c00308
[pilot] TARGET_REJECT d_ub=12 target=16 id=C2xC2xC2_c00337
[pilot] MEAS n=288 k=8 dx_ub=20 dz_ub=17 d_ub=17 steps=20000 id=C2xC2xC2_c00341
[saved] id=C2xC2xC2_c00341 -> results/c2xc2xc2_d16_20260120_230005/promising/C2xC2xC2_c00341 (reason: d>=sqrt(n))
[pilot] MEAS n=288 k=4 dx_ub=19 dz_ub=20 d_ub=19 steps=20000 id=C2xC2xC2_c00347
[saved] id=C2xC2xC2_c00347 -> results/c2xc2xc2_d16_20260120_230005/promising/C2xC2xC2_c00347 (reason: d>=sqrt(n))
[pilot] TARGET_REJECT d_ub=12 target=16 id=C2xC2xC2_c00405
[pilot] MEAS n=288 k=4 dx_ub=20 dz_ub=16 d_ub=16 steps=20000 id=C2xC2xC2_c00408
[pilot] MEAS n=288 k=4 dx_ub=20 dz_ub=18 d_ub=18 steps=20000 id=C2xC2xC2_c00422
[saved] id=C2xC2xC2_c00422 -> results/c2xc2xc2_d16_20260120_230005/promising/C2xC2xC2_c00422 (reason: d>=sqrt(n))
[pilot] MEAS n=288 k=8 dx_ub=16 dz_ub=16 d_ub=16 steps=20000 id=C2xC2xC2_c00423
[pilot] MEAS n=288 k=4 dx_ub=20 dz_ub=16 d_ub=16 steps=20000 id=C2xC2xC2_c00426
[best_by_k] group=C2xC2xC2 n=288
k  | d_ub | steps | dx_ub | dz_ub | id
 4 |   20 | 20000 |    20 |    20 | C2xC2xC2_c00000
 8 |   17 | 20000 |    20 |    17 | C2xC2xC2_c00341
[coverage] group=C2xC2xC2 A_sel=128 B_sel=128 Q_meas=24 ratio_ge_sqrt=0.000 ratio_sel=0.001
[coverage] run summary:
[coverage] group=C2xC2xC2 A_sel=128 B_sel=128 Q_meas=24 ratio_ge_sqrt=0.000 ratio_sel=0.001
[summary] best-by-k (measured; includes rejects):
  k=4 best_d_ub=20 count_measured=14 example_id=C2xC2xC2_c00000
  k=8 best_d_ub=17 count_measured=10 example_id=C2xC2xC2_c00341
[summary] best-by-k (survivors; target=16):
  k=4 best_d_ub=20 count_survivors=13 example_id=C2xC2xC2_c00000
  k=8 best_d_ub=17 count_survivors=4 example_id=C2xC2xC2_c00341
[pilot] top results:
  01 group=C2xC2xC2 n=288 k=4 d_ub=20 permA=8 permB=11 saved=True
  02 group=C2xC2xC2 n=288 k=4 d_ub=20 permA=20 permB=11 saved=True
  03 group=C2xC2xC2 n=288 k=4 d_ub=20 permA=11 permB=8 saved=True
  04 group=C2xC2xC2 n=288 k=4 d_ub=19 permA=8 permB=11 saved=True
  05 group=C2xC2xC2 n=288 k=4 d_ub=19 permA=11 permB=12 saved=True
  06 group=C2xC2xC2 n=288 k=4 d_ub=19 permA=11 permB=20 saved=True
  07 group=C2xC2xC2 n=288 k=4 d_ub=18 permA=20 permB=27 saved=True
  08 group=C2xC2xC2 n=288 k=8 d_ub=17 permA=20 permB=20 saved=True
  09 group=C2xC2xC2 n=288 k=8 d_ub=16 permA=20 permB=8 saved=False
  10 group=C2xC2xC2 n=288 k=8 d_ub=16 permA=7 permB=11 saved=False

