=== mar. 20 janv. 2026 16:32:40 CET steps=5000 batch=90 seed=1768922193 ===
[pilot] base k_table top pairs:
  k_base=18 permA=0 permB=0
  k_base=12 permA=29 permB=0
  k_base=12 permA=22 permB=0
  k_base=12 permA=13 permB=0
  k_base=12 permA=6 permB=0
[pilot] A multisets raw=792 (expected=792) enum_mode=multiset cayley_unique=26 perms=30 -> total scored = 780
[pilot] B multisets raw=792 (expected=792) enum_mode=multiset cayley_unique=26 perms=30 -> total scored = 780
[pilot] A frontier kept 128 candidates with points: (4,20), (0,49)
[pilot] B frontier kept 128 candidates with points: (4,20), (0,49)
[pilot] C2xC2xC2 n=288 d0=17 A_sets=26*30 -> keep 128; B_sets=26*30 -> keep 128
[pilot] MEAS n=288 k=8 dx_ub=20 dz_ub=16 d_ub=16 steps=5000 id=C2xC2xC2_c00032
[pilot] TARGET_REJECT d_ub=12 target=16 id=C2xC2xC2_c00059
[pilot] TARGET_REJECT d_ub=6 target=16 id=C2xC2xC2_c00061
[pilot] MEAS n=288 k=4 dx_ub=16 dz_ub=16 d_ub=16 steps=5000 id=C2xC2xC2_c00119
[pilot] MEAS n=288 k=4 dx_ub=20 dz_ub=21 d_ub=20 steps=5000 id=C2xC2xC2_c00124
[saved] id=C2xC2xC2_c00124 -> results/c2xc2xc2_d16_20260120_163240/promising/C2xC2xC2_c00124 (reason: d>=sqrt(n))
[pilot] TARGET_REJECT d_ub=13 target=16 id=C2xC2xC2_c00135
[pilot] MEAS n=288 k=8 dx_ub=18 dz_ub=18 d_ub=18 steps=5000 id=C2xC2xC2_c00151
[saved] id=C2xC2xC2_c00151 -> results/c2xc2xc2_d16_20260120_163240/promising/C2xC2xC2_c00151 (reason: d>=sqrt(n))
[pilot] MEAS n=288 k=8 dx_ub=18 dz_ub=16 d_ub=16 steps=5000 id=C2xC2xC2_c00169
[pilot] TARGET_REJECT d_ub=12 target=16 id=C2xC2xC2_c00178
[pilot] TARGET_REJECT d_ub=12 target=16 id=C2xC2xC2_c00187
[pilot] MEAS n=288 k=4 dx_ub=16 dz_ub=16 d_ub=16 steps=5000 id=C2xC2xC2_c00192
[pilot] MEAS n=288 k=4 dx_ub=20 dz_ub=18 d_ub=18 steps=5000 id=C2xC2xC2_c00243
[saved] id=C2xC2xC2_c00243 -> results/c2xc2xc2_d16_20260120_163240/promising/C2xC2xC2_c00243 (reason: d>=sqrt(n))
[pilot] MEAS n=288 k=4 dx_ub=17 dz_ub=16 d_ub=16 steps=5000 id=C2xC2xC2_c00343
[pilot] MEAS n=288 k=8 dx_ub=16 dz_ub=17 d_ub=16 steps=5000 id=C2xC2xC2_c00346
[pilot] MEAS n=288 k=4 dx_ub=20 dz_ub=20 d_ub=20 steps=5000 id=C2xC2xC2_c00369
[saved] id=C2xC2xC2_c00369 -> results/c2xc2xc2_d16_20260120_163240/promising/C2xC2xC2_c00369 (reason: d>=sqrt(n))
[pilot] MEAS n=288 k=4 dx_ub=20 dz_ub=20 d_ub=20 steps=5000 id=C2xC2xC2_c00397
[saved] id=C2xC2xC2_c00397 -> results/c2xc2xc2_d16_20260120_163240/promising/C2xC2xC2_c00397 (reason: d>=sqrt(n))
[pilot] TARGET_REJECT d_ub=13 target=16 id=C2xC2xC2_c00401
[pilot] MEAS n=288 k=4 dx_ub=20 dz_ub=18 d_ub=18 steps=5000 id=C2xC2xC2_c00402
[saved] id=C2xC2xC2_c00402 -> results/c2xc2xc2_d16_20260120_163240/promising/C2xC2xC2_c00402 (reason: d>=sqrt(n))
[pilot] TARGET_REJECT d_ub=12 target=16 id=C2xC2xC2_c00439
[pilot] MEAS n=288 k=4 dx_ub=16 dz_ub=16 d_ub=16 steps=5000 id=C2xC2xC2_c00447
[pilot] MEAS n=288 k=4 dx_ub=20 dz_ub=20 d_ub=20 steps=5000 id=C2xC2xC2_c00477
[saved] id=C2xC2xC2_c00477 -> results/c2xc2xc2_d16_20260120_163240/promising/C2xC2xC2_c00477 (reason: d>=sqrt(n))
[best_by_k] group=C2xC2xC2 n=288
k  | d_ub | steps | dx_ub | dz_ub | id
 4 |   20 |  5000 |    20 |    21 | C2xC2xC2_c00124
 8 |   18 |  5000 |    18 |    18 | C2xC2xC2_c00151
[coverage] group=C2xC2xC2 A_sel=128 B_sel=128 Q_meas=21 ratio_ge_sqrt=0.000 ratio_sel=0.001
[coverage] run summary:
[coverage] group=C2xC2xC2 A_sel=128 B_sel=128 Q_meas=21 ratio_ge_sqrt=0.000 ratio_sel=0.001
[summary] best-by-k (measured; includes rejects):
  k=4 best_d_ub=20 count_measured=12 example_id=C2xC2xC2_c00124
  k=8 best_d_ub=18 count_measured=9 example_id=C2xC2xC2_c00151
[summary] best-by-k (survivors; target=16):
  k=4 best_d_ub=20 count_survivors=10 example_id=C2xC2xC2_c00124
  k=8 best_d_ub=18 count_survivors=4 example_id=C2xC2xC2_c00151
[pilot] top results:
  01 group=C2xC2xC2 n=288 k=4 d_ub=20 permA=11 permB=27 saved=True
  02 group=C2xC2xC2 n=288 k=4 d_ub=20 permA=20 permB=11 saved=True
  03 group=C2xC2xC2 n=288 k=4 d_ub=20 permA=11 permB=20 saved=True
  04 group=C2xC2xC2 n=288 k=4 d_ub=20 permA=27 permB=12 saved=True
  05 group=C2xC2xC2 n=288 k=8 d_ub=18 permA=7 permB=20 saved=True
  06 group=C2xC2xC2 n=288 k=4 d_ub=18 permA=7 permB=27 saved=True
  07 group=C2xC2xC2 n=288 k=4 d_ub=18 permA=8 permB=11 saved=True
  08 group=C2xC2xC2 n=288 k=8 d_ub=16 permA=11 permB=11 saved=False
  09 group=C2xC2xC2 n=288 k=8 d_ub=16 permA=27 permB=7 saved=False
  10 group=C2xC2xC2 n=288 k=8 d_ub=16 permA=20 permB=11 saved=False

