=== mer. 21 janv. 2026 05:01:45 CET steps=20000 batch=31 seed=1768937134 ===
[pilot] base k_table top pairs:
  k_base=18 permA=0 permB=0
  k_base=12 permA=29 permB=0
  k_base=12 permA=22 permB=0
  k_base=12 permA=13 permB=0
  k_base=12 permA=6 permB=0
[pilot] A multisets raw=792 (expected=792) enum_mode=multiset cayley_unique=26 perms=30 -> total scored = 780
[pilot] B multisets raw=792 (expected=792) enum_mode=multiset cayley_unique=26 perms=30 -> total scored = 780
[pilot] A frontier kept 128 candidates with points: (4,20), (0,49)
[pilot] B frontier kept 128 candidates with points: (4,20), (0,49)
[pilot] C2xC2xC2 n=288 d0=17 A_sets=26*30 -> keep 128; B_sets=26*30 -> keep 128
[pilot] TARGET_REJECT d_ub=14 target=16 id=C2xC2xC2_c00079
[pilot] MEAS n=288 k=8 dx_ub=20 dz_ub=16 d_ub=16 steps=20000 id=C2xC2xC2_c00118
[pilot] MEAS n=288 k=4 dx_ub=16 dz_ub=16 d_ub=16 steps=20000 id=C2xC2xC2_c00131
[pilot] TARGET_REJECT d_ub=12 target=16 id=C2xC2xC2_c00153
[pilot] MEAS n=288 k=8 dx_ub=16 dz_ub=17 d_ub=16 steps=20000 id=C2xC2xC2_c00166
[pilot] MEAS n=288 k=4 dx_ub=20 dz_ub=19 d_ub=19 steps=20000 id=C2xC2xC2_c00171
[saved] id=C2xC2xC2_c00171 -> results/c2xc2xc2_d16_20260121_050145/promising/C2xC2xC2_c00171 (reason: d>=sqrt(n))
[pilot] MEAS n=288 k=4 dx_ub=19 dz_ub=19 d_ub=19 steps=20000 id=C2xC2xC2_c00195
[saved] id=C2xC2xC2_c00195 -> results/c2xc2xc2_d16_20260121_050145/promising/C2xC2xC2_c00195 (reason: d>=sqrt(n))
[pilot] MEAS n=288 k=4 dx_ub=20 dz_ub=20 d_ub=20 steps=20000 id=C2xC2xC2_c00235
[saved] id=C2xC2xC2_c00235 -> results/c2xc2xc2_d16_20260121_050145/promising/C2xC2xC2_c00235 (reason: d>=sqrt(n))
[pilot] MEAS n=288 k=4 dx_ub=16 dz_ub=16 d_ub=16 steps=20000 id=C2xC2xC2_c00260
[pilot] MEAS n=288 k=4 dx_ub=19 dz_ub=20 d_ub=19 steps=20000 id=C2xC2xC2_c00268
[saved] id=C2xC2xC2_c00268 -> results/c2xc2xc2_d16_20260121_050145/promising/C2xC2xC2_c00268 (reason: d>=sqrt(n))
[pilot] MEAS n=288 k=4 dx_ub=20 dz_ub=18 d_ub=18 steps=20000 id=C2xC2xC2_c00279
[saved] id=C2xC2xC2_c00279 -> results/c2xc2xc2_d16_20260121_050145/promising/C2xC2xC2_c00279 (reason: d>=sqrt(n))
[pilot] MEAS n=288 k=4 dx_ub=16 dz_ub=17 d_ub=16 steps=20000 id=C2xC2xC2_c00294
[pilot] MEAS n=288 k=4 dx_ub=19 dz_ub=19 d_ub=19 steps=20000 id=C2xC2xC2_c00303
[saved] id=C2xC2xC2_c00303 -> results/c2xc2xc2_d16_20260121_050145/promising/C2xC2xC2_c00303 (reason: d>=sqrt(n))
[pilot] MEAS n=288 k=4 dx_ub=20 dz_ub=19 d_ub=19 steps=20000 id=C2xC2xC2_c00327
[saved] id=C2xC2xC2_c00327 -> results/c2xc2xc2_d16_20260121_050145/promising/C2xC2xC2_c00327 (reason: d>=sqrt(n))
[pilot] TARGET_REJECT d_ub=12 target=16 id=C2xC2xC2_c00328
[pilot] MEAS n=288 k=4 dx_ub=16 dz_ub=20 d_ub=16 steps=20000 id=C2xC2xC2_c00332
[pilot] MEAS n=288 k=4 dx_ub=20 dz_ub=19 d_ub=19 steps=20000 id=C2xC2xC2_c00399
[saved] id=C2xC2xC2_c00399 -> results/c2xc2xc2_d16_20260121_050145/promising/C2xC2xC2_c00399 (reason: d>=sqrt(n))
[pilot] TARGET_REJECT d_ub=12 target=16 id=C2xC2xC2_c00446
[pilot] MEAS n=288 k=4 dx_ub=16 dz_ub=16 d_ub=16 steps=20000 id=C2xC2xC2_c00458
[pilot] MEAS n=288 k=8 dx_ub=16 dz_ub=17 d_ub=16 steps=20000 id=C2xC2xC2_c00496
[best_by_k] group=C2xC2xC2 n=288
k  | d_ub | steps | dx_ub | dz_ub | id
 4 |   20 | 20000 |    20 |    20 | C2xC2xC2_c00235
 8 |   16 | 20000 |    20 |    16 | C2xC2xC2_c00118
[coverage] group=C2xC2xC2 A_sel=128 B_sel=128 Q_meas=20 ratio_ge_sqrt=0.000 ratio_sel=0.001
[coverage] run summary:
[coverage] group=C2xC2xC2 A_sel=128 B_sel=128 Q_meas=20 ratio_ge_sqrt=0.000 ratio_sel=0.001
[summary] best-by-k (measured; includes rejects):
  k=4 best_d_ub=20 count_measured=14 example_id=C2xC2xC2_c00235
  k=8 best_d_ub=16 count_measured=6 example_id=C2xC2xC2_c00118
[summary] best-by-k (survivors; target=16):
  k=4 best_d_ub=20 count_survivors=13 example_id=C2xC2xC2_c00235
  k=8 best_d_ub=16 count_survivors=3 example_id=C2xC2xC2_c00118
[pilot] top results:
  01 group=C2xC2xC2 n=288 k=4 d_ub=20 permA=11 permB=11 saved=True
  02 group=C2xC2xC2 n=288 k=4 d_ub=19 permA=8 permB=11 saved=True
  03 group=C2xC2xC2 n=288 k=4 d_ub=19 permA=11 permB=20 saved=True
  04 group=C2xC2xC2 n=288 k=4 d_ub=19 permA=12 permB=8 saved=True
  05 group=C2xC2xC2 n=288 k=4 d_ub=19 permA=27 permB=11 saved=True
  06 group=C2xC2xC2 n=288 k=4 d_ub=19 permA=20 permB=12 saved=True
  07 group=C2xC2xC2 n=288 k=4 d_ub=19 permA=11 permB=8 saved=True
  08 group=C2xC2xC2 n=288 k=4 d_ub=18 permA=11 permB=27 saved=True
  09 group=C2xC2xC2 n=288 k=8 d_ub=16 permA=11 permB=11 saved=False
  10 group=C2xC2xC2 n=288 k=8 d_ub=16 permA=20 permB=27 saved=False

