=== mar. 20 janv. 2026 15:01:23 CET steps=5000 batch=19 seed=1768922122 ===
[pilot] base k_table top pairs:
  k_base=18 permA=0 permB=0
  k_base=12 permA=29 permB=0
  k_base=12 permA=22 permB=0
  k_base=12 permA=13 permB=0
  k_base=12 permA=6 permB=0
[pilot] A multisets raw=792 (expected=792) enum_mode=multiset cayley_unique=26 perms=30 -> total scored = 780
[pilot] B multisets raw=792 (expected=792) enum_mode=multiset cayley_unique=26 perms=30 -> total scored = 780
[pilot] A frontier kept 128 candidates with points: (4,20), (0,49)
[pilot] B frontier kept 128 candidates with points: (4,20), (0,49)
[pilot] C2xC2xC2 n=288 d0=17 A_sets=26*30 -> keep 128; B_sets=26*30 -> keep 128
[pilot] TARGET_REJECT d_ub=14 target=16 id=C2xC2xC2_c00025
[pilot] TARGET_REJECT d_ub=12 target=16 id=C2xC2xC2_c00103
[pilot] MEAS n=288 k=4 dx_ub=20 dz_ub=16 d_ub=16 steps=5000 id=C2xC2xC2_c00115
[pilot] TARGET_REJECT d_ub=11 target=16 id=C2xC2xC2_c00134
[pilot] TARGET_REJECT d_ub=12 target=16 id=C2xC2xC2_c00161
[pilot] TARGET_REJECT d_ub=14 target=16 id=C2xC2xC2_c00186
[pilot] MEAS n=288 k=4 dx_ub=16 dz_ub=16 d_ub=16 steps=5000 id=C2xC2xC2_c00257
[pilot] MEAS n=288 k=4 dx_ub=20 dz_ub=20 d_ub=20 steps=5000 id=C2xC2xC2_c00270
[saved] id=C2xC2xC2_c00270 -> results/c2xc2xc2_d16_20260120_150123/promising/C2xC2xC2_c00270 (reason: d>=sqrt(n))
[pilot] TARGET_REJECT d_ub=12 target=16 id=C2xC2xC2_c00321
[pilot] TARGET_REJECT d_ub=14 target=16 id=C2xC2xC2_c00494
[best_by_k] group=C2xC2xC2 n=288
k  | d_ub | steps | dx_ub | dz_ub | id
 4 |   20 |  5000 |    20 |    20 | C2xC2xC2_c00270
[coverage] group=C2xC2xC2 A_sel=128 B_sel=128 Q_meas=10 ratio_ge_sqrt=0.000 ratio_sel=0.001
[coverage] run summary:
[coverage] group=C2xC2xC2 A_sel=128 B_sel=128 Q_meas=10 ratio_ge_sqrt=0.000 ratio_sel=0.001
[summary] best-by-k (measured; includes rejects):
  k=4 best_d_ub=20 count_measured=4 example_id=C2xC2xC2_c00270
  k=8 best_d_ub=14 count_measured=6 example_id=C2xC2xC2_c00025
[summary] best-by-k (survivors; target=16):
  k=4 best_d_ub=20 count_survivors=3 example_id=C2xC2xC2_c00270
[pilot] top results:
  01 group=C2xC2xC2 n=288 k=4 d_ub=20 permA=11 permB=11 saved=True
  02 group=C2xC2xC2 n=288 k=4 d_ub=16 permA=20 permB=8 saved=False
  03 group=C2xC2xC2 n=288 k=4 d_ub=16 permA=8 permB=20 saved=False

