=== mar. 20 janv. 2026 14:43:01 CET steps=2000 batch=1 seed=1768918582 ===
[pilot] base k_table top pairs:
  k_base=18 permA=0 permB=0
  k_base=12 permA=29 permB=0
  k_base=12 permA=22 permB=0
  k_base=12 permA=13 permB=0
  k_base=12 permA=6 permB=0
[pilot] A multisets raw=792 (expected=792) enum_mode=multiset cayley_unique=26 perms=30 -> total scored = 780
[pilot] B multisets raw=792 (expected=792) enum_mode=multiset cayley_unique=26 perms=30 -> total scored = 780
[pilot] A frontier kept 128 candidates with points: (4,20), (0,49)
[pilot] B frontier kept 128 candidates with points: (4,20), (0,49)
[pilot] C2xC2xC2 n=288 d0=17 A_sets=26*30 -> keep 128; B_sets=26*30 -> keep 128
[pilot] MEAS n=288 k=4 dx_ub=20 dz_ub=23 d_ub=20 steps=2000 id=C2xC2xC2_c00057
[saved] id=C2xC2xC2_c00057 -> results/c2xc2xc2_d16_20260120_144301/promising/C2xC2xC2_c00057 (reason: d>=sqrt(n))
[pilot] MEAS n=288 k=4 dx_ub=20 dz_ub=17 d_ub=17 steps=2000 id=C2xC2xC2_c00079
[saved] id=C2xC2xC2_c00079 -> results/c2xc2xc2_d16_20260120_144301/promising/C2xC2xC2_c00079 (reason: d>=sqrt(n))
[pilot] MEAS n=288 k=8 dx_ub=16 dz_ub=16 d_ub=16 steps=2000 id=C2xC2xC2_c00080
[pilot] MEAS n=288 k=8 dx_ub=16 dz_ub=16 d_ub=16 steps=2000 id=C2xC2xC2_c00110
[pilot] MEAS n=288 k=4 dx_ub=16 dz_ub=18 d_ub=16 steps=2000 id=C2xC2xC2_c00155
[pilot] MEAS n=288 k=4 dx_ub=18 dz_ub=23 d_ub=18 steps=2000 id=C2xC2xC2_c00166
[saved] id=C2xC2xC2_c00166 -> results/c2xc2xc2_d16_20260120_144301/promising/C2xC2xC2_c00166 (reason: d>=sqrt(n))
[pilot] MEAS n=288 k=4 dx_ub=20 dz_ub=16 d_ub=16 steps=2000 id=C2xC2xC2_c00183
[pilot] MEAS n=288 k=4 dx_ub=20 dz_ub=21 d_ub=20 steps=2000 id=C2xC2xC2_c00219
[saved] id=C2xC2xC2_c00219 -> results/c2xc2xc2_d16_20260120_144301/promising/C2xC2xC2_c00219 (reason: d>=sqrt(n))
[pilot] TARGET_REJECT d_ub=14 target=16 id=C2xC2xC2_c00283
[pilot] MEAS n=288 k=4 dx_ub=18 dz_ub=18 d_ub=18 steps=2000 id=C2xC2xC2_c00298
[saved] id=C2xC2xC2_c00298 -> results/c2xc2xc2_d16_20260120_144301/promising/C2xC2xC2_c00298 (reason: d>=sqrt(n))
[pilot] TARGET_REJECT d_ub=13 target=16 id=C2xC2xC2_c00300
[pilot] TARGET_REJECT d_ub=14 target=16 id=C2xC2xC2_c00310
[pilot] TARGET_REJECT d_ub=6 target=16 id=C2xC2xC2_c00327
[pilot] TARGET_REJECT d_ub=15 target=16 id=C2xC2xC2_c00332
[pilot] MEAS n=288 k=4 dx_ub=20 dz_ub=17 d_ub=17 steps=2000 id=C2xC2xC2_c00371
[saved] id=C2xC2xC2_c00371 -> results/c2xc2xc2_d16_20260120_144301/promising/C2xC2xC2_c00371 (reason: d>=sqrt(n))
[pilot] MEAS n=288 k=4 dx_ub=20 dz_ub=21 d_ub=20 steps=2000 id=C2xC2xC2_c00378
[saved] id=C2xC2xC2_c00378 -> results/c2xc2xc2_d16_20260120_144301/promising/C2xC2xC2_c00378 (reason: d>=sqrt(n))
[pilot] MEAS n=288 k=4 dx_ub=19 dz_ub=20 d_ub=19 steps=2000 id=C2xC2xC2_c00392
[saved] id=C2xC2xC2_c00392 -> results/c2xc2xc2_d16_20260120_144301/promising/C2xC2xC2_c00392 (reason: d>=sqrt(n))
[pilot] MEAS n=288 k=4 dx_ub=19 dz_ub=20 d_ub=19 steps=2000 id=C2xC2xC2_c00402
[saved] id=C2xC2xC2_c00402 -> results/c2xc2xc2_d16_20260120_144301/promising/C2xC2xC2_c00402 (reason: d>=sqrt(n))
[pilot] MEAS n=288 k=4 dx_ub=21 dz_ub=20 d_ub=20 steps=2000 id=C2xC2xC2_c00408
[saved] id=C2xC2xC2_c00408 -> results/c2xc2xc2_d16_20260120_144301/promising/C2xC2xC2_c00408 (reason: d>=sqrt(n))
[pilot] TARGET_REJECT d_ub=12 target=16 id=C2xC2xC2_c00412
[pilot] MEAS n=288 k=4 dx_ub=23 dz_ub=22 d_ub=22 steps=2000 id=C2xC2xC2_c00469
[saved] id=C2xC2xC2_c00469 -> results/c2xc2xc2_d16_20260120_144301/promising/C2xC2xC2_c00469 (reason: d>=sqrt(n))
[pilot] TARGET_REJECT d_ub=12 target=16 id=C2xC2xC2_c00485
[best_by_k] group=C2xC2xC2 n=288
k  | d_ub | steps | dx_ub | dz_ub | id
 4 |   22 |  2000 |    23 |    22 | C2xC2xC2_c00469
 8 |   16 |  2000 |    16 |    16 | C2xC2xC2_c00080
[coverage] group=C2xC2xC2 A_sel=128 B_sel=128 Q_meas=22 ratio_ge_sqrt=0.000 ratio_sel=0.001
[coverage] run summary:
[coverage] group=C2xC2xC2 A_sel=128 B_sel=128 Q_meas=22 ratio_ge_sqrt=0.000 ratio_sel=0.001
[summary] best-by-k (measured; includes rejects):
  k=4 best_d_ub=22 count_measured=14 example_id=C2xC2xC2_c00469
  k=8 best_d_ub=16 count_measured=8 example_id=C2xC2xC2_c00080
[summary] best-by-k (survivors; target=16):
  k=4 best_d_ub=22 count_survivors=13 example_id=C2xC2xC2_c00469
  k=8 best_d_ub=16 count_survivors=2 example_id=C2xC2xC2_c00080
[pilot] top results:
  01 group=C2xC2xC2 n=288 k=4 d_ub=22 permA=11 permB=27 saved=True
  02 group=C2xC2xC2 n=288 k=4 d_ub=20 permA=27 permB=8 saved=True
  03 group=C2xC2xC2 n=288 k=4 d_ub=20 permA=7 permB=8 saved=True
  04 group=C2xC2xC2 n=288 k=4 d_ub=20 permA=11 permB=8 saved=True
  05 group=C2xC2xC2 n=288 k=4 d_ub=20 permA=20 permB=27 saved=True
  06 group=C2xC2xC2 n=288 k=4 d_ub=19 permA=8 permB=27 saved=True
  07 group=C2xC2xC2 n=288 k=4 d_ub=19 permA=20 permB=11 saved=True
  08 group=C2xC2xC2 n=288 k=4 d_ub=18 permA=11 permB=27 saved=True
  09 group=C2xC2xC2 n=288 k=4 d_ub=18 permA=11 permB=7 saved=True
  10 group=C2xC2xC2 n=288 k=4 d_ub=17 permA=27 permB=20 saved=True

