=== mar. 20 janv. 2026 14:40:01 CET steps=2000 batch=1 seed=1768918402 ===
[pilot] base k_table top pairs:
  k_base=18 permA=0 permB=0
  k_base=12 permA=29 permB=0
  k_base=12 permA=22 permB=0
  k_base=12 permA=13 permB=0
  k_base=12 permA=6 permB=0
[pilot] A multisets raw=792 (expected=792) enum_mode=multiset cayley_unique=26 perms=30 -> total scored = 780
[pilot] B multisets raw=792 (expected=792) enum_mode=multiset cayley_unique=26 perms=30 -> total scored = 780
[pilot] A frontier kept 128 candidates with points: (4,20), (0,49)
[pilot] B frontier kept 128 candidates with points: (4,20), (0,49)
[pilot] C2xC2xC2 n=288 d0=17 A_sets=26*30 -> keep 128; B_sets=26*30 -> keep 128
[pilot] MEAS n=288 k=4 dx_ub=20 dz_ub=20 d_ub=20 steps=2000 id=C2xC2xC2_c00024
[saved] id=C2xC2xC2_c00024 -> results/c2xc2xc2_d16_20260120_144001/promising/C2xC2xC2_c00024 (reason: d>=sqrt(n))
[pilot] TARGET_REJECT d_ub=12 target=16 id=C2xC2xC2_c00046
[pilot] MEAS n=288 k=8 dx_ub=17 dz_ub=16 d_ub=16 steps=2000 id=C2xC2xC2_c00053
[pilot] MEAS n=288 k=4 dx_ub=22 dz_ub=20 d_ub=20 steps=2000 id=C2xC2xC2_c00099
[saved] id=C2xC2xC2_c00099 -> results/c2xc2xc2_d16_20260120_144001/promising/C2xC2xC2_c00099 (reason: d>=sqrt(n))
[pilot] MEAS n=288 k=4 dx_ub=17 dz_ub=16 d_ub=16 steps=2000 id=C2xC2xC2_c00164
[pilot] MEAS n=288 k=4 dx_ub=17 dz_ub=18 d_ub=17 steps=2000 id=C2xC2xC2_c00199
[saved] id=C2xC2xC2_c00199 -> results/c2xc2xc2_d16_20260120_144001/promising/C2xC2xC2_c00199 (reason: d>=sqrt(n))
[pilot] MEAS n=288 k=4 dx_ub=20 dz_ub=20 d_ub=20 steps=2000 id=C2xC2xC2_c00205
[saved] id=C2xC2xC2_c00205 -> results/c2xc2xc2_d16_20260120_144001/promising/C2xC2xC2_c00205 (reason: d>=sqrt(n))
[pilot] MEAS n=288 k=4 dx_ub=23 dz_ub=20 d_ub=20 steps=2000 id=C2xC2xC2_c00236
[saved] id=C2xC2xC2_c00236 -> results/c2xc2xc2_d16_20260120_144001/promising/C2xC2xC2_c00236 (reason: d>=sqrt(n))
[pilot] TARGET_REJECT d_ub=14 target=16 id=C2xC2xC2_c00290
[pilot] MEAS n=288 k=4 dx_ub=20 dz_ub=19 d_ub=19 steps=2000 id=C2xC2xC2_c00319
[saved] id=C2xC2xC2_c00319 -> results/c2xc2xc2_d16_20260120_144001/promising/C2xC2xC2_c00319 (reason: d>=sqrt(n))
[pilot] MEAS n=288 k=8 dx_ub=16 dz_ub=17 d_ub=16 steps=2000 id=C2xC2xC2_c00353
[pilot] TARGET_REJECT d_ub=12 target=16 id=C2xC2xC2_c00360
[pilot] MEAS n=288 k=4 dx_ub=23 dz_ub=20 d_ub=20 steps=2000 id=C2xC2xC2_c00370
[saved] id=C2xC2xC2_c00370 -> results/c2xc2xc2_d16_20260120_144001/promising/C2xC2xC2_c00370 (reason: d>=sqrt(n))
[pilot] MEAS n=288 k=4 dx_ub=16 dz_ub=16 d_ub=16 steps=2000 id=C2xC2xC2_c00381
[pilot] MEAS n=288 k=4 dx_ub=16 dz_ub=17 d_ub=16 steps=2000 id=C2xC2xC2_c00388
[pilot] MEAS n=288 k=4 dx_ub=20 dz_ub=17 d_ub=17 steps=2000 id=C2xC2xC2_c00396
[saved] id=C2xC2xC2_c00396 -> results/c2xc2xc2_d16_20260120_144001/promising/C2xC2xC2_c00396 (reason: d>=sqrt(n))
[pilot] MEAS n=288 k=4 dx_ub=18 dz_ub=16 d_ub=16 steps=2000 id=C2xC2xC2_c00470
[best_by_k] group=C2xC2xC2 n=288
k  | d_ub | steps | dx_ub | dz_ub | id
 4 |   20 |  2000 |    20 |    20 | C2xC2xC2_c00024
 8 |   16 |  2000 |    17 |    16 | C2xC2xC2_c00053
[coverage] group=C2xC2xC2 A_sel=128 B_sel=128 Q_meas=17 ratio_ge_sqrt=0.000 ratio_sel=0.001
[coverage] run summary:
[coverage] group=C2xC2xC2 A_sel=128 B_sel=128 Q_meas=17 ratio_ge_sqrt=0.000 ratio_sel=0.001
[summary] best-by-k (measured; includes rejects):
  k=4 best_d_ub=20 count_measured=12 example_id=C2xC2xC2_c00024
  k=8 best_d_ub=16 count_measured=5 example_id=C2xC2xC2_c00053
[summary] best-by-k (survivors; target=16):
  k=4 best_d_ub=20 count_survivors=12 example_id=C2xC2xC2_c00024
  k=8 best_d_ub=16 count_survivors=2 example_id=C2xC2xC2_c00053
[pilot] top results:
  01 group=C2xC2xC2 n=288 k=4 d_ub=20 permA=20 permB=7 saved=True
  02 group=C2xC2xC2 n=288 k=4 d_ub=20 permA=27 permB=11 saved=True
  03 group=C2xC2xC2 n=288 k=4 d_ub=20 permA=27 permB=8 saved=True
  04 group=C2xC2xC2 n=288 k=4 d_ub=20 permA=27 permB=7 saved=True
  05 group=C2xC2xC2 n=288 k=4 d_ub=20 permA=8 permB=11 saved=True
  06 group=C2xC2xC2 n=288 k=4 d_ub=19 permA=20 permB=27 saved=True
  07 group=C2xC2xC2 n=288 k=4 d_ub=17 permA=11 permB=27 saved=True
  08 group=C2xC2xC2 n=288 k=4 d_ub=17 permA=27 permB=20 saved=True
  09 group=C2xC2xC2 n=288 k=8 d_ub=16 permA=11 permB=11 saved=False
  10 group=C2xC2xC2 n=288 k=8 d_ub=16 permA=20 permB=7 saved=False

