=== mar. 20 janv. 2026 13:18:45 CET steps=5000 batch=3 seed=1768916510 ===
[pilot] base k_table top pairs:
  k_base=18 permA=0 permB=0
  k_base=12 permA=29 permB=0
  k_base=12 permA=22 permB=0
  k_base=12 permA=13 permB=0
  k_base=12 permA=6 permB=0
[pilot] A multisets raw=21 cayley_unique=1 perms=30 -> total scored = 30
[pilot] B multisets raw=21 cayley_unique=1 perms=30 -> total scored = 30
[pilot] A frontier kept 12 candidates with points: (4,20), (0,49)
[pilot] B frontier kept 12 candidates with points: (4,20), (0,49)
[pilot] C2xC2xC2 n=288 d0=17 A_sets=1*30 -> keep 12; B_sets=1*30 -> keep 12
[pilot] TARGET_REJECT d_ub=6 target=16 id=C2xC2xC2_c00104
[pilot] TARGET_REJECT d_ub=14 target=16 id=C2xC2xC2_c00105
[pilot] TARGET_REJECT d_ub=12 target=16 id=C2xC2xC2_c00106
[pilot] TARGET_REJECT d_ub=12 target=16 id=C2xC2xC2_c00107
[pilot] TARGET_REJECT d_ub=14 target=16 id=C2xC2xC2_c00116
[pilot] TARGET_REJECT d_ub=6 target=16 id=C2xC2xC2_c00117
[pilot] TARGET_REJECT d_ub=12 target=16 id=C2xC2xC2_c00118
[pilot] TARGET_REJECT d_ub=12 target=16 id=C2xC2xC2_c00119
[pilot] TARGET_REJECT d_ub=12 target=16 id=C2xC2xC2_c00128
[pilot] TARGET_REJECT d_ub=12 target=16 id=C2xC2xC2_c00129
[pilot] TARGET_REJECT d_ub=6 target=16 id=C2xC2xC2_c00130
[pilot] TARGET_REJECT d_ub=14 target=16 id=C2xC2xC2_c00131
[pilot] TARGET_REJECT d_ub=12 target=16 id=C2xC2xC2_c00140
[pilot] TARGET_REJECT d_ub=12 target=16 id=C2xC2xC2_c00141
[pilot] TARGET_REJECT d_ub=14 target=16 id=C2xC2xC2_c00142
[pilot] TARGET_REJECT d_ub=6 target=16 id=C2xC2xC2_c00143
[coverage] group=C2xC2xC2 A_sel=12 B_sel=12 Q_meas=16 ratio_ge_sqrt=0.111 ratio_sel=0.111
[coverage] run summary:
[coverage] group=C2xC2xC2 A_sel=12 B_sel=12 Q_meas=16 ratio_ge_sqrt=0.111 ratio_sel=0.111
[pilot] top results:

