=== mar. 20 janv. 2026 14:48:33 CET steps=2000 batch=5 seed=1768918842 ===
[pilot] base k_table top pairs:
  k_base=18 permA=0 permB=0
  k_base=12 permA=29 permB=0
  k_base=12 permA=22 permB=0
  k_base=12 permA=13 permB=0
  k_base=12 permA=6 permB=0
[pilot] A multisets raw=792 (expected=792) enum_mode=multiset cayley_unique=26 perms=30 -> total scored = 780
[pilot] B multisets raw=792 (expected=792) enum_mode=multiset cayley_unique=26 perms=30 -> total scored = 780
[pilot] A frontier kept 128 candidates with points: (4,20), (0,49)
[pilot] B frontier kept 128 candidates with points: (4,20), (0,49)
[pilot] C2xC2xC2 n=288 d0=17 A_sets=26*30 -> keep 128; B_sets=26*30 -> keep 128
[pilot] MEAS n=288 k=4 dx_ub=18 dz_ub=16 d_ub=16 steps=2000 id=C2xC2xC2_c00008
[pilot] TARGET_REJECT d_ub=12 target=16 id=C2xC2xC2_c00022
[pilot] MEAS n=288 k=4 dx_ub=23 dz_ub=21 d_ub=21 steps=2000 id=C2xC2xC2_c00133
[saved] id=C2xC2xC2_c00133 -> results/c2xc2xc2_d16_20260120_144833/promising/C2xC2xC2_c00133 (reason: d>=sqrt(n))
[pilot] MEAS n=288 k=4 dx_ub=23 dz_ub=19 d_ub=19 steps=2000 id=C2xC2xC2_c00141
[saved] id=C2xC2xC2_c00141 -> results/c2xc2xc2_d16_20260120_144833/promising/C2xC2xC2_c00141 (reason: d>=sqrt(n))
[pilot] MEAS n=288 k=4 dx_ub=17 dz_ub=21 d_ub=17 steps=2000 id=C2xC2xC2_c00143
[saved] id=C2xC2xC2_c00143 -> results/c2xc2xc2_d16_20260120_144833/promising/C2xC2xC2_c00143 (reason: d>=sqrt(n))
[pilot] MEAS n=288 k=8 dx_ub=19 dz_ub=16 d_ub=16 steps=2000 id=C2xC2xC2_c00146
[pilot] MEAS n=288 k=4 dx_ub=16 dz_ub=17 d_ub=16 steps=2000 id=C2xC2xC2_c00154
[pilot] MEAS n=288 k=4 dx_ub=22 dz_ub=16 d_ub=16 steps=2000 id=C2xC2xC2_c00155
[pilot] MEAS n=288 k=4 dx_ub=16 dz_ub=17 d_ub=16 steps=2000 id=C2xC2xC2_c00167
[pilot] MEAS n=288 k=4 dx_ub=24 dz_ub=20 d_ub=20 steps=2000 id=C2xC2xC2_c00178
[saved] id=C2xC2xC2_c00178 -> results/c2xc2xc2_d16_20260120_144833/promising/C2xC2xC2_c00178 (reason: d>=sqrt(n))
[pilot] TARGET_REJECT d_ub=12 target=16 id=C2xC2xC2_c00193
[pilot] TARGET_REJECT d_ub=12 target=16 id=C2xC2xC2_c00224
[pilot] MEAS n=288 k=8 dx_ub=18 dz_ub=18 d_ub=18 steps=2000 id=C2xC2xC2_c00262
[saved] id=C2xC2xC2_c00262 -> results/c2xc2xc2_d16_20260120_144833/promising/C2xC2xC2_c00262 (reason: d>=sqrt(n))
[pilot] MEAS n=288 k=4 dx_ub=21 dz_ub=17 d_ub=17 steps=2000 id=C2xC2xC2_c00327
[saved] id=C2xC2xC2_c00327 -> results/c2xc2xc2_d16_20260120_144833/promising/C2xC2xC2_c00327 (reason: d>=sqrt(n))
[pilot] MEAS n=288 k=4 dx_ub=16 dz_ub=18 d_ub=16 steps=2000 id=C2xC2xC2_c00337
[pilot] MEAS n=288 k=4 dx_ub=20 dz_ub=20 d_ub=20 steps=2000 id=C2xC2xC2_c00362
[saved] id=C2xC2xC2_c00362 -> results/c2xc2xc2_d16_20260120_144833/promising/C2xC2xC2_c00362 (reason: d>=sqrt(n))
[pilot] MEAS n=288 k=4 dx_ub=20 dz_ub=21 d_ub=20 steps=2000 id=C2xC2xC2_c00412
[saved] id=C2xC2xC2_c00412 -> results/c2xc2xc2_d16_20260120_144833/promising/C2xC2xC2_c00412 (reason: d>=sqrt(n))
[pilot] TARGET_REJECT d_ub=12 target=16 id=C2xC2xC2_c00419
[pilot] MEAS n=288 k=8 dx_ub=17 dz_ub=16 d_ub=16 steps=2000 id=C2xC2xC2_c00433
[pilot] TARGET_REJECT d_ub=12 target=16 id=C2xC2xC2_c00475
[pilot] TARGET_REJECT d_ub=14 target=16 id=C2xC2xC2_c00488
[best_by_k] group=C2xC2xC2 n=288
k  | d_ub | steps | dx_ub | dz_ub | id
 4 |   21 |  2000 |    23 |    21 | C2xC2xC2_c00133
 8 |   18 |  2000 |    18 |    18 | C2xC2xC2_c00262
[coverage] group=C2xC2xC2 A_sel=128 B_sel=128 Q_meas=21 ratio_ge_sqrt=0.000 ratio_sel=0.001
[coverage] run summary:
[coverage] group=C2xC2xC2 A_sel=128 B_sel=128 Q_meas=21 ratio_ge_sqrt=0.000 ratio_sel=0.001
[summary] best-by-k (measured; includes rejects):
  k=4 best_d_ub=21 count_measured=15 example_id=C2xC2xC2_c00133
  k=8 best_d_ub=18 count_measured=6 example_id=C2xC2xC2_c00262
[summary] best-by-k (survivors; target=16):
  k=4 best_d_ub=21 count_survivors=12 example_id=C2xC2xC2_c00133
  k=8 best_d_ub=18 count_survivors=3 example_id=C2xC2xC2_c00262
[pilot] top results:
  01 group=C2xC2xC2 n=288 k=4 d_ub=21 permA=11 permB=27 saved=True
  02 group=C2xC2xC2 n=288 k=4 d_ub=20 permA=20 permB=7 saved=True
  03 group=C2xC2xC2 n=288 k=4 d_ub=20 permA=27 permB=27 saved=True
  04 group=C2xC2xC2 n=288 k=4 d_ub=20 permA=11 permB=20 saved=True
  05 group=C2xC2xC2 n=288 k=4 d_ub=19 permA=20 permB=20 saved=True
  06 group=C2xC2xC2 n=288 k=8 d_ub=18 permA=20 permB=11 saved=True
  07 group=C2xC2xC2 n=288 k=4 d_ub=17 permA=7 permB=7 saved=True
  08 group=C2xC2xC2 n=288 k=4 d_ub=17 permA=20 permB=7 saved=True
  09 group=C2xC2xC2 n=288 k=8 d_ub=16 permA=11 permB=7 saved=False
  10 group=C2xC2xC2 n=288 k=8 d_ub=16 permA=12 permB=20 saved=False

