=== mar. 20 janv. 2026 14:47:36 CET steps=2000 batch=2 seed=1768918839 ===
[pilot] base k_table top pairs:
  k_base=18 permA=0 permB=0
  k_base=12 permA=29 permB=0
  k_base=12 permA=22 permB=0
  k_base=12 permA=13 permB=0
  k_base=12 permA=6 permB=0
[pilot] A multisets raw=792 (expected=792) enum_mode=multiset cayley_unique=26 perms=30 -> total scored = 780
[pilot] B multisets raw=792 (expected=792) enum_mode=multiset cayley_unique=26 perms=30 -> total scored = 780
[pilot] A frontier kept 128 candidates with points: (4,20), (0,49)
[pilot] B frontier kept 128 candidates with points: (4,20), (0,49)
[pilot] C2xC2xC2 n=288 d0=17 A_sets=26*30 -> keep 128; B_sets=26*30 -> keep 128
[pilot] MEAS n=288 k=4 dx_ub=20 dz_ub=23 d_ub=20 steps=2000 id=C2xC2xC2_c00007
[saved] id=C2xC2xC2_c00007 -> results/c2xc2xc2_d16_20260120_144737/promising/C2xC2xC2_c00007 (reason: d>=sqrt(n))
[pilot] TARGET_REJECT d_ub=13 target=16 id=C2xC2xC2_c00037
[pilot] TARGET_REJECT d_ub=12 target=16 id=C2xC2xC2_c00077
[pilot] TARGET_REJECT d_ub=12 target=16 id=C2xC2xC2_c00084
[pilot] MEAS n=288 k=4 dx_ub=20 dz_ub=16 d_ub=16 steps=2000 id=C2xC2xC2_c00101
[pilot] TARGET_REJECT d_ub=6 target=16 id=C2xC2xC2_c00117
[pilot] MEAS n=288 k=4 dx_ub=16 dz_ub=16 d_ub=16 steps=2000 id=C2xC2xC2_c00143
[pilot] MEAS n=288 k=4 dx_ub=20 dz_ub=20 d_ub=20 steps=2000 id=C2xC2xC2_c00207
[saved] id=C2xC2xC2_c00207 -> results/c2xc2xc2_d16_20260120_144737/promising/C2xC2xC2_c00207 (reason: d>=sqrt(n))
[pilot] TARGET_REJECT d_ub=12 target=16 id=C2xC2xC2_c00214
[pilot] TARGET_REJECT d_ub=12 target=16 id=C2xC2xC2_c00257
[pilot] MEAS n=288 k=4 dx_ub=17 dz_ub=20 d_ub=17 steps=2000 id=C2xC2xC2_c00262
[saved] id=C2xC2xC2_c00262 -> results/c2xc2xc2_d16_20260120_144737/promising/C2xC2xC2_c00262 (reason: d>=sqrt(n))
[pilot] TARGET_REJECT d_ub=12 target=16 id=C2xC2xC2_c00266
[pilot] TARGET_REJECT d_ub=15 target=16 id=C2xC2xC2_c00325
[pilot] MEAS n=288 k=4 dx_ub=21 dz_ub=21 d_ub=21 steps=2000 id=C2xC2xC2_c00328
[saved] id=C2xC2xC2_c00328 -> results/c2xc2xc2_d16_20260120_144737/promising/C2xC2xC2_c00328 (reason: d>=sqrt(n))
[pilot] MEAS n=288 k=4 dx_ub=23 dz_ub=20 d_ub=20 steps=2000 id=C2xC2xC2_c00334
[saved] id=C2xC2xC2_c00334 -> results/c2xc2xc2_d16_20260120_144737/promising/C2xC2xC2_c00334 (reason: d>=sqrt(n))
[pilot] TARGET_REJECT d_ub=13 target=16 id=C2xC2xC2_c00407
[pilot] MEAS n=288 k=4 dx_ub=22 dz_ub=20 d_ub=20 steps=2000 id=C2xC2xC2_c00411
[saved] id=C2xC2xC2_c00411 -> results/c2xc2xc2_d16_20260120_144737/promising/C2xC2xC2_c00411 (reason: d>=sqrt(n))
[pilot] MEAS n=288 k=4 dx_ub=19 dz_ub=22 d_ub=19 steps=2000 id=C2xC2xC2_c00430
[saved] id=C2xC2xC2_c00430 -> results/c2xc2xc2_d16_20260120_144737/promising/C2xC2xC2_c00430 (reason: d>=sqrt(n))
[pilot] MEAS n=288 k=4 dx_ub=17 dz_ub=16 d_ub=16 steps=2000 id=C2xC2xC2_c00435
[pilot] TARGET_REJECT d_ub=12 target=16 id=C2xC2xC2_c00454
[pilot] MEAS n=288 k=4 dx_ub=16 dz_ub=17 d_ub=16 steps=2000 id=C2xC2xC2_c00464
[pilot] TARGET_REJECT d_ub=12 target=16 id=C2xC2xC2_c00495
[best_by_k] group=C2xC2xC2 n=288
k  | d_ub | steps | dx_ub | dz_ub | id
 4 |   21 |  2000 |    21 |    21 | C2xC2xC2_c00328
[coverage] group=C2xC2xC2 A_sel=128 B_sel=128 Q_meas=22 ratio_ge_sqrt=0.000 ratio_sel=0.001
[coverage] run summary:
[coverage] group=C2xC2xC2 A_sel=128 B_sel=128 Q_meas=22 ratio_ge_sqrt=0.000 ratio_sel=0.001
[summary] best-by-k (measured; includes rejects):
  k=4 best_d_ub=21 count_measured=15 example_id=C2xC2xC2_c00328
  k=8 best_d_ub=13 count_measured=7 example_id=C2xC2xC2_c00037
[summary] best-by-k (survivors; target=16):
  k=4 best_d_ub=21 count_survivors=11 example_id=C2xC2xC2_c00328
[pilot] top results:
  01 group=C2xC2xC2 n=288 k=4 d_ub=21 permA=11 permB=8 saved=True
  02 group=C2xC2xC2 n=288 k=4 d_ub=20 permA=12 permB=8 saved=True
  03 group=C2xC2xC2 n=288 k=4 d_ub=20 permA=20 permB=20 saved=True
  04 group=C2xC2xC2 n=288 k=4 d_ub=20 permA=7 permB=27 saved=True
  05 group=C2xC2xC2 n=288 k=4 d_ub=20 permA=11 permB=8 saved=True
  06 group=C2xC2xC2 n=288 k=4 d_ub=19 permA=27 permB=11 saved=True
  07 group=C2xC2xC2 n=288 k=4 d_ub=17 permA=11 permB=20 saved=True
  08 group=C2xC2xC2 n=288 k=4 d_ub=16 permA=8 permB=27 saved=False
  09 group=C2xC2xC2 n=288 k=4 d_ub=16 permA=27 permB=20 saved=False
  10 group=C2xC2xC2 n=288 k=4 d_ub=16 permA=20 permB=11 saved=False

