=== mar. 20 janv. 2026 14:37:48 CET steps=2000 batch=1 seed=1768918269 ===
[pilot] base k_table top pairs:
  k_base=18 permA=0 permB=0
  k_base=12 permA=29 permB=0
  k_base=12 permA=22 permB=0
  k_base=12 permA=13 permB=0
  k_base=12 permA=6 permB=0
[pilot] A multisets raw=792 (expected=792) enum_mode=multiset cayley_unique=26 perms=30 -> total scored = 780
[pilot] B multisets raw=792 (expected=792) enum_mode=multiset cayley_unique=26 perms=30 -> total scored = 780
[pilot] A frontier kept 128 candidates with points: (4,20), (0,49)
[pilot] B frontier kept 128 candidates with points: (4,20), (0,49)
[pilot] C2xC2xC2 n=288 d0=17 A_sets=26*30 -> keep 128; B_sets=26*30 -> keep 128
[pilot] MEAS n=288 k=4 dx_ub=20 dz_ub=20 d_ub=20 steps=2000 id=C2xC2xC2_c00000
[saved] id=C2xC2xC2_c00000 -> results/c2xc2xc2_d16_20260120_143748/promising/C2xC2xC2_c00000 (reason: d>=sqrt(n))
[pilot] MEAS n=288 k=4 dx_ub=18 dz_ub=21 d_ub=18 steps=2000 id=C2xC2xC2_c00026
[saved] id=C2xC2xC2_c00026 -> results/c2xc2xc2_d16_20260120_143748/promising/C2xC2xC2_c00026 (reason: d>=sqrt(n))
[pilot] MEAS n=288 k=8 dx_ub=16 dz_ub=19 d_ub=16 steps=2000 id=C2xC2xC2_c00028
[pilot] TARGET_REJECT d_ub=15 target=16 id=C2xC2xC2_c00029
[pilot] MEAS n=288 k=8 dx_ub=16 dz_ub=19 d_ub=16 steps=2000 id=C2xC2xC2_c00055
[pilot] MEAS n=288 k=4 dx_ub=22 dz_ub=23 d_ub=22 steps=2000 id=C2xC2xC2_c00058
[saved] id=C2xC2xC2_c00058 -> results/c2xc2xc2_d16_20260120_143748/promising/C2xC2xC2_c00058 (reason: d>=sqrt(n))
[pilot] TARGET_REJECT d_ub=13 target=16 id=C2xC2xC2_c00087
[pilot] MEAS n=288 k=4 dx_ub=23 dz_ub=20 d_ub=20 steps=2000 id=C2xC2xC2_c00104
[saved] id=C2xC2xC2_c00104 -> results/c2xc2xc2_d16_20260120_143748/promising/C2xC2xC2_c00104 (reason: d>=sqrt(n))
[pilot] TARGET_REJECT d_ub=12 target=16 id=C2xC2xC2_c00121
[pilot] MEAS n=288 k=4 dx_ub=17 dz_ub=16 d_ub=16 steps=2000 id=C2xC2xC2_c00146
[pilot] MEAS n=288 k=4 dx_ub=20 dz_ub=16 d_ub=16 steps=2000 id=C2xC2xC2_c00154
[pilot] MEAS n=288 k=4 dx_ub=16 dz_ub=16 d_ub=16 steps=2000 id=C2xC2xC2_c00155
[pilot] TARGET_REJECT d_ub=12 target=16 id=C2xC2xC2_c00174
[pilot] TARGET_REJECT d_ub=12 target=16 id=C2xC2xC2_c00238
[pilot] MEAS n=288 k=4 dx_ub=16 dz_ub=19 d_ub=16 steps=2000 id=C2xC2xC2_c00265
[pilot] TARGET_REJECT d_ub=12 target=16 id=C2xC2xC2_c00285
[pilot] MEAS n=288 k=4 dx_ub=16 dz_ub=17 d_ub=16 steps=2000 id=C2xC2xC2_c00293
[pilot] MEAS n=288 k=4 dx_ub=22 dz_ub=22 d_ub=22 steps=2000 id=C2xC2xC2_c00305
[saved] id=C2xC2xC2_c00305 -> results/c2xc2xc2_d16_20260120_143748/promising/C2xC2xC2_c00305 (reason: d>=sqrt(n))
[pilot] TARGET_REJECT d_ub=14 target=16 id=C2xC2xC2_c00307
[pilot] MEAS n=288 k=4 dx_ub=20 dz_ub=22 d_ub=20 steps=2000 id=C2xC2xC2_c00340
[saved] id=C2xC2xC2_c00340 -> results/c2xc2xc2_d16_20260120_143748/promising/C2xC2xC2_c00340 (reason: d>=sqrt(n))
[pilot] TARGET_REJECT d_ub=12 target=16 id=C2xC2xC2_c00366
[pilot] TARGET_REJECT d_ub=12 target=16 id=C2xC2xC2_c00391
[pilot] MEAS n=288 k=4 dx_ub=21 dz_ub=20 d_ub=20 steps=2000 id=C2xC2xC2_c00474
[saved] id=C2xC2xC2_c00474 -> results/c2xc2xc2_d16_20260120_143748/promising/C2xC2xC2_c00474 (reason: d>=sqrt(n))
[pilot] TARGET_REJECT d_ub=14 target=16 id=C2xC2xC2_c00478
[pilot] TARGET_REJECT d_ub=15 target=16 id=C2xC2xC2_c00481
[best_by_k] group=C2xC2xC2 n=288
k  | d_ub | steps | dx_ub | dz_ub | id
 4 |   22 |  2000 |    22 |    23 | C2xC2xC2_c00058
 8 |   16 |  2000 |    16 |    19 | C2xC2xC2_c00028
[coverage] group=C2xC2xC2 A_sel=128 B_sel=128 Q_meas=25 ratio_ge_sqrt=0.000 ratio_sel=0.002
[coverage] run summary:
[coverage] group=C2xC2xC2 A_sel=128 B_sel=128 Q_meas=25 ratio_ge_sqrt=0.000 ratio_sel=0.002
[summary] best-by-k (measured; includes rejects):
  k=4 best_d_ub=22 count_measured=17 example_id=C2xC2xC2_c00058
  k=8 best_d_ub=16 count_measured=8 example_id=C2xC2xC2_c00028
[summary] best-by-k (survivors; target=16):
  k=4 best_d_ub=22 count_survivors=12 example_id=C2xC2xC2_c00058
  k=8 best_d_ub=16 count_survivors=2 example_id=C2xC2xC2_c00028
[pilot] top results:
  01 group=C2xC2xC2 n=288 k=4 d_ub=22 permA=12 permB=27 saved=True
  02 group=C2xC2xC2 n=288 k=4 d_ub=22 permA=7 permB=20 saved=True
  03 group=C2xC2xC2 n=288 k=4 d_ub=20 permA=11 permB=11 saved=True
  04 group=C2xC2xC2 n=288 k=4 d_ub=20 permA=27 permB=8 saved=True
  05 group=C2xC2xC2 n=288 k=4 d_ub=20 permA=20 permB=27 saved=True
  06 group=C2xC2xC2 n=288 k=4 d_ub=20 permA=27 permB=27 saved=True
  07 group=C2xC2xC2 n=288 k=4 d_ub=18 permA=12 permB=8 saved=True
  08 group=C2xC2xC2 n=288 k=8 d_ub=16 permA=11 permB=20 saved=False
  09 group=C2xC2xC2 n=288 k=8 d_ub=16 permA=20 permB=7 saved=False
  10 group=C2xC2xC2 n=288 k=4 d_ub=16 permA=11 permB=27 saved=False

